#
# A fatal error has been detected by the Java Runtime Environment:
#
#  EXCEPTION_ACCESS_VIOLATION (0xc0000005) at pc=0x00007ffcc459946b, pid=10908, tid=8556
#
# JRE version: OpenJDK Runtime Environment Temurin-11.0.17+8 (11.0.17+8) (build 11.0.17+8)
# Java VM: OpenJDK 64-Bit Server VM Temurin-11.0.17+8 (11.0.17+8, mixed mode, tiered, compressed oops, g1 gc, windows-amd64)
# Problematic frame:
# V  [jvm.dll+0x36946b]
#
# No core dump will be written. Minidumps are not enabled by default on client versions of Windows
#
# If you would like to submit a bug report, please visit:
#   https://github.com/adoptium/adoptium-support/issues
#

---------------  S U M M A R Y ------------

Command Line: 

Host: Intel(R) Core(TM) i5-2400 CPU @ 3.10GHz, 4 cores, 15G,  Windows 11 , 64 bit Build 22621 (10.0.22621.1105)
Time: Fri Feb 10 11:39:14 2023 Hora estándar de Venezuela elapsed time: 0.116120 seconds (0d 0h 0m 0s)

---------------  T H R E A D  ---------------

Current thread (0x000001c024cfb000):  JavaThread "main" [_thread_in_vm, id=8556, stack(0x0000005a3ab00000,0x0000005a3ac00000)]

Stack: [0x0000005a3ab00000,0x0000005a3ac00000],  sp=0x0000005a3abfdd60,  free space=1015k
Native frames: (J=compiled Java code, j=interpreted, Vv=VM code, C=native code)
V  [jvm.dll+0x36946b]
V  [jvm.dll+0x4f5b4a]
V  [jvm.dll+0x4f4347]
V  [jvm.dll+0x1d0dbf]
V  [jvm.dll+0x1c5002]
V  [jvm.dll+0x4f3815]
V  [jvm.dll+0x1d6940]
V  [jvm.dll+0x743b03]
V  [jvm.dll+0x744ed1]
V  [jvm.dll+0x745103]
V  [jvm.dll+0x24929e]
V  [jvm.dll+0x372f86]
C  0x000001c02d48dea9

Java frames: (J=compiled Java code, j=interpreted, Vv=VM code)
j  java.lang.module.ModuleDescriptor$Version.<init>(Ljava/lang/String;)V+87 java.base
j  java.lang.module.ModuleDescriptor$Version.parse(Ljava/lang/String;)Ljava/lang/module/ModuleDescriptor$Version;+5 java.base
j  jdk.internal.module.Builder.version(Ljava/lang/String;)Ljdk/internal/module/Builder;+29 java.base
j  jdk.internal.module.SystemModules$default.moduleDescriptors()[Ljava/lang/module/ModuleDescriptor;+3385 java.base
j  jdk.internal.module.SystemModuleFinders.of(Ljdk/internal/module/SystemModules;)Ljava/lang/module/ModuleFinder;+1 java.base
j  jdk.internal.module.ModuleBootstrap.boot()Ljava/lang/ModuleLayer;+243 java.base
j  java.lang.System.initPhase2(ZZ)I+0 java.base
v  ~StubRoutines::call_stub

siginfo: EXCEPTION_ACCESS_VIOLATION (0xc0000005), reading address 0x000001e0482ec918


Register to memory mapping:

RIP=0x00007ffcc459946b jvm.dll
RAX=0x0000000000000076 is an unknown value
RBX=0x000001e0482ec528 is an unknown value
RCX=0x0000000000000001 is an unknown value
RDX=0x000000000000000a is an unknown value
RSP=0x0000005a3abfdd60 is pointing into the stack for thread: 0x000001c024cfb000
RBP=0x0 is NULL
RSI=0x000001c0480ba7e8 points into unknown readable memory: 0x6f6353d5ffff0008 | 08 00 ff ff d5 53 63 6f
RDI={method} {0x000001c0482f00a8} 
[error occurred during error reporting (printing register info), id 0xc0000005, EXCEPTION_ACCESS_VIOLATION (0xc0000005) at pc=0x00007ffcc4803d63]

Registers:
RAX=0x0000000000000076, RBX=0x000001e0482ec528, RCX=0x0000000000000001, RDX=0x000000000000000a
RSP=0x0000005a3abfdd60, RBP=0x0000000000000000, RSI=0x000001c0480ba7e8, RDI=0x000001c0482f00a0
R8 =0x000000000000000a, R9 =0x000001c0480bbcc0, R10=0x000000000000000a, R11=0x000001c0482f0008
R12=0x000001c0480b7b88, R13=0x000001c0482ef508, R14=0x0000000000000000, R15=0x0000000000000014
RIP=0x00007ffcc459946b, EFLAGS=0x0000000000010206

Top of Stack: (sp=0x0000005a3abfdd60)
0x0000005a3abfdd60:   000000080001e888 000001c0480ba7e8
0x0000005a3abfdd70:   000001c048a96180 0000000000000037
0x0000005a3abfdd80:   0000005a3abfde00 00007ffcc4725b4a
0x0000005a3abfdd90:   000000080001e888 0000000000000000
0x0000005a3abfdda0:   000001c022c45fc0 000001c0480b7b88
0x0000005a3abfddb0:   000001c000000000 00007ffcc481fa55
0x0000005a3abfddc0:   000001c0480b7b88 000001c024ce2420
0x0000005a3abfddd0:   000001c0482efbc8 00000000000083b0
0x0000005a3abfdde0:   000001c048a9aac0 000001c048a9e168
0x0000005a3abfddf0:   000001c0482efbc8 000001c024cfb000
0x0000005a3abfde00:   000000080001e888 0000000000000025
0x0000005a3abfde10:   000000000000002f 0000000000000000
0x0000005a3abfde20:   0000000000200021 00007ffcc4724347
0x0000005a3abfde30:   000001c024cfb000 000001c0483d7ef0
0x0000005a3abfde40:   000001c0480bb288 000001c0480bb288
0x0000005a3abfde50:   0000000000200021 00007ffcc47f0037 

Instructions: (pc=0x00007ffcc459946b)
0x00007ffcc459936b:   48 8b 74 24 50 48 8b 7c 24 58 48 83 c4 20 41 5f
0x00007ffcc459937b:   41 5e 41 5c c3 48 83 3d 38 f1 73 00 00 44 8b 05
0x00007ffcc459938b:   3d f5 77 00 65 48 8b 04 25 58 00 00 00 b9 08 00
0x00007ffcc459939b:   00 00 4a 8b 04 c0 48 8b 14 08 48 8b b2 78 02 00
0x00007ffcc45993ab:   00 48 8b 6e 10 4c 8b 76 18 4c 8b 7e 20 4c 8b 66
0x00007ffcc45993bb:   28 0f 84 36 ff ff ff 49 8b c9 e8 36 8b 18 00 48
0x00007ffcc45993cb:   8b cf 48 8b d8 e8 2b 8b 18 00 48 8d 0d 3c ac 55
0x00007ffcc45993db:   00 e9 0c ff ff ff cc cc cc cc cc cc cc cc cc cc
0x00007ffcc45993eb:   cc cc cc cc cc 48 89 5c 24 10 48 89 6c 24 18 48
0x00007ffcc45993fb:   89 74 24 20 48 89 4c 24 08 57 41 54 41 55 41 56
0x00007ffcc459940b:   41 57 41 8b e9 4d 8b e0 48 8b f2 48 8b c1 48 85
0x00007ffcc459941b:   c9 0f 84 9f 00 00 00 44 8b 74 24 50 66 0f 1f 84
0x00007ffcc459942b:   00 00 00 00 00 4c 8b a8 98 01 00 00 45 33 d2 4d
0x00007ffcc459943b:   63 7d 00 45 8d 47 ff 45 85 c0 78 57 66 0f 1f 84
0x00007ffcc459944b:   00 00 00 00 00 43 8d 14 10 d1 fa 48 63 c2 49 8b
0x00007ffcc459945b:   7c c5 08 4c 8b 5f 08 49 8b 5b 08 41 0f b7 43 2a
0x00007ffcc459946b:   4c 8b 4c c3 40 4c 3b ce 73 07 b9 ff ff ff ff eb
0x00007ffcc459947b:   0a 33 c9 4c 3b ce 0f 95 c1 74 56 85 c9 8d 42 ff
0x00007ffcc459948b:   44 0f 49 c0 8d 42 01 41 0f 49 c2 44 8b d0 41 3b
0x00007ffcc459949b:   c0 7e b2 33 c0 48 85 c0 75 1e 48 8b 44 24 30 bd
0x00007ffcc45994ab:   01 00 00 00 48 8b 40 78 48 89 44 24 30 48 85 c0
0x00007ffcc45994bb:   0f 85 6f ff ff ff 33 c0 48 8b 5c 24 38 48 8b 6c
0x00007ffcc45994cb:   24 40 48 8b 74 24 48 41 5f 41 5e 41 5d 41 5c 5f
0x00007ffcc45994db:   c3 83 fa ff 74 bd 41 0f b7 43 2c 4c 39 64 c3 40
0x00007ffcc45994eb:   75 2a 83 fd 01 75 0d 41 0f b6 43 24 c0 e8 06 40
0x00007ffcc45994fb:   84 c5 75 18 41 83 fe 01 0f 85 04 01 00 00 8b 47
0x00007ffcc459950b:   20 d1 e8 41 84 c6 0f 84 f6 00 00 00 44 8d 5a ff
0x00007ffcc459951b:   4d 63 c3 45 85 db 78 69 4e 8d 14 c5 08 00 00 00
0x00007ffcc459952b:   4d 03 d5 66 90 49 8b 1a 49 8b f8 48 8b 4b 08 4c
0x00007ffcc459953b:   8b 49 08 0f b7 41 2a 49 39 74 c1 40 75 43 0f b7
0x00007ffcc459954b:   41 2c 4d 39 64 c1 40 75 29 83 fd 01 75 0c 0f b6
0x00007ffcc459955b:   41 24 c0 e8 06 40 84 c5 75 18 41 83 fe 01 0f 85 


Stack slot to memory mapping:
stack at sp + 0 slots: 0x000000080001e888 is a pointer to class: 
java.util.AbstractList {0x000000080001e890}
stack at sp + 1 slots: 0x000001c0480ba7e8 points into unknown readable memory: 0x6f6353d5ffff0008 | 08 00 ff ff d5 53 63 6f
stack at sp + 2 slots: 0x000001c048a96180 points into unknown readable memory: 0x0000000000000000 | 00 00 00 00 00 00 00 00
stack at sp + 3 slots: 0x0000000000000037 is an unknown value
stack at sp + 4 slots: 0x0000005a3abfde00 is pointing into the stack for thread: 0x000001c024cfb000
stack at sp + 5 slots: 0x00007ffcc4725b4a jvm.dll
stack at sp + 6 slots: 0x000000080001e888 is a pointer to class: 
java.util.AbstractList {0x000000080001e890}
stack at sp + 7 slots: 0x0 is NULL


---------------  P R O C E S S  ---------------

Threads class SMR info:
_java_thread_list=0x000001c048a5cc90, length=9, elements={
0x000001c024cfb000, 0x000001c048179800, 0x000001c04817a800, 0x000001c048a5f000,
0x000001c048a61000, 0x000001c048a64000, 0x000001c048a65000, 0x000001c048a66800,
0x000001c048a75800
}

Java Threads: ( => current thread )
=>0x000001c024cfb000 JavaThread "main" [_thread_in_vm, id=8556, stack(0x0000005a3ab00000,0x0000005a3ac00000)]
  0x000001c048179800 JavaThread "Reference Handler" daemon [_thread_blocked, id=4708, stack(0x0000005a3b200000,0x0000005a3b300000)]
  0x000001c04817a800 JavaThread "Finalizer" daemon [_thread_blocked, id=656, stack(0x0000005a3b300000,0x0000005a3b400000)]
  0x000001c048a5f000 JavaThread "Signal Dispatcher" daemon [_thread_blocked, id=6700, stack(0x0000005a3b400000,0x0000005a3b500000)]
  0x000001c048a61000 JavaThread "Attach Listener" daemon [_thread_blocked, id=12076, stack(0x0000005a3b500000,0x0000005a3b600000)]
  0x000001c048a64000 JavaThread "Service Thread" daemon [_thread_blocked, id=15160, stack(0x0000005a3b600000,0x0000005a3b700000)]
  0x000001c048a65000 JavaThread "C2 CompilerThread0" daemon [_thread_blocked, id=6644, stack(0x0000005a3b700000,0x0000005a3b800000)]
  0x000001c048a66800 JavaThread "C1 CompilerThread0" daemon [_thread_blocked, id=15848, stack(0x0000005a3b800000,0x0000005a3b900000)]
  0x000001c048a75800 JavaThread "Sweeper thread" daemon [_thread_blocked, id=244, stack(0x0000005a3b900000,0x0000005a3ba00000)]

Other Threads:
  0x000001c048154800 VMThread "VM Thread" [stack: 0x0000005a3b100000,0x0000005a3b200000] [id=10064]
  0x000001c024d15000 GCTaskThread "GC Thread#0" [stack: 0x0000005a3ac00000,0x0000005a3ad00000] [id=3780]
  0x000001c024d73000 ConcurrentGCThread "G1 Main Marker" [stack: 0x0000005a3ad00000,0x0000005a3ae00000] [id=14944]
  0x000001c024d75800 ConcurrentGCThread "G1 Conc#0" [stack: 0x0000005a3ae00000,0x0000005a3af00000] [id=13348]
  0x000001c04803e800 ConcurrentGCThread "G1 Refine#0" [stack: 0x0000005a3af00000,0x0000005a3b000000] [id=4476]
  0x000001c048041800 ConcurrentGCThread "G1 Young RemSet Sampling" [stack: 0x0000005a3b000000,0x0000005a3b100000] [id=14220]

Threads with active compile tasks:

VM state:not at safepoint (normal execution)

VM Mutex/Monitor currently owned by a thread: None

Heap address: 0x0000000700400000, size: 4092 MB, Compressed Oops mode: Zero based, Oop shift amount: 3
Narrow klass base: 0x0000000800000000, Narrow klass shift: 0
Compressed class space size: 1073741824 Address: 0x0000000800000000

Heap:
 garbage-first heap   total 262144K, used 0K [0x0000000700400000, 0x0000000800000000)
  region size 1024K, 1 young (1024K), 0 survivors (0K)
 Metaspace       used 2621K, capacity 4480K, committed 4480K, reserved 1056768K
  class space    used 206K, capacity 384K, committed 384K, reserved 1048576K
Heap Regions: E=young(eden), S=young(survivor), O=old, HS=humongous(starts), HC=humongous(continues), CS=collection set, F=free, A=archive, TAMS=top-at-mark-start (previous, next)
|   0|0x0000000700400000, 0x0000000700400000, 0x0000000700500000|  0%| F|  |TAMS 0x0000000700400000, 0x0000000700400000| Untracked 
|   1|0x0000000700500000, 0x0000000700500000, 0x0000000700600000|  0%| F|  |TAMS 0x0000000700500000, 0x0000000700500000| Untracked 
|   2|0x0000000700600000, 0x0000000700600000, 0x0000000700700000|  0%| F|  |TAMS 0x0000000700600000, 0x0000000700600000| Untracked 
|   3|0x0000000700700000, 0x0000000700700000, 0x0000000700800000|  0%| F|  |TAMS 0x0000000700700000, 0x0000000700700000| Untracked 
|   4|0x0000000700800000, 0x0000000700800000, 0x0000000700900000|  0%| F|  |TAMS 0x0000000700800000, 0x0000000700800000| Untracked 
|   5|0x0000000700900000, 0x0000000700900000, 0x0000000700a00000|  0%| F|  |TAMS 0x0000000700900000, 0x0000000700900000| Untracked 
|   6|0x0000000700a00000, 0x0000000700a00000, 0x0000000700b00000|  0%| F|  |TAMS 0x0000000700a00000, 0x0000000700a00000| Untracked 
|   7|0x0000000700b00000, 0x0000000700b00000, 0x0000000700c00000|  0%| F|  |TAMS 0x0000000700b00000, 0x0000000700b00000| Untracked 
|   8|0x0000000700c00000, 0x0000000700c00000, 0x0000000700d00000|  0%| F|  |TAMS 0x0000000700c00000, 0x0000000700c00000| Untracked 
|   9|0x0000000700d00000, 0x0000000700d00000, 0x0000000700e00000|  0%| F|  |TAMS 0x0000000700d00000, 0x0000000700d00000| Untracked 
|  10|0x0000000700e00000, 0x0000000700e00000, 0x0000000700f00000|  0%| F|  |TAMS 0x0000000700e00000, 0x0000000700e00000| Untracked 
|  11|0x0000000700f00000, 0x0000000700f00000, 0x0000000701000000|  0%| F|  |TAMS 0x0000000700f00000, 0x0000000700f00000| Untracked 
|  12|0x0000000701000000, 0x0000000701000000, 0x0000000701100000|  0%| F|  |TAMS 0x0000000701000000, 0x0000000701000000| Untracked 
|  13|0x0000000701100000, 0x0000000701100000, 0x0000000701200000|  0%| F|  |TAMS 0x0000000701100000, 0x0000000701100000| Untracked 
|  14|0x0000000701200000, 0x0000000701200000, 0x0000000701300000|  0%| F|  |TAMS 0x0000000701200000, 0x0000000701200000| Untracked 
|  15|0x0000000701300000, 0x0000000701300000, 0x0000000701400000|  0%| F|  |TAMS 0x0000000701300000, 0x0000000701300000| Untracked 
|  16|0x0000000701400000, 0x0000000701400000, 0x0000000701500000|  0%| F|  |TAMS 0x0000000701400000, 0x0000000701400000| Untracked 
|  17|0x0000000701500000, 0x0000000701500000, 0x0000000701600000|  0%| F|  |TAMS 0x0000000701500000, 0x0000000701500000| Untracked 
|  18|0x0000000701600000, 0x0000000701600000, 0x0000000701700000|  0%| F|  |TAMS 0x0000000701600000, 0x0000000701600000| Untracked 
|  19|0x0000000701700000, 0x0000000701700000, 0x0000000701800000|  0%| F|  |TAMS 0x0000000701700000, 0x0000000701700000| Untracked 
|  20|0x0000000701800000, 0x0000000701800000, 0x0000000701900000|  0%| F|  |TAMS 0x0000000701800000, 0x0000000701800000| Untracked 
|  21|0x0000000701900000, 0x0000000701900000, 0x0000000701a00000|  0%| F|  |TAMS 0x0000000701900000, 0x0000000701900000| Untracked 
|  22|0x0000000701a00000, 0x0000000701a00000, 0x0000000701b00000|  0%| F|  |TAMS 0x0000000701a00000, 0x0000000701a00000| Untracked 
|  23|0x0000000701b00000, 0x0000000701b00000, 0x0000000701c00000|  0%| F|  |TAMS 0x0000000701b00000, 0x0000000701b00000| Untracked 
|  24|0x0000000701c00000, 0x0000000701c00000, 0x0000000701d00000|  0%| F|  |TAMS 0x0000000701c00000, 0x0000000701c00000| Untracked 
|  25|0x0000000701d00000, 0x0000000701d00000, 0x0000000701e00000|  0%| F|  |TAMS 0x0000000701d00000, 0x0000000701d00000| Untracked 
|  26|0x0000000701e00000, 0x0000000701e00000, 0x0000000701f00000|  0%| F|  |TAMS 0x0000000701e00000, 0x0000000701e00000| Untracked 
|  27|0x0000000701f00000, 0x0000000701f00000, 0x0000000702000000|  0%| F|  |TAMS 0x0000000701f00000, 0x0000000701f00000| Untracked 
|  28|0x0000000702000000, 0x0000000702000000, 0x0000000702100000|  0%| F|  |TAMS 0x0000000702000000, 0x0000000702000000| Untracked 
|  29|0x0000000702100000, 0x0000000702100000, 0x0000000702200000|  0%| F|  |TAMS 0x0000000702100000, 0x0000000702100000| Untracked 
|  30|0x0000000702200000, 0x0000000702200000, 0x0000000702300000|  0%| F|  |TAMS 0x0000000702200000, 0x0000000702200000| Untracked 
|  31|0x0000000702300000, 0x0000000702300000, 0x0000000702400000|  0%| F|  |TAMS 0x0000000702300000, 0x0000000702300000| Untracked 
|  32|0x0000000702400000, 0x0000000702400000, 0x0000000702500000|  0%| F|  |TAMS 0x0000000702400000, 0x0000000702400000| Untracked 
|  33|0x0000000702500000, 0x0000000702500000, 0x0000000702600000|  0%| F|  |TAMS 0x0000000702500000, 0x0000000702500000| Untracked 
|  34|0x0000000702600000, 0x0000000702600000, 0x0000000702700000|  0%| F|  |TAMS 0x0000000702600000, 0x0000000702600000| Untracked 
|  35|0x0000000702700000, 0x0000000702700000, 0x0000000702800000|  0%| F|  |TAMS 0x0000000702700000, 0x0000000702700000| Untracked 
|  36|0x0000000702800000, 0x0000000702800000, 0x0000000702900000|  0%| F|  |TAMS 0x0000000702800000, 0x0000000702800000| Untracked 
|  37|0x0000000702900000, 0x0000000702900000, 0x0000000702a00000|  0%| F|  |TAMS 0x0000000702900000, 0x0000000702900000| Untracked 
|  38|0x0000000702a00000, 0x0000000702a00000, 0x0000000702b00000|  0%| F|  |TAMS 0x0000000702a00000, 0x0000000702a00000| Untracked 
|  39|0x0000000702b00000, 0x0000000702b00000, 0x0000000702c00000|  0%| F|  |TAMS 0x0000000702b00000, 0x0000000702b00000| Untracked 
|  40|0x0000000702c00000, 0x0000000702c00000, 0x0000000702d00000|  0%| F|  |TAMS 0x0000000702c00000, 0x0000000702c00000| Untracked 
|  41|0x0000000702d00000, 0x0000000702d00000, 0x0000000702e00000|  0%| F|  |TAMS 0x0000000702d00000, 0x0000000702d00000| Untracked 
|  42|0x0000000702e00000, 0x0000000702e00000, 0x0000000702f00000|  0%| F|  |TAMS 0x0000000702e00000, 0x0000000702e00000| Untracked 
|  43|0x0000000702f00000, 0x0000000702f00000, 0x0000000703000000|  0%| F|  |TAMS 0x0000000702f00000, 0x0000000702f00000| Untracked 
|  44|0x0000000703000000, 0x0000000703000000, 0x0000000703100000|  0%| F|  |TAMS 0x0000000703000000, 0x0000000703000000| Untracked 
|  45|0x0000000703100000, 0x0000000703100000, 0x0000000703200000|  0%| F|  |TAMS 0x0000000703100000, 0x0000000703100000| Untracked 
|  46|0x0000000703200000, 0x0000000703200000, 0x0000000703300000|  0%| F|  |TAMS 0x0000000703200000, 0x0000000703200000| Untracked 
|  47|0x0000000703300000, 0x0000000703300000, 0x0000000703400000|  0%| F|  |TAMS 0x0000000703300000, 0x0000000703300000| Untracked 
|  48|0x0000000703400000, 0x0000000703400000, 0x0000000703500000|  0%| F|  |TAMS 0x0000000703400000, 0x0000000703400000| Untracked 
|  49|0x0000000703500000, 0x0000000703500000, 0x0000000703600000|  0%| F|  |TAMS 0x0000000703500000, 0x0000000703500000| Untracked 
|  50|0x0000000703600000, 0x0000000703600000, 0x0000000703700000|  0%| F|  |TAMS 0x0000000703600000, 0x0000000703600000| Untracked 
|  51|0x0000000703700000, 0x0000000703700000, 0x0000000703800000|  0%| F|  |TAMS 0x0000000703700000, 0x0000000703700000| Untracked 
|  52|0x0000000703800000, 0x0000000703800000, 0x0000000703900000|  0%| F|  |TAMS 0x0000000703800000, 0x0000000703800000| Untracked 
|  53|0x0000000703900000, 0x0000000703900000, 0x0000000703a00000|  0%| F|  |TAMS 0x0000000703900000, 0x0000000703900000| Untracked 
|  54|0x0000000703a00000, 0x0000000703a00000, 0x0000000703b00000|  0%| F|  |TAMS 0x0000000703a00000, 0x0000000703a00000| Untracked 
|  55|0x0000000703b00000, 0x0000000703b00000, 0x0000000703c00000|  0%| F|  |TAMS 0x0000000703b00000, 0x0000000703b00000| Untracked 
|  56|0x0000000703c00000, 0x0000000703c00000, 0x0000000703d00000|  0%| F|  |TAMS 0x0000000703c00000, 0x0000000703c00000| Untracked 
|  57|0x0000000703d00000, 0x0000000703d00000, 0x0000000703e00000|  0%| F|  |TAMS 0x0000000703d00000, 0x0000000703d00000| Untracked 
|  58|0x0000000703e00000, 0x0000000703e00000, 0x0000000703f00000|  0%| F|  |TAMS 0x0000000703e00000, 0x0000000703e00000| Untracked 
|  59|0x0000000703f00000, 0x0000000703f00000, 0x0000000704000000|  0%| F|  |TAMS 0x0000000703f00000, 0x0000000703f00000| Untracked 
|  60|0x0000000704000000, 0x0000000704000000, 0x0000000704100000|  0%| F|  |TAMS 0x0000000704000000, 0x0000000704000000| Untracked 
|  61|0x0000000704100000, 0x0000000704100000, 0x0000000704200000|  0%| F|  |TAMS 0x0000000704100000, 0x0000000704100000| Untracked 
|  62|0x0000000704200000, 0x0000000704200000, 0x0000000704300000|  0%| F|  |TAMS 0x0000000704200000, 0x0000000704200000| Untracked 
|  63|0x0000000704300000, 0x0000000704300000, 0x0000000704400000|  0%| F|  |TAMS 0x0000000704300000, 0x0000000704300000| Untracked 
|  64|0x0000000704400000, 0x0000000704400000, 0x0000000704500000|  0%| F|  |TAMS 0x0000000704400000, 0x0000000704400000| Untracked 
|  65|0x0000000704500000, 0x0000000704500000, 0x0000000704600000|  0%| F|  |TAMS 0x0000000704500000, 0x0000000704500000| Untracked 
|  66|0x0000000704600000, 0x0000000704600000, 0x0000000704700000|  0%| F|  |TAMS 0x0000000704600000, 0x0000000704600000| Untracked 
|  67|0x0000000704700000, 0x0000000704700000, 0x0000000704800000|  0%| F|  |TAMS 0x0000000704700000, 0x0000000704700000| Untracked 
|  68|0x0000000704800000, 0x0000000704800000, 0x0000000704900000|  0%| F|  |TAMS 0x0000000704800000, 0x0000000704800000| Untracked 
|  69|0x0000000704900000, 0x0000000704900000, 0x0000000704a00000|  0%| F|  |TAMS 0x0000000704900000, 0x0000000704900000| Untracked 
|  70|0x0000000704a00000, 0x0000000704a00000, 0x0000000704b00000|  0%| F|  |TAMS 0x0000000704a00000, 0x0000000704a00000| Untracked 
|  71|0x0000000704b00000, 0x0000000704b00000, 0x0000000704c00000|  0%| F|  |TAMS 0x0000000704b00000, 0x0000000704b00000| Untracked 
|  72|0x0000000704c00000, 0x0000000704c00000, 0x0000000704d00000|  0%| F|  |TAMS 0x0000000704c00000, 0x0000000704c00000| Untracked 
|  73|0x0000000704d00000, 0x0000000704d00000, 0x0000000704e00000|  0%| F|  |TAMS 0x0000000704d00000, 0x0000000704d00000| Untracked 
|  74|0x0000000704e00000, 0x0000000704e00000, 0x0000000704f00000|  0%| F|  |TAMS 0x0000000704e00000, 0x0000000704e00000| Untracked 
|  75|0x0000000704f00000, 0x0000000704f00000, 0x0000000705000000|  0%| F|  |TAMS 0x0000000704f00000, 0x0000000704f00000| Untracked 
|  76|0x0000000705000000, 0x0000000705000000, 0x0000000705100000|  0%| F|  |TAMS 0x0000000705000000, 0x0000000705000000| Untracked 
|  77|0x0000000705100000, 0x0000000705100000, 0x0000000705200000|  0%| F|  |TAMS 0x0000000705100000, 0x0000000705100000| Untracked 
|  78|0x0000000705200000, 0x0000000705200000, 0x0000000705300000|  0%| F|  |TAMS 0x0000000705200000, 0x0000000705200000| Untracked 
|  79|0x0000000705300000, 0x0000000705300000, 0x0000000705400000|  0%| F|  |TAMS 0x0000000705300000, 0x0000000705300000| Untracked 
|  80|0x0000000705400000, 0x0000000705400000, 0x0000000705500000|  0%| F|  |TAMS 0x0000000705400000, 0x0000000705400000| Untracked 
|  81|0x0000000705500000, 0x0000000705500000, 0x0000000705600000|  0%| F|  |TAMS 0x0000000705500000, 0x0000000705500000| Untracked 
|  82|0x0000000705600000, 0x0000000705600000, 0x0000000705700000|  0%| F|  |TAMS 0x0000000705600000, 0x0000000705600000| Untracked 
|  83|0x0000000705700000, 0x0000000705700000, 0x0000000705800000|  0%| F|  |TAMS 0x0000000705700000, 0x0000000705700000| Untracked 
|  84|0x0000000705800000, 0x0000000705800000, 0x0000000705900000|  0%| F|  |TAMS 0x0000000705800000, 0x0000000705800000| Untracked 
|  85|0x0000000705900000, 0x0000000705900000, 0x0000000705a00000|  0%| F|  |TAMS 0x0000000705900000, 0x0000000705900000| Untracked 
|  86|0x0000000705a00000, 0x0000000705a00000, 0x0000000705b00000|  0%| F|  |TAMS 0x0000000705a00000, 0x0000000705a00000| Untracked 
|  87|0x0000000705b00000, 0x0000000705b00000, 0x0000000705c00000|  0%| F|  |TAMS 0x0000000705b00000, 0x0000000705b00000| Untracked 
|  88|0x0000000705c00000, 0x0000000705c00000, 0x0000000705d00000|  0%| F|  |TAMS 0x0000000705c00000, 0x0000000705c00000| Untracked 
|  89|0x0000000705d00000, 0x0000000705d00000, 0x0000000705e00000|  0%| F|  |TAMS 0x0000000705d00000, 0x0000000705d00000| Untracked 
|  90|0x0000000705e00000, 0x0000000705e00000, 0x0000000705f00000|  0%| F|  |TAMS 0x0000000705e00000, 0x0000000705e00000| Untracked 
|  91|0x0000000705f00000, 0x0000000705f00000, 0x0000000706000000|  0%| F|  |TAMS 0x0000000705f00000, 0x0000000705f00000| Untracked 
|  92|0x0000000706000000, 0x0000000706000000, 0x0000000706100000|  0%| F|  |TAMS 0x0000000706000000, 0x0000000706000000| Untracked 
|  93|0x0000000706100000, 0x0000000706100000, 0x0000000706200000|  0%| F|  |TAMS 0x0000000706100000, 0x0000000706100000| Untracked 
|  94|0x0000000706200000, 0x0000000706200000, 0x0000000706300000|  0%| F|  |TAMS 0x0000000706200000, 0x0000000706200000| Untracked 
|  95|0x0000000706300000, 0x0000000706300000, 0x0000000706400000|  0%| F|  |TAMS 0x0000000706300000, 0x0000000706300000| Untracked 
|  96|0x0000000706400000, 0x0000000706400000, 0x0000000706500000|  0%| F|  |TAMS 0x0000000706400000, 0x0000000706400000| Untracked 
|  97|0x0000000706500000, 0x0000000706500000, 0x0000000706600000|  0%| F|  |TAMS 0x0000000706500000, 0x0000000706500000| Untracked 
|  98|0x0000000706600000, 0x0000000706600000, 0x0000000706700000|  0%| F|  |TAMS 0x0000000706600000, 0x0000000706600000| Untracked 
|  99|0x0000000706700000, 0x0000000706700000, 0x0000000706800000|  0%| F|  |TAMS 0x0000000706700000, 0x0000000706700000| Untracked 
| 100|0x0000000706800000, 0x0000000706800000, 0x0000000706900000|  0%| F|  |TAMS 0x0000000706800000, 0x0000000706800000| Untracked 
| 101|0x0000000706900000, 0x0000000706900000, 0x0000000706a00000|  0%| F|  |TAMS 0x0000000706900000, 0x0000000706900000| Untracked 
| 102|0x0000000706a00000, 0x0000000706a00000, 0x0000000706b00000|  0%| F|  |TAMS 0x0000000706a00000, 0x0000000706a00000| Untracked 
| 103|0x0000000706b00000, 0x0000000706b00000, 0x0000000706c00000|  0%| F|  |TAMS 0x0000000706b00000, 0x0000000706b00000| Untracked 
| 104|0x0000000706c00000, 0x0000000706c00000, 0x0000000706d00000|  0%| F|  |TAMS 0x0000000706c00000, 0x0000000706c00000| Untracked 
| 105|0x0000000706d00000, 0x0000000706d00000, 0x0000000706e00000|  0%| F|  |TAMS 0x0000000706d00000, 0x0000000706d00000| Untracked 
| 106|0x0000000706e00000, 0x0000000706e00000, 0x0000000706f00000|  0%| F|  |TAMS 0x0000000706e00000, 0x0000000706e00000| Untracked 
| 107|0x0000000706f00000, 0x0000000706f00000, 0x0000000707000000|  0%| F|  |TAMS 0x0000000706f00000, 0x0000000706f00000| Untracked 
| 108|0x0000000707000000, 0x0000000707000000, 0x0000000707100000|  0%| F|  |TAMS 0x0000000707000000, 0x0000000707000000| Untracked 
| 109|0x0000000707100000, 0x0000000707100000, 0x0000000707200000|  0%| F|  |TAMS 0x0000000707100000, 0x0000000707100000| Untracked 
| 110|0x0000000707200000, 0x0000000707200000, 0x0000000707300000|  0%| F|  |TAMS 0x0000000707200000, 0x0000000707200000| Untracked 
| 111|0x0000000707300000, 0x0000000707300000, 0x0000000707400000|  0%| F|  |TAMS 0x0000000707300000, 0x0000000707300000| Untracked 
| 112|0x0000000707400000, 0x0000000707400000, 0x0000000707500000|  0%| F|  |TAMS 0x0000000707400000, 0x0000000707400000| Untracked 
| 113|0x0000000707500000, 0x0000000707500000, 0x0000000707600000|  0%| F|  |TAMS 0x0000000707500000, 0x0000000707500000| Untracked 
| 114|0x0000000707600000, 0x0000000707600000, 0x0000000707700000|  0%| F|  |TAMS 0x0000000707600000, 0x0000000707600000| Untracked 
| 115|0x0000000707700000, 0x0000000707700000, 0x0000000707800000|  0%| F|  |TAMS 0x0000000707700000, 0x0000000707700000| Untracked 
| 116|0x0000000707800000, 0x0000000707800000, 0x0000000707900000|  0%| F|  |TAMS 0x0000000707800000, 0x0000000707800000| Untracked 
| 117|0x0000000707900000, 0x0000000707900000, 0x0000000707a00000|  0%| F|  |TAMS 0x0000000707900000, 0x0000000707900000| Untracked 
| 118|0x0000000707a00000, 0x0000000707a00000, 0x0000000707b00000|  0%| F|  |TAMS 0x0000000707a00000, 0x0000000707a00000| Untracked 
| 119|0x0000000707b00000, 0x0000000707b00000, 0x0000000707c00000|  0%| F|  |TAMS 0x0000000707b00000, 0x0000000707b00000| Untracked 
| 120|0x0000000707c00000, 0x0000000707c00000, 0x0000000707d00000|  0%| F|  |TAMS 0x0000000707c00000, 0x0000000707c00000| Untracked 
| 121|0x0000000707d00000, 0x0000000707d00000, 0x0000000707e00000|  0%| F|  |TAMS 0x0000000707d00000, 0x0000000707d00000| Untracked 
| 122|0x0000000707e00000, 0x0000000707e00000, 0x0000000707f00000|  0%| F|  |TAMS 0x0000000707e00000, 0x0000000707e00000| Untracked 
| 123|0x0000000707f00000, 0x0000000707f00000, 0x0000000708000000|  0%| F|  |TAMS 0x0000000707f00000, 0x0000000707f00000| Untracked 
| 124|0x0000000708000000, 0x0000000708000000, 0x0000000708100000|  0%| F|  |TAMS 0x0000000708000000, 0x0000000708000000| Untracked 
| 125|0x0000000708100000, 0x0000000708100000, 0x0000000708200000|  0%| F|  |TAMS 0x0000000708100000, 0x0000000708100000| Untracked 
| 126|0x0000000708200000, 0x0000000708200000, 0x0000000708300000|  0%| F|  |TAMS 0x0000000708200000, 0x0000000708200000| Untracked 
| 127|0x0000000708300000, 0x0000000708300000, 0x0000000708400000|  0%| F|  |TAMS 0x0000000708300000, 0x0000000708300000| Untracked 
| 128|0x0000000708400000, 0x0000000708400000, 0x0000000708500000|  0%| F|  |TAMS 0x0000000708400000, 0x0000000708400000| Untracked 
| 129|0x0000000708500000, 0x0000000708500000, 0x0000000708600000|  0%| F|  |TAMS 0x0000000708500000, 0x0000000708500000| Untracked 
| 130|0x0000000708600000, 0x0000000708600000, 0x0000000708700000|  0%| F|  |TAMS 0x0000000708600000, 0x0000000708600000| Untracked 
| 131|0x0000000708700000, 0x0000000708700000, 0x0000000708800000|  0%| F|  |TAMS 0x0000000708700000, 0x0000000708700000| Untracked 
| 132|0x0000000708800000, 0x0000000708800000, 0x0000000708900000|  0%| F|  |TAMS 0x0000000708800000, 0x0000000708800000| Untracked 
| 133|0x0000000708900000, 0x0000000708900000, 0x0000000708a00000|  0%| F|  |TAMS 0x0000000708900000, 0x0000000708900000| Untracked 
| 134|0x0000000708a00000, 0x0000000708a00000, 0x0000000708b00000|  0%| F|  |TAMS 0x0000000708a00000, 0x0000000708a00000| Untracked 
| 135|0x0000000708b00000, 0x0000000708b00000, 0x0000000708c00000|  0%| F|  |TAMS 0x0000000708b00000, 0x0000000708b00000| Untracked 
| 136|0x0000000708c00000, 0x0000000708c00000, 0x0000000708d00000|  0%| F|  |TAMS 0x0000000708c00000, 0x0000000708c00000| Untracked 
| 137|0x0000000708d00000, 0x0000000708d00000, 0x0000000708e00000|  0%| F|  |TAMS 0x0000000708d00000, 0x0000000708d00000| Untracked 
| 138|0x0000000708e00000, 0x0000000708e00000, 0x0000000708f00000|  0%| F|  |TAMS 0x0000000708e00000, 0x0000000708e00000| Untracked 
| 139|0x0000000708f00000, 0x0000000708f00000, 0x0000000709000000|  0%| F|  |TAMS 0x0000000708f00000, 0x0000000708f00000| Untracked 
| 140|0x0000000709000000, 0x0000000709000000, 0x0000000709100000|  0%| F|  |TAMS 0x0000000709000000, 0x0000000709000000| Untracked 
| 141|0x0000000709100000, 0x0000000709100000, 0x0000000709200000|  0%| F|  |TAMS 0x0000000709100000, 0x0000000709100000| Untracked 
| 142|0x0000000709200000, 0x0000000709200000, 0x0000000709300000|  0%| F|  |TAMS 0x0000000709200000, 0x0000000709200000| Untracked 
| 143|0x0000000709300000, 0x0000000709300000, 0x0000000709400000|  0%| F|  |TAMS 0x0000000709300000, 0x0000000709300000| Untracked 
| 144|0x0000000709400000, 0x0000000709400000, 0x0000000709500000|  0%| F|  |TAMS 0x0000000709400000, 0x0000000709400000| Untracked 
| 145|0x0000000709500000, 0x0000000709500000, 0x0000000709600000|  0%| F|  |TAMS 0x0000000709500000, 0x0000000709500000| Untracked 
| 146|0x0000000709600000, 0x0000000709600000, 0x0000000709700000|  0%| F|  |TAMS 0x0000000709600000, 0x0000000709600000| Untracked 
| 147|0x0000000709700000, 0x0000000709700000, 0x0000000709800000|  0%| F|  |TAMS 0x0000000709700000, 0x0000000709700000| Untracked 
| 148|0x0000000709800000, 0x0000000709800000, 0x0000000709900000|  0%| F|  |TAMS 0x0000000709800000, 0x0000000709800000| Untracked 
| 149|0x0000000709900000, 0x0000000709900000, 0x0000000709a00000|  0%| F|  |TAMS 0x0000000709900000, 0x0000000709900000| Untracked 
| 150|0x0000000709a00000, 0x0000000709a00000, 0x0000000709b00000|  0%| F|  |TAMS 0x0000000709a00000, 0x0000000709a00000| Untracked 
| 151|0x0000000709b00000, 0x0000000709b00000, 0x0000000709c00000|  0%| F|  |TAMS 0x0000000709b00000, 0x0000000709b00000| Untracked 
| 152|0x0000000709c00000, 0x0000000709c00000, 0x0000000709d00000|  0%| F|  |TAMS 0x0000000709c00000, 0x0000000709c00000| Untracked 
| 153|0x0000000709d00000, 0x0000000709d00000, 0x0000000709e00000|  0%| F|  |TAMS 0x0000000709d00000, 0x0000000709d00000| Untracked 
| 154|0x0000000709e00000, 0x0000000709e00000, 0x0000000709f00000|  0%| F|  |TAMS 0x0000000709e00000, 0x0000000709e00000| Untracked 
| 155|0x0000000709f00000, 0x0000000709f00000, 0x000000070a000000|  0%| F|  |TAMS 0x0000000709f00000, 0x0000000709f00000| Untracked 
| 156|0x000000070a000000, 0x000000070a000000, 0x000000070a100000|  0%| F|  |TAMS 0x000000070a000000, 0x000000070a000000| Untracked 
| 157|0x000000070a100000, 0x000000070a100000, 0x000000070a200000|  0%| F|  |TAMS 0x000000070a100000, 0x000000070a100000| Untracked 
| 158|0x000000070a200000, 0x000000070a200000, 0x000000070a300000|  0%| F|  |TAMS 0x000000070a200000, 0x000000070a200000| Untracked 
| 159|0x000000070a300000, 0x000000070a300000, 0x000000070a400000|  0%| F|  |TAMS 0x000000070a300000, 0x000000070a300000| Untracked 
| 160|0x000000070a400000, 0x000000070a400000, 0x000000070a500000|  0%| F|  |TAMS 0x000000070a400000, 0x000000070a400000| Untracked 
| 161|0x000000070a500000, 0x000000070a500000, 0x000000070a600000|  0%| F|  |TAMS 0x000000070a500000, 0x000000070a500000| Untracked 
| 162|0x000000070a600000, 0x000000070a600000, 0x000000070a700000|  0%| F|  |TAMS 0x000000070a600000, 0x000000070a600000| Untracked 
| 163|0x000000070a700000, 0x000000070a700000, 0x000000070a800000|  0%| F|  |TAMS 0x000000070a700000, 0x000000070a700000| Untracked 
| 164|0x000000070a800000, 0x000000070a800000, 0x000000070a900000|  0%| F|  |TAMS 0x000000070a800000, 0x000000070a800000| Untracked 
| 165|0x000000070a900000, 0x000000070a900000, 0x000000070aa00000|  0%| F|  |TAMS 0x000000070a900000, 0x000000070a900000| Untracked 
| 166|0x000000070aa00000, 0x000000070aa00000, 0x000000070ab00000|  0%| F|  |TAMS 0x000000070aa00000, 0x000000070aa00000| Untracked 
| 167|0x000000070ab00000, 0x000000070ab00000, 0x000000070ac00000|  0%| F|  |TAMS 0x000000070ab00000, 0x000000070ab00000| Untracked 
| 168|0x000000070ac00000, 0x000000070ac00000, 0x000000070ad00000|  0%| F|  |TAMS 0x000000070ac00000, 0x000000070ac00000| Untracked 
| 169|0x000000070ad00000, 0x000000070ad00000, 0x000000070ae00000|  0%| F|  |TAMS 0x000000070ad00000, 0x000000070ad00000| Untracked 
| 170|0x000000070ae00000, 0x000000070ae00000, 0x000000070af00000|  0%| F|  |TAMS 0x000000070ae00000, 0x000000070ae00000| Untracked 
| 171|0x000000070af00000, 0x000000070af00000, 0x000000070b000000|  0%| F|  |TAMS 0x000000070af00000, 0x000000070af00000| Untracked 
| 172|0x000000070b000000, 0x000000070b000000, 0x000000070b100000|  0%| F|  |TAMS 0x000000070b000000, 0x000000070b000000| Untracked 
| 173|0x000000070b100000, 0x000000070b100000, 0x000000070b200000|  0%| F|  |TAMS 0x000000070b100000, 0x000000070b100000| Untracked 
| 174|0x000000070b200000, 0x000000070b200000, 0x000000070b300000|  0%| F|  |TAMS 0x000000070b200000, 0x000000070b200000| Untracked 
| 175|0x000000070b300000, 0x000000070b300000, 0x000000070b400000|  0%| F|  |TAMS 0x000000070b300000, 0x000000070b300000| Untracked 
| 176|0x000000070b400000, 0x000000070b400000, 0x000000070b500000|  0%| F|  |TAMS 0x000000070b400000, 0x000000070b400000| Untracked 
| 177|0x000000070b500000, 0x000000070b500000, 0x000000070b600000|  0%| F|  |TAMS 0x000000070b500000, 0x000000070b500000| Untracked 
| 178|0x000000070b600000, 0x000000070b600000, 0x000000070b700000|  0%| F|  |TAMS 0x000000070b600000, 0x000000070b600000| Untracked 
| 179|0x000000070b700000, 0x000000070b700000, 0x000000070b800000|  0%| F|  |TAMS 0x000000070b700000, 0x000000070b700000| Untracked 
| 180|0x000000070b800000, 0x000000070b800000, 0x000000070b900000|  0%| F|  |TAMS 0x000000070b800000, 0x000000070b800000| Untracked 
| 181|0x000000070b900000, 0x000000070b900000, 0x000000070ba00000|  0%| F|  |TAMS 0x000000070b900000, 0x000000070b900000| Untracked 
| 182|0x000000070ba00000, 0x000000070ba00000, 0x000000070bb00000|  0%| F|  |TAMS 0x000000070ba00000, 0x000000070ba00000| Untracked 
| 183|0x000000070bb00000, 0x000000070bb00000, 0x000000070bc00000|  0%| F|  |TAMS 0x000000070bb00000, 0x000000070bb00000| Untracked 
| 184|0x000000070bc00000, 0x000000070bc00000, 0x000000070bd00000|  0%| F|  |TAMS 0x000000070bc00000, 0x000000070bc00000| Untracked 
| 185|0x000000070bd00000, 0x000000070bd00000, 0x000000070be00000|  0%| F|  |TAMS 0x000000070bd00000, 0x000000070bd00000| Untracked 
| 186|0x000000070be00000, 0x000000070be00000, 0x000000070bf00000|  0%| F|  |TAMS 0x000000070be00000, 0x000000070be00000| Untracked 
| 187|0x000000070bf00000, 0x000000070bf00000, 0x000000070c000000|  0%| F|  |TAMS 0x000000070bf00000, 0x000000070bf00000| Untracked 
| 188|0x000000070c000000, 0x000000070c000000, 0x000000070c100000|  0%| F|  |TAMS 0x000000070c000000, 0x000000070c000000| Untracked 
| 189|0x000000070c100000, 0x000000070c100000, 0x000000070c200000|  0%| F|  |TAMS 0x000000070c100000, 0x000000070c100000| Untracked 
| 190|0x000000070c200000, 0x000000070c200000, 0x000000070c300000|  0%| F|  |TAMS 0x000000070c200000, 0x000000070c200000| Untracked 
| 191|0x000000070c300000, 0x000000070c300000, 0x000000070c400000|  0%| F|  |TAMS 0x000000070c300000, 0x000000070c300000| Untracked 
| 192|0x000000070c400000, 0x000000070c400000, 0x000000070c500000|  0%| F|  |TAMS 0x000000070c400000, 0x000000070c400000| Untracked 
| 193|0x000000070c500000, 0x000000070c500000, 0x000000070c600000|  0%| F|  |TAMS 0x000000070c500000, 0x000000070c500000| Untracked 
| 194|0x000000070c600000, 0x000000070c600000, 0x000000070c700000|  0%| F|  |TAMS 0x000000070c600000, 0x000000070c600000| Untracked 
| 195|0x000000070c700000, 0x000000070c700000, 0x000000070c800000|  0%| F|  |TAMS 0x000000070c700000, 0x000000070c700000| Untracked 
| 196|0x000000070c800000, 0x000000070c800000, 0x000000070c900000|  0%| F|  |TAMS 0x000000070c800000, 0x000000070c800000| Untracked 
| 197|0x000000070c900000, 0x000000070c900000, 0x000000070ca00000|  0%| F|  |TAMS 0x000000070c900000, 0x000000070c900000| Untracked 
| 198|0x000000070ca00000, 0x000000070ca00000, 0x000000070cb00000|  0%| F|  |TAMS 0x000000070ca00000, 0x000000070ca00000| Untracked 
| 199|0x000000070cb00000, 0x000000070cb00000, 0x000000070cc00000|  0%| F|  |TAMS 0x000000070cb00000, 0x000000070cb00000| Untracked 
| 200|0x000000070cc00000, 0x000000070cc00000, 0x000000070cd00000|  0%| F|  |TAMS 0x000000070cc00000, 0x000000070cc00000| Untracked 
| 201|0x000000070cd00000, 0x000000070cd00000, 0x000000070ce00000|  0%| F|  |TAMS 0x000000070cd00000, 0x000000070cd00000| Untracked 
| 202|0x000000070ce00000, 0x000000070ce00000, 0x000000070cf00000|  0%| F|  |TAMS 0x000000070ce00000, 0x000000070ce00000| Untracked 
| 203|0x000000070cf00000, 0x000000070cf00000, 0x000000070d000000|  0%| F|  |TAMS 0x000000070cf00000, 0x000000070cf00000| Untracked 
| 204|0x000000070d000000, 0x000000070d000000, 0x000000070d100000|  0%| F|  |TAMS 0x000000070d000000, 0x000000070d000000| Untracked 
| 205|0x000000070d100000, 0x000000070d100000, 0x000000070d200000|  0%| F|  |TAMS 0x000000070d100000, 0x000000070d100000| Untracked 
| 206|0x000000070d200000, 0x000000070d200000, 0x000000070d300000|  0%| F|  |TAMS 0x000000070d200000, 0x000000070d200000| Untracked 
| 207|0x000000070d300000, 0x000000070d300000, 0x000000070d400000|  0%| F|  |TAMS 0x000000070d300000, 0x000000070d300000| Untracked 
| 208|0x000000070d400000, 0x000000070d400000, 0x000000070d500000|  0%| F|  |TAMS 0x000000070d400000, 0x000000070d400000| Untracked 
| 209|0x000000070d500000, 0x000000070d500000, 0x000000070d600000|  0%| F|  |TAMS 0x000000070d500000, 0x000000070d500000| Untracked 
| 210|0x000000070d600000, 0x000000070d600000, 0x000000070d700000|  0%| F|  |TAMS 0x000000070d600000, 0x000000070d600000| Untracked 
| 211|0x000000070d700000, 0x000000070d700000, 0x000000070d800000|  0%| F|  |TAMS 0x000000070d700000, 0x000000070d700000| Untracked 
| 212|0x000000070d800000, 0x000000070d800000, 0x000000070d900000|  0%| F|  |TAMS 0x000000070d800000, 0x000000070d800000| Untracked 
| 213|0x000000070d900000, 0x000000070d900000, 0x000000070da00000|  0%| F|  |TAMS 0x000000070d900000, 0x000000070d900000| Untracked 
| 214|0x000000070da00000, 0x000000070da00000, 0x000000070db00000|  0%| F|  |TAMS 0x000000070da00000, 0x000000070da00000| Untracked 
| 215|0x000000070db00000, 0x000000070db00000, 0x000000070dc00000|  0%| F|  |TAMS 0x000000070db00000, 0x000000070db00000| Untracked 
| 216|0x000000070dc00000, 0x000000070dc00000, 0x000000070dd00000|  0%| F|  |TAMS 0x000000070dc00000, 0x000000070dc00000| Untracked 
| 217|0x000000070dd00000, 0x000000070dd00000, 0x000000070de00000|  0%| F|  |TAMS 0x000000070dd00000, 0x000000070dd00000| Untracked 
| 218|0x000000070de00000, 0x000000070de00000, 0x000000070df00000|  0%| F|  |TAMS 0x000000070de00000, 0x000000070de00000| Untracked 
| 219|0x000000070df00000, 0x000000070df00000, 0x000000070e000000|  0%| F|  |TAMS 0x000000070df00000, 0x000000070df00000| Untracked 
| 220|0x000000070e000000, 0x000000070e000000, 0x000000070e100000|  0%| F|  |TAMS 0x000000070e000000, 0x000000070e000000| Untracked 
| 221|0x000000070e100000, 0x000000070e100000, 0x000000070e200000|  0%| F|  |TAMS 0x000000070e100000, 0x000000070e100000| Untracked 
| 222|0x000000070e200000, 0x000000070e200000, 0x000000070e300000|  0%| F|  |TAMS 0x000000070e200000, 0x000000070e200000| Untracked 
| 223|0x000000070e300000, 0x000000070e300000, 0x000000070e400000|  0%| F|  |TAMS 0x000000070e300000, 0x000000070e300000| Untracked 
| 224|0x000000070e400000, 0x000000070e400000, 0x000000070e500000|  0%| F|  |TAMS 0x000000070e400000, 0x000000070e400000| Untracked 
| 225|0x000000070e500000, 0x000000070e500000, 0x000000070e600000|  0%| F|  |TAMS 0x000000070e500000, 0x000000070e500000| Untracked 
| 226|0x000000070e600000, 0x000000070e600000, 0x000000070e700000|  0%| F|  |TAMS 0x000000070e600000, 0x000000070e600000| Untracked 
| 227|0x000000070e700000, 0x000000070e700000, 0x000000070e800000|  0%| F|  |TAMS 0x000000070e700000, 0x000000070e700000| Untracked 
| 228|0x000000070e800000, 0x000000070e800000, 0x000000070e900000|  0%| F|  |TAMS 0x000000070e800000, 0x000000070e800000| Untracked 
| 229|0x000000070e900000, 0x000000070e900000, 0x000000070ea00000|  0%| F|  |TAMS 0x000000070e900000, 0x000000070e900000| Untracked 
| 230|0x000000070ea00000, 0x000000070ea00000, 0x000000070eb00000|  0%| F|  |TAMS 0x000000070ea00000, 0x000000070ea00000| Untracked 
| 231|0x000000070eb00000, 0x000000070eb00000, 0x000000070ec00000|  0%| F|  |TAMS 0x000000070eb00000, 0x000000070eb00000| Untracked 
| 232|0x000000070ec00000, 0x000000070ec00000, 0x000000070ed00000|  0%| F|  |TAMS 0x000000070ec00000, 0x000000070ec00000| Untracked 
| 233|0x000000070ed00000, 0x000000070ed00000, 0x000000070ee00000|  0%| F|  |TAMS 0x000000070ed00000, 0x000000070ed00000| Untracked 
| 234|0x000000070ee00000, 0x000000070ee00000, 0x000000070ef00000|  0%| F|  |TAMS 0x000000070ee00000, 0x000000070ee00000| Untracked 
| 235|0x000000070ef00000, 0x000000070ef00000, 0x000000070f000000|  0%| F|  |TAMS 0x000000070ef00000, 0x000000070ef00000| Untracked 
| 236|0x000000070f000000, 0x000000070f000000, 0x000000070f100000|  0%| F|  |TAMS 0x000000070f000000, 0x000000070f000000| Untracked 
| 237|0x000000070f100000, 0x000000070f100000, 0x000000070f200000|  0%| F|  |TAMS 0x000000070f100000, 0x000000070f100000| Untracked 
| 238|0x000000070f200000, 0x000000070f200000, 0x000000070f300000|  0%| F|  |TAMS 0x000000070f200000, 0x000000070f200000| Untracked 
| 239|0x000000070f300000, 0x000000070f300000, 0x000000070f400000|  0%| F|  |TAMS 0x000000070f300000, 0x000000070f300000| Untracked 
| 240|0x000000070f400000, 0x000000070f400000, 0x000000070f500000|  0%| F|  |TAMS 0x000000070f400000, 0x000000070f400000| Untracked 
| 241|0x000000070f500000, 0x000000070f500000, 0x000000070f600000|  0%| F|  |TAMS 0x000000070f500000, 0x000000070f500000| Untracked 
| 242|0x000000070f600000, 0x000000070f600000, 0x000000070f700000|  0%| F|  |TAMS 0x000000070f600000, 0x000000070f600000| Untracked 
| 243|0x000000070f700000, 0x000000070f700000, 0x000000070f800000|  0%| F|  |TAMS 0x000000070f700000, 0x000000070f700000| Untracked 
| 244|0x000000070f800000, 0x000000070f800000, 0x000000070f900000|  0%| F|  |TAMS 0x000000070f800000, 0x000000070f800000| Untracked 
| 245|0x000000070f900000, 0x000000070f900000, 0x000000070fa00000|  0%| F|  |TAMS 0x000000070f900000, 0x000000070f900000| Untracked 
| 246|0x000000070fa00000, 0x000000070fa00000, 0x000000070fb00000|  0%| F|  |TAMS 0x000000070fa00000, 0x000000070fa00000| Untracked 
| 247|0x000000070fb00000, 0x000000070fb00000, 0x000000070fc00000|  0%| F|  |TAMS 0x000000070fb00000, 0x000000070fb00000| Untracked 
| 248|0x000000070fc00000, 0x000000070fc00000, 0x000000070fd00000|  0%| F|  |TAMS 0x000000070fc00000, 0x000000070fc00000| Untracked 
| 249|0x000000070fd00000, 0x000000070fd00000, 0x000000070fe00000|  0%| F|  |TAMS 0x000000070fd00000, 0x000000070fd00000| Untracked 
| 250|0x000000070fe00000, 0x000000070fe00000, 0x000000070ff00000|  0%| F|  |TAMS 0x000000070fe00000, 0x000000070fe00000| Untracked 
| 251|0x000000070ff00000, 0x000000070ff00000, 0x0000000710000000|  0%| F|  |TAMS 0x000000070ff00000, 0x000000070ff00000| Untracked 
| 252|0x0000000710000000, 0x0000000710000000, 0x0000000710100000|  0%| F|  |TAMS 0x0000000710000000, 0x0000000710000000| Untracked 
| 253|0x0000000710100000, 0x0000000710100000, 0x0000000710200000|  0%| F|  |TAMS 0x0000000710100000, 0x0000000710100000| Untracked 
| 254|0x0000000710200000, 0x0000000710200000, 0x0000000710300000|  0%| F|  |TAMS 0x0000000710200000, 0x0000000710200000| Untracked 
| 255|0x0000000710300000, 0x000000071038f690, 0x0000000710400000| 56%| E|  |TAMS 0x0000000710300000, 0x0000000710300000| Complete 

Card table byte_map: [0x000001c03cc70000,0x000001c03d470000] _byte_map_base: 0x000001c03946e000

Marking Bits (Prev, Next): (CMBitMap*) 0x000001c024d615e8, (CMBitMap*) 0x000001c024d61620
 Prev Bits: [0x000001c03dc70000, 0x000001c041c60000)
 Next Bits: [0x000001c041c60000, 0x000001c045c50000)

Polling page: 0x000001c022d10000

Metaspace:

Usage:
  Non-class:      4.00 MB capacity,     2.36 MB ( 59%) used,     1.64 MB ( 41%) free+waste,    64 bytes ( <1%) overhead. 
      Class:    384.00 KB capacity,   206.37 KB ( 54%) used,   177.57 KB ( 46%) free+waste,    64 bytes ( <1%) overhead. 
       Both:      4.38 MB capacity,     2.56 MB ( 59%) used,     1.81 MB ( 41%) free+waste,   128 bytes ( <1%) overhead. 

Virtual space:
  Non-class space:        8.00 MB reserved,       4.00 MB ( 50%) committed 
      Class space:        1.00 GB reserved,     384.00 KB ( <1%) committed 
             Both:        1.01 GB reserved,       4.38 MB ( <1%) committed 

Chunk freelists:
   Non-Class:  0 bytes
       Class:  0 bytes
        Both:  0 bytes

MaxMetaspaceSize: 17179869184.00 GB
CompressedClassSpaceSize: 1.00 GB
Initial GC threshold: 20.80 MB
Current GC threshold: 20.80 MB
CDS: off

CodeHeap 'non-profiled nmethods': size=120064Kb used=0Kb max_used=0Kb free=120064Kb
 bounds [0x000001c034f30000, 0x000001c0351a0000, 0x000001c03c470000]
CodeHeap 'profiled nmethods': size=120000Kb used=11Kb max_used=11Kb free=119988Kb
 bounds [0x000001c02da00000, 0x000001c02dc70000, 0x000001c034f30000]
CodeHeap 'non-nmethods': size=5696Kb used=1006Kb max_used=1018Kb free=4689Kb
 bounds [0x000001c02d470000, 0x000001c02d6e0000, 0x000001c02da00000]
 total_blobs=232 nmethods=9 adapters=137
 compilation: enabled
              stopped_count=0, restarted_count=0
 full_count=0

Compilation events (18 events):
Event: 0.059 Thread 0x000001c048a66800    1       3       java.lang.StringLatin1::hashCode (42 bytes)
Event: 0.060 Thread 0x000001c048a66800 nmethod 1 0x000001c02da00010 code [0x000001c02da001c0, 0x000001c02da00378]
Event: 0.060 Thread 0x000001c048a66800    2       3       java.util.concurrent.ConcurrentHashMap::tabAt (22 bytes)
Event: 0.060 Thread 0x000001c048a66800 nmethod 2 0x000001c02da00490 code [0x000001c02da00660, 0x000001c02da00958]
Event: 0.065 Thread 0x000001c048a66800    3       3       java.lang.String::coder (15 bytes)
Event: 0.066 Thread 0x000001c048a66800 nmethod 3 0x000001c02da00a10 code [0x000001c02da00bc0, 0x000001c02da00cf8]
Event: 0.066 Thread 0x000001c048a66800    4       3       java.lang.Object::<init> (1 bytes)
Event: 0.066 Thread 0x000001c048a66800 nmethod 4 0x000001c02da00d90 code [0x000001c02da00f40, 0x000001c02da01038]
Event: 0.066 Thread 0x000001c048a66800    5       3       java.lang.String::isLatin1 (19 bytes)
Event: 0.067 Thread 0x000001c048a66800 nmethod 5 0x000001c02da01110 code [0x000001c02da012c0, 0x000001c02da01438]
Event: 0.067 Thread 0x000001c048a66800    6       3       java.lang.String::hashCode (49 bytes)
Event: 0.067 Thread 0x000001c048a66800 nmethod 6 0x000001c02da01510 code [0x000001c02da01700, 0x000001c02da01b08]
Event: 0.067 Thread 0x000001c048a66800    7       3       java.lang.Math::floorMod (10 bytes)
Event: 0.068 Thread 0x000001c048a66800 nmethod 7 0x000001c02da01c90 code [0x000001c02da01e40, 0x000001c02da02038]
Event: 0.068 Thread 0x000001c048a66800    8       3       java.lang.Math::floorDiv (22 bytes)
Event: 0.068 Thread 0x000001c048a66800 nmethod 8 0x000001c02da02110 code [0x000001c02da022c0, 0x000001c02da02458]
Event: 0.068 Thread 0x000001c048a66800    9       3       java.util.ImmutableCollections$SetN::probe (56 bytes)
Event: 0.069 Thread 0x000001c048a66800 nmethod 9 0x000001c02da02510 code [0x000001c02da02700, 0x000001c02da02cb8]

GC Heap History (0 events):
No events

Deoptimization events (0 events):
No events

Classes redefined (0 events):
No events

Internal exceptions (0 events):
No events

Events (20 events):
Event: 0.063 loading class jdk/internal/module/SystemModules
Event: 0.063 loading class jdk/internal/module/SystemModules done
Event: 0.063 loading class jdk/internal/module/SystemModules$default done
Event: 0.064 loading class jdk/internal/module/Builder
Event: 0.064 loading class jdk/internal/module/Builder done
Event: 0.064 loading class java/lang/module/ModuleDescriptor$Requires
Event: 0.064 loading class java/lang/module/ModuleDescriptor$Requires done
Event: 0.064 loading class java/lang/module/ModuleDescriptor$Exports
Event: 0.064 loading class java/lang/module/ModuleDescriptor$Exports done
Event: 0.067 loading class java/lang/module/ModuleDescriptor$Opens
Event: 0.067 loading class java/lang/module/ModuleDescriptor$Opens done
Event: 0.067 loading class java/lang/module/ModuleDescriptor$Provides
Event: 0.067 loading class java/lang/module/ModuleDescriptor$Provides done
Event: 0.068 loading class java/util/ImmutableCollections$List12
Event: 0.068 loading class java/util/ImmutableCollections$AbstractImmutableList
Event: 0.068 loading class java/util/ImmutableCollections$AbstractImmutableList done
Event: 0.068 loading class java/util/ImmutableCollections$List12 done
Event: 0.068 loading class java/lang/module/ModuleDescriptor$Version
Event: 0.068 loading class java/lang/module/ModuleDescriptor$Version done
Event: 0.068 loading class java/util/ArrayList


Dynamic libraries:
0x00007ff6e2f00000 - 0x00007ff6e2f0d000 	C:\Program Files\Eclipse Adoptium\jdk-11.0.17.8-hotspot\bin\java.exe
0x00007ffd141d0000 - 0x00007ffd143e4000 	C:\Windows\SYSTEM32\ntdll.dll
0x00007ffd12e50000 - 0x00007ffd12f13000 	C:\Windows\System32\KERNEL32.DLL
0x00007ffd11950000 - 0x00007ffd11ced000 	C:\Windows\System32\KERNELBASE.dll
0x00007ffd11790000 - 0x00007ffd118a1000 	C:\Windows\System32\ucrtbase.dll
0x00007ffcfd440000 - 0x00007ffcfd457000 	C:\Program Files\Eclipse Adoptium\jdk-11.0.17.8-hotspot\bin\jli.dll
0x00007ffcfd420000 - 0x00007ffcfd435000 	C:\Program Files\Eclipse Adoptium\jdk-11.0.17.8-hotspot\bin\VCRUNTIME140.dll
0x00007ffd13fe0000 - 0x00007ffd1418d000 	C:\Windows\System32\USER32.dll
0x00007ffd115f0000 - 0x00007ffd11616000 	C:\Windows\System32\win32u.dll
0x00007ffd107c0000 - 0x00007ffd10a4e000 	C:\Windows\WinSxS\amd64_microsoft.windows.common-controls_6595b64144ccf1df_6.0.22621.608_none_a9444ca7c10bb01d\COMCTL32.dll
0x00007ffd129d0000 - 0x00007ffd129f9000 	C:\Windows\System32\GDI32.dll
0x00007ffd13e30000 - 0x00007ffd13ed7000 	C:\Windows\System32\msvcrt.dll
0x00007ffd11cf0000 - 0x00007ffd11e02000 	C:\Windows\System32\gdi32full.dll
0x00007ffd118b0000 - 0x00007ffd1194a000 	C:\Windows\System32\msvcp_win.dll
0x00007ffd13f90000 - 0x00007ffd13fc2000 	C:\Windows\System32\IMM32.DLL
0x00007ffce1b80000 - 0x00007ffce1c1b000 	C:\Program Files\Eclipse Adoptium\jdk-11.0.17.8-hotspot\bin\msvcp140.dll
0x00007ffcc4230000 - 0x00007ffcc4db2000 	C:\Program Files\Eclipse Adoptium\jdk-11.0.17.8-hotspot\bin\server\jvm.dll
0x00007ffd12a80000 - 0x00007ffd12b2e000 	C:\Windows\System32\ADVAPI32.dll
0x00007ffd13ee0000 - 0x00007ffd13f84000 	C:\Windows\System32\sechost.dll
0x00007ffd12b40000 - 0x00007ffd12c55000 	C:\Windows\System32\RPCRT4.dll
0x00007ffd12610000 - 0x00007ffd12618000 	C:\Windows\System32\PSAPI.DLL
0x00007ffd0bf20000 - 0x00007ffd0bf29000 	C:\Windows\SYSTEM32\WSOCK32.dll
0x00007ffd0ddb0000 - 0x00007ffd0ddba000 	C:\Windows\SYSTEM32\VERSION.dll
0x00007ffd083e0000 - 0x00007ffd08414000 	C:\Windows\SYSTEM32\WINMM.dll
0x00007ffd12640000 - 0x00007ffd126b1000 	C:\Windows\System32\WS2_32.dll
0x00007ffd0ff70000 - 0x00007ffd0ff88000 	C:\Windows\SYSTEM32\kernel.appcore.dll
0x00007ffd0be00000 - 0x00007ffd0be10000 	C:\Program Files\Eclipse Adoptium\jdk-11.0.17.8-hotspot\bin\verify.dll
0x00007ffd10f60000 - 0x00007ffd1118e000 	C:\Windows\SYSTEM32\DBGHELP.DLL
0x00007ffd13980000 - 0x00007ffd13d0a000 	C:\Windows\System32\combase.dll
0x00007ffd128f0000 - 0x00007ffd129c7000 	C:\Windows\System32\OLEAUT32.dll
0x00007ffd10dd0000 - 0x00007ffd10e02000 	C:\Windows\SYSTEM32\dbgcore.DLL
0x00007ffd11f40000 - 0x00007ffd11fbb000 	C:\Windows\System32\bcryptPrimitives.dll
0x00007ffcfd3f0000 - 0x00007ffcfd418000 	C:\Program Files\Eclipse Adoptium\jdk-11.0.17.8-hotspot\bin\java.dll
0x00007ffcfd3e0000 - 0x00007ffcfd3ea000 	C:\Program Files\Eclipse Adoptium\jdk-11.0.17.8-hotspot\bin\jimage.dll
0x00007ffcf7840000 - 0x00007ffcf7858000 	C:\Program Files\Eclipse Adoptium\jdk-11.0.17.8-hotspot\bin\zip.dll
0x00007ffd13190000 - 0x00007ffd1397f000 	C:\Windows\System32\SHELL32.dll
0x00007ffd0ec30000 - 0x00007ffd0f4f8000 	C:\Windows\SYSTEM32\windows.storage.dll
0x00007ffd0eaf0000 - 0x00007ffd0ec2e000 	C:\Windows\SYSTEM32\wintypes.dll
0x00007ffd13030000 - 0x00007ffd13121000 	C:\Windows\System32\SHCORE.dll
0x00007ffd12a20000 - 0x00007ffd12a7e000 	C:\Windows\System32\shlwapi.dll
0x00007ffd11520000 - 0x00007ffd11541000 	C:\Windows\SYSTEM32\profapi.dll

dbghelp: loaded successfully - version: 4.0.5 - missing functions: none
symbol engine: initialized successfully - sym options: 0x614 - pdb path: .;C:\Program Files\Eclipse Adoptium\jdk-11.0.17.8-hotspot\bin;C:\Windows\SYSTEM32;C:\Windows\WinSxS\amd64_microsoft.windows.common-controls_6595b64144ccf1df_6.0.22621.608_none_a9444ca7c10bb01d;C:\Program Files\Eclipse Adoptium\jdk-11.0.17.8-hotspot\bin\server

VM Arguments:
java_command: <unknown>
java_class_path (initial): <not set>
Launcher Type: SUN_STANDARD

[Global flags]
     intx CICompilerCount                          = 3                                         {product} {ergonomic}
     uint ConcGCThreads                            = 1                                         {product} {ergonomic}
     uint G1ConcRefinementThreads                  = 4                                         {product} {ergonomic}
   size_t G1HeapRegionSize                         = 1048576                                   {product} {ergonomic}
    uintx GCDrainStackTargetSize                   = 64                                        {product} {ergonomic}
   size_t InitialHeapSize                          = 268435456                                 {product} {ergonomic}
   size_t MarkStackSize                            = 4194304                                   {product} {ergonomic}
   size_t MaxHeapSize                              = 4290772992                                {product} {ergonomic}
   size_t MaxNewSize                               = 2574254080                                {product} {ergonomic}
   size_t MinHeapDeltaBytes                        = 1048576                                   {product} {ergonomic}
    uintx NonNMethodCodeHeapSize                   = 5830732                                {pd product} {ergonomic}
    uintx NonProfiledCodeHeapSize                  = 122913754                              {pd product} {ergonomic}
    uintx ProfiledCodeHeapSize                     = 122913754                              {pd product} {ergonomic}
    uintx ReservedCodeCacheSize                    = 251658240                              {pd product} {ergonomic}
     bool SegmentedCodeCache                       = true                                      {product} {ergonomic}
     bool UseCompressedClassPointers               = true                                 {lp64_product} {ergonomic}
     bool UseCompressedOops                        = true                                 {lp64_product} {ergonomic}
     bool UseG1GC                                  = true                                      {product} {ergonomic}
     bool UseLargePagesIndividualAllocation        = false                                  {pd product} {ergonomic}

Logging:
Log output configuration:
 #0: stdout all=warning uptime,level,tags
 #1: stderr all=off uptime,level,tags

Environment Variables:
PATH=C:\Users\carri\ReactNative_Projects\ReactNativeElements\android\node_modules\.bin;C:\Users\carri\ReactNative_Projects\ReactNativeElements\node_modules\.bin;C:\Users\carri\ReactNative_Projects\node_modules\.bin;C:\Users\carri\node_modules\.bin;C:\Users\node_modules\.bin;C:\node_modules\.bin;C:\Program Files\nodejs;C:\Users\carri\ReactNative_Projects\ReactNativeElements\node_modules\.bin;C:\Users\carri\ReactNative_Projects\ReactNativeElements\node_modules\.bin;C:\Users\carri\ReactNative_Projects\node_modules\.bin;C:\Users\carri\node_modules\.bin;C:\Users\node_modules\.bin;C:\node_modules\.bin;C:\Program Files\nodejs\node_modules\npm\node_modules\@npmcli\run-script\lib\node-gyp-bin;C:\Program Files (x86)\NVIDIA Corporation\PhysX\Common;C:\Program Files\Eclipse Adoptium\jdk-11.0.17.8-hotspot\bin;C:\ProgramData\Oracle\Java\javapath;C:\Windows\system32;C:\Windows;C:\Windows\System32\Wbem;C:\Windows\System32\WindowsPowerShell\v1.0\;C:\Windows\System32\OpenSSH\;C:\Program Files\nodejs\;C:\ProgramData\chocolatey\bin;%LOCALAPPDATA%\Android\Sdk\platform-tools;C:\Program Files\Docker\Docker\resources\bin;C:\Program Files\Git\cmd;C:\Users\carri\AppData\Local\Microsoft\WindowsApps;C:\Users\carri\AppData\Local\Programs\Microsoft VS Code\bin;C:\Users\carri\AppData\Roaming\npm
USERNAME=carri
OS=Windows_NT
PROCESSOR_IDENTIFIER=Intel64 Family 6 Model 42 Stepping 7, GenuineIntel
TMP=C:\Users\carri\AppData\Local\Temp
TEMP=C:\Users\carri\AppData\Local\Temp



---------------  S Y S T E M  ---------------

OS: Windows 11 , 64 bit Build 22621 (10.0.22621.1105)
OS uptime: 1 days 18:35 hours
Hyper-V role detected

CPU:total 4 (initial active 4) (4 cores per cpu, 1 threads per core) family 6 model 42 stepping 7 microcode 0x2f, cmov, cx8, fxsr, mmx, sse, sse2, sse3, ssse3, sse4.1, sse4.2, popcnt, avx, aes, clmul, tsc, tscinvbit

Memory: 4k page, system-wide physical 16366M (9087M free)
TotalPageFile size 17390M (AvailPageFile size 8515M)
current process WorkingSet (physical memory assigned to process): 32M, peak: 32M
current process commit charge ("private bytes"): 327M, peak: 327M

vm_info: OpenJDK 64-Bit Server VM (11.0.17+8) for windows-amd64 JRE (11.0.17+8), built on Oct 19 2022 00:04:05 by "" with MS VC++ 15.9 (VS2017)

END.
