#
# A fatal error has been detected by the Java Runtime Environment:
#
#  EXCEPTION_ACCESS_VIOLATION (0xc0000005) at pc=0x0000021e6f48d947, pid=5532, tid=7104
#
# JRE version: OpenJDK Runtime Environment Temurin-11.0.17+8 (11.0.17+8) (build 11.0.17+8)
# Java VM: OpenJDK 64-Bit Server VM Temurin-11.0.17+8 (11.0.17+8, mixed mode, tiered, compressed oops, g1 gc, windows-amd64)
# Problematic frame:
# j  org.gradle.internal.instantiation.generator.AsmBackedClassGenerator$ClassBuilderImpl.generateModelObjectMethods()V+85
#
# No core dump will be written. Minidumps are not enabled by default on client versions of Windows
#
# If you would like to submit a bug report, please visit:
#   https://github.com/adoptium/adoptium-support/issues
#

---------------  S U M M A R Y ------------

Command Line: -XX:MaxMetaspaceSize=512m --add-opens=java.base/java.util=ALL-UNNAMED --add-opens=java.base/java.lang=ALL-UNNAMED --add-opens=java.base/java.lang.invoke=ALL-UNNAMED --add-opens=java.base/java.util=ALL-UNNAMED --add-opens=java.prefs/java.util.prefs=ALL-UNNAMED --add-opens=java.prefs/java.util.prefs=ALL-UNNAMED --add-opens=java.base/java.nio.charset=ALL-UNNAMED --add-opens=java.base/java.net=ALL-UNNAMED --add-opens=java.base/java.util.concurrent.atomic=ALL-UNNAMED -Xmx2048m -Dfile.encoding=windows-1252 -Duser.country=VE -Duser.language=es -Duser.variant org.gradle.launcher.daemon.bootstrap.GradleDaemon 7.5.1

Host: Intel(R) Core(TM) i5-2400 CPU @ 3.10GHz, 4 cores, 15G,  Windows 11 , 64 bit Build 22621 (10.0.22621.963)
Time: Mon Feb 13 13:35:03 2023 Hora estándar de Venezuela elapsed time: 4.040665 seconds (0d 0h 0m 4s)

---------------  T H R E A D  ---------------

Current thread (0x0000021e072e1800):  JavaThread "Daemon worker" [_thread_in_Java, id=7104, stack(0x000000efecc00000,0x000000efecd00000)]

Stack: [0x000000efecc00000,0x000000efecd00000],  sp=0x000000efeccfb2b8,  free space=1004k
Native frames: (J=compiled Java code, j=interpreted, Vv=VM code, C=native code)
C  0x0000021e6f48d947


siginfo: EXCEPTION_ACCESS_VIOLATION (0xc0000005), reading address 0x000001008e47f7c8


Register to memory mapping:

RIP=0x0000021e6f48d947 is at code_begin+359 in an Interpreter codelet
invokedynamic  186 invokedynamic  [0x0000021e6f48d7e0, 0x0000021e6f48dae0]  768 bytes
RAX=0x000000008e47f640 is an oop: [Ljava.lang.Object; 
{0x000000008e47f640} - klass: 'java/lang/Object'[]
 - length: 164
RBX=0x000000400000005e is an unknown value
RCX=0x0000021e0ae45528 is pointing into metadata
RDX=0x0000000083400002 is an unallocated location in the heap
RSP=0x000000efeccfb2b8 is pointing into the stack for thread: 0x0000021e072e1800
RBP=0x000000efeccfb328 is pointing into the stack for thread: 0x0000021e072e1800
RSI=0x0 is NULL
RDI=0x0000000000000002 is an unknown value
R8 =0x000000efeccfb0c8 is pointing into the stack for thread: 0x0000021e072e1800
R9 =0x000000efeccfb229 is pointing into the stack for thread: 0x0000021e072e1800
R10=0x0 is NULL
R11=0x0000000000000246 is an unknown value
R12=0x0 is NULL
R13=0x0000021e0ae2ce5d is pointing into metadata
R14=0x000000efeccfb338 is pointing into the stack for thread: 0x0000021e072e1800
R15=0x0000021e072e1800 is a thread


Registers:
RAX=0x000000008e47f640, RBX=0x000000400000005e, RCX=0x0000021e0ae45528, RDX=0x0000000083400002
RSP=0x000000efeccfb2b8, RBP=0x000000efeccfb328, RSI=0x0000000000000000, RDI=0x0000000000000002
R8 =0x000000efeccfb0c8, R9 =0x000000efeccfb229, R10=0x0000000000000000, R11=0x0000000000000246
R12=0x0000000000000000, R13=0x0000021e0ae2ce5d, R14=0x000000efeccfb338, R15=0x0000021e072e1800
RIP=0x0000021e6f48d947, EFLAGS=0x0000000000010206

Top of Stack: (sp=0x000000efeccfb2b8)
0x000000efeccfb2b8:   0000021e7f8f9580 000000008e320e68
0x000000efeccfb2c8:   000000008e3202e0 000000008e248108
0x000000efeccfb2d8:   000000008e320e68 000000efeccfb2e0
0x000000efeccfb2e8:   0000021e0ae2ce5d 000000efeccfb338
0x000000efeccfb2f8:   0000021e0ae45528 0000000000000000
0x000000efeccfb308:   000000008e47eeb8 0000021e0ae2ce88
0x000000efeccfb318:   0000000000000000 000000efeccfb338
0x000000efeccfb328:   000000efeccfb388 0000021e6f47a4c3
0x000000efeccfb338:   000000008e320e68 000000efeccfb340
0x000000efeccfb348:   0000021e0ae2b1b0 000000efeccfb3a8
0x000000efeccfb358:   0000021e0ae45528 0000000000000000
0x000000efeccfb368:   000000008e47eeb8 0000021e0ae2b228
0x000000efeccfb378:   000000efeccfb338 000000efeccfb3a8
0x000000efeccfb388:   000000efeccfb3f8 0000021e6f47a4c3
0x000000efeccfb398:   000000008e3a9760 000000008e3a9780
0x000000efeccfb3a8:   000000008e320e68 000000efeccfb3b0 

Instructions: (pc=0x0000021e6f48d947)
0x0000021e6f48d847:   00 00 bb ba 00 00 00 e8 05 00 00 00 e9 ad 00 00
0x0000021e6f48d857:   00 48 8b d3 48 8d 44 24 08 4c 89 6d c0 49 8b cf
0x0000021e6f48d867:   c5 f8 77 49 89 af 38 03 00 00 49 89 87 28 03 00
0x0000021e6f48d877:   00 48 83 ec 20 f7 c4 0f 00 00 00 0f 84 1a 00 00
0x0000021e6f48d887:   00 48 83 ec 08 49 ba 90 75 d2 4a fc 7f 00 00 41
0x0000021e6f48d897:   ff d2 48 83 c4 08 e9 0d 00 00 00 49 ba 90 75 d2
0x0000021e6f48d8a7:   4a fc 7f 00 00 41 ff d2 48 83 c4 20 49 ba 00 00
0x0000021e6f48d8b7:   00 00 00 00 00 00 4d 89 97 28 03 00 00 49 ba 00
0x0000021e6f48d8c7:   00 00 00 00 00 00 00 4d 89 97 38 03 00 00 49 ba
0x0000021e6f48d8d7:   00 00 00 00 00 00 00 00 4d 89 97 30 03 00 00 c5
0x0000021e6f48d8e7:   f8 77 49 81 7f 08 00 00 00 00 0f 84 05 00 00 00
0x0000021e6f48d8f7:   e9 04 36 fe ff 4c 8b 6d c0 4c 8b 75 c8 c3 41 8b
0x0000021e6f48d907:   55 01 f7 d2 48 8b 4d d0 c1 e2 02 48 8b 5c d1 28
0x0000021e6f48d917:   48 8b 44 d1 30 8b 54 d1 38 f7 c2 00 00 00 01 0f
0x0000021e6f48d927:   84 21 00 00 00 53 48 8b d8 48 8b 45 e8 48 8b 40
0x0000021e6f48d937:   08 48 8b 40 08 48 8b 40 10 48 8b 40 10 48 8b 00
0x0000021e6f48d947:   8b 44 98 10 5b 50 c1 ea 1c 49 ba 70 a0 47 4b fc
0x0000021e6f48d957:   7f 00 00 49 8b 14 d2 52 4c 8b 6d d8 4d 85 ed 0f
0x0000021e6f48d967:   84 12 00 00 00 49 83 45 08 01 49 83 5d 08 00 49
0x0000021e6f48d977:   83 c5 10 4c 89 6d d8 48 8b 55 d8 48 85 d2 0f 84
0x0000021e6f48d987:   2f 01 00 00 80 7a f0 0a 0f 85 25 01 00 00 48 83
0x0000021e6f48d997:   c2 08 4c 8b 6a f8 41 83 ed 00 41 83 fd 02 0f 8c
0x0000021e6f48d9a7:   04 01 00 00 4c 8b 6b 08 45 0f b7 6d 34 4c 2b 2a
0x0000021e6f48d9b7:   41 83 ed 01 4e 8b 6c ec 08 4d 85 ed 75 0a 48 81
0x0000021e6f48d9c7:   4a 08 01 00 00 00 eb 4d 45 8b 6d 08 49 c1 e5 03
0x0000021e6f48d9d7:   4c 33 6a 08 49 f7 c5 fc ff ff ff 74 38 49 f7 c5
0x0000021e6f48d9e7:   02 00 00 00 75 2f 48 81 7a 08 00 00 00 00 74 21
0x0000021e6f48d9f7:   48 81 7a 08 01 00 00 00 74 17 4c 33 6a 08 49 f7
0x0000021e6f48da07:   c5 fc ff ff ff 74 0e 48 81 4a 08 02 00 00 00 eb
0x0000021e6f48da17:   04 4c 89 6a 08 48 83 c2 10 4c 8b 6a e8 41 83 ed
0x0000021e6f48da27:   02 41 83 fd 02 0f 8c 7d 00 00 00 4c 8b 6b 08 45
0x0000021e6f48da37:   0f b7 6d 34 4c 2b 2a 41 83 ed 01 4e 8b 6c ec 08 


Stack slot to memory mapping:
stack at sp + 0 slots: {method} {0x0000021e7f8f9588} 'linkToTargetMethod' '(Ljava/lang/Object;Ljava/lang/Object;)Ljava/lang/Object;' in 'java/lang/invoke/Invokers$Holder'
stack at sp + 1 slots: 0x000000008e320e68 is an oop: org.gradle.internal.instantiation.generator.AsmBackedClassGenerator$ClassBuilderImpl 
{0x000000008e320e68} - klass: 'org/gradle/internal/instantiation/generator/AsmBackedClassGenerator$ClassBuilderImpl'
stack at sp + 2 slots: 0x000000008e3202e0 is an oop: java.lang.String 
{0x000000008e3202e0} - klass: 'java/lang/String'
stack at sp + 3 slots: 0x000000008e248108 is an oop: java.lang.String 
{0x000000008e248108} - klass: 'java/lang/String'
stack at sp + 4 slots: 0x000000008e320e68 is an oop: org.gradle.internal.instantiation.generator.AsmBackedClassGenerator$ClassBuilderImpl 
{0x000000008e320e68} - klass: 'org/gradle/internal/instantiation/generator/AsmBackedClassGenerator$ClassBuilderImpl'
stack at sp + 5 slots: 0x000000efeccfb2e0 is pointing into the stack for thread: 0x0000021e072e1800
stack at sp + 6 slots: 0x0000021e0ae2ce5d is pointing into metadata
stack at sp + 7 slots: 0x000000efeccfb338 is pointing into the stack for thread: 0x0000021e072e1800

invokedynamic  186 invokedynamic  [0x0000021e6f48d7e0, 0x0000021e6f48dae0]  768 bytes

---------------  P R O C E S S  ---------------

Threads class SMR info:
_java_thread_list=0x0000021e08b7f030, length=23, elements={
0x0000021e66d01800, 0x0000021e06021800, 0x0000021e0602d000, 0x0000021e0607b000,
0x0000021e0607c000, 0x0000021e0607d800, 0x0000021e06080800, 0x0000021e0608d000,
0x0000021e06099800, 0x0000021e061f1000, 0x0000021e08549000, 0x0000021e08218800,
0x0000021e064b9800, 0x0000021e08400800, 0x0000021e07387800, 0x0000021e07857800,
0x0000021e072e1800, 0x0000021e0836d000, 0x0000021e08d59000, 0x0000021e08578800,
0x0000021e082d3000, 0x0000021e082cf000, 0x0000021e082d2800
}

Java Threads: ( => current thread )
  0x0000021e66d01800 JavaThread "main" [_thread_blocked, id=9912, stack(0x000000efeb100000,0x000000efeb200000)]
  0x0000021e06021800 JavaThread "Reference Handler" daemon [_thread_blocked, id=8500, stack(0x000000efeb800000,0x000000efeb900000)]
  0x0000021e0602d000 JavaThread "Finalizer" daemon [_thread_blocked, id=12844, stack(0x000000efeb900000,0x000000efeba00000)]
  0x0000021e0607b000 JavaThread "Signal Dispatcher" daemon [_thread_blocked, id=2256, stack(0x000000efeba00000,0x000000efebb00000)]
  0x0000021e0607c000 JavaThread "Attach Listener" daemon [_thread_blocked, id=12760, stack(0x000000efebb00000,0x000000efebc00000)]
  0x0000021e0607d800 JavaThread "Service Thread" daemon [_thread_blocked, id=13336, stack(0x000000efebc00000,0x000000efebd00000)]
  0x0000021e06080800 JavaThread "C2 CompilerThread0" daemon [_thread_blocked, id=10108, stack(0x000000efebd00000,0x000000efebe00000)]
  0x0000021e0608d000 JavaThread "C1 CompilerThread0" daemon [_thread_blocked, id=2948, stack(0x000000efebe00000,0x000000efebf00000)]
  0x0000021e06099800 JavaThread "Sweeper thread" daemon [_thread_blocked, id=1304, stack(0x000000efebf00000,0x000000efec000000)]
  0x0000021e061f1000 JavaThread "Common-Cleaner" daemon [_thread_blocked, id=9172, stack(0x000000efec000000,0x000000efec100000)]
  0x0000021e08549000 JavaThread "Daemon health stats" [_thread_blocked, id=7540, stack(0x000000efec700000,0x000000efec800000)]
  0x0000021e08218800 JavaThread "Incoming local TCP Connector on port 56395" [_thread_in_native, id=4744, stack(0x000000efec200000,0x000000efec300000)]
  0x0000021e064b9800 JavaThread "Daemon periodic checks" [_thread_blocked, id=12240, stack(0x000000efec800000,0x000000efec900000)]
  0x0000021e08400800 JavaThread "Daemon" [_thread_blocked, id=6752, stack(0x000000efec900000,0x000000efeca00000)]
  0x0000021e07387800 JavaThread "Handler for socket connection from /127.0.0.1:56395 to /127.0.0.1:56396" [_thread_in_native, id=4472, stack(0x000000efeca00000,0x000000efecb00000)]
  0x0000021e07857800 JavaThread "Cancel handler" [_thread_blocked, id=7432, stack(0x000000efecb00000,0x000000efecc00000)]
=>0x0000021e072e1800 JavaThread "Daemon worker" [_thread_in_Java, id=7104, stack(0x000000efecc00000,0x000000efecd00000)]
  0x0000021e0836d000 JavaThread "Asynchronous log dispatcher for DefaultDaemonConnection: socket connection from /127.0.0.1:56395 to /127.0.0.1:56396" [_thread_blocked, id=4160, stack(0x000000efecd00000,0x000000efece00000)]
  0x0000021e08d59000 JavaThread "Stdin handler" [_thread_blocked, id=136, stack(0x000000efece00000,0x000000efecf00000)]
  0x0000021e08578800 JavaThread "Daemon client event forwarder" [_thread_blocked, id=4252, stack(0x000000efecf00000,0x000000efed000000)]
  0x0000021e082d3000 JavaThread "Cache worker for journal cache (C:\Users\carri\.gradle\caches\journal-1)" [_thread_blocked, id=4476, stack(0x000000efed000000,0x000000efed100000)]
  0x0000021e082cf000 JavaThread "File lock request listener" [_thread_in_native, id=3416, stack(0x000000efed100000,0x000000efed200000)]
  0x0000021e082d2800 JavaThread "Cache worker for file hash cache (C:\Users\carri\.gradle\caches\7.5.1\fileHashes)" [_thread_blocked, id=6472, stack(0x000000efed200000,0x000000efed300000)]

Other Threads:
  0x0000021e7f5a2800 VMThread "VM Thread" [stack: 0x000000efeb700000,0x000000efeb800000] [id=2708]
  0x0000021e06201800 WatcherThread [stack: 0x000000efec100000,0x000000efec200000] [id=13016]
  0x0000021e66d1c000 GCTaskThread "GC Thread#0" [stack: 0x000000efeb200000,0x000000efeb300000] [id=2336]
  0x0000021e06a8e000 GCTaskThread "GC Thread#1" [stack: 0x000000efec300000,0x000000efec400000] [id=3148]
  0x0000021e06a7c800 GCTaskThread "GC Thread#2" [stack: 0x000000efec400000,0x000000efec500000] [id=10716]
  0x0000021e06a7d000 GCTaskThread "GC Thread#3" [stack: 0x000000efec500000,0x000000efec600000] [id=8060]
  0x0000021e66d4c800 ConcurrentGCThread "G1 Main Marker" [stack: 0x000000efeb300000,0x000000efeb400000] [id=13764]
  0x0000021e66d4e800 ConcurrentGCThread "G1 Conc#0" [stack: 0x000000efeb400000,0x000000efeb500000] [id=880]
  0x0000021e7f42c800 ConcurrentGCThread "G1 Refine#0" [stack: 0x000000efeb500000,0x000000efeb600000] [id=6908]
  0x0000021e062f0000 ConcurrentGCThread "G1 Refine#1" [stack: 0x000000efec600000,0x000000efec700000] [id=2632]
  0x0000021e7f42f800 ConcurrentGCThread "G1 Young RemSet Sampling" [stack: 0x000000efeb600000,0x000000efeb700000] [id=7272]

Threads with active compile tasks:

VM state:not at safepoint (normal execution)

VM Mutex/Monitor currently owned by a thread: None

Heap address: 0x0000000080000000, size: 2048 MB, Compressed Oops mode: 32-bit
Narrow klass base: 0x0000000000000000, Narrow klass shift: 3
Compressed class space size: 528482304 Address: 0x0000000100000000

Heap:
 garbage-first heap   total 262144K, used 45712K [0x0000000080000000, 0x0000000100000000)
  region size 1024K, 30 young (30720K), 2 survivors (2048K)
 Metaspace       used 23542K, capacity 24120K, committed 24368K, reserved 538624K
  class space    used 2929K, capacity 3117K, committed 3200K, reserved 516096K
Heap Regions: E=young(eden), S=young(survivor), O=old, HS=humongous(starts), HC=humongous(continues), CS=collection set, F=free, A=archive, TAMS=top-at-mark-start (previous, next)
|   0|0x0000000080000000, 0x0000000080100000, 0x0000000080100000|100%|HS|  |TAMS 0x0000000080100000, 0x0000000080000000| Complete 
|   1|0x0000000080100000, 0x0000000080200000, 0x0000000080200000|100%|HC|  |TAMS 0x0000000080200000, 0x0000000080100000| Complete 
|   2|0x0000000080200000, 0x0000000080300000, 0x0000000080300000|100%|HC|  |TAMS 0x0000000080300000, 0x0000000080200000| Complete 
|   3|0x0000000080300000, 0x0000000080400000, 0x0000000080400000|100%| O|  |TAMS 0x0000000080400000, 0x0000000080300000| Untracked 
|   4|0x0000000080400000, 0x0000000080500000, 0x0000000080500000|100%| O|  |TAMS 0x0000000080500000, 0x0000000080400000| Untracked 
|   5|0x0000000080500000, 0x0000000080600000, 0x0000000080600000|100%| O|  |TAMS 0x0000000080600000, 0x0000000080500000| Untracked 
|   6|0x0000000080600000, 0x0000000080700000, 0x0000000080700000|100%| O|  |TAMS 0x0000000080700000, 0x0000000080600000| Untracked 
|   7|0x0000000080700000, 0x0000000080800000, 0x0000000080800000|100%| O|  |TAMS 0x0000000080800000, 0x0000000080700000| Untracked 
|   8|0x0000000080800000, 0x0000000080900000, 0x0000000080900000|100%| O|  |TAMS 0x0000000080900000, 0x0000000080800000| Untracked 
|   9|0x0000000080900000, 0x0000000080a00000, 0x0000000080a00000|100%| O|  |TAMS 0x0000000080a00000, 0x0000000080900000| Untracked 
|  10|0x0000000080a00000, 0x0000000080b00000, 0x0000000080b00000|100%| O|  |TAMS 0x0000000080b00000, 0x0000000080a00000| Untracked 
|  11|0x0000000080b00000, 0x0000000080c00000, 0x0000000080c00000|100%| O|  |TAMS 0x0000000080c00000, 0x0000000080b00000| Untracked 
|  12|0x0000000080c00000, 0x0000000080d00000, 0x0000000080d00000|100%| O|  |TAMS 0x0000000080d00000, 0x0000000080c00000| Untracked 
|  13|0x0000000080d00000, 0x0000000080e00000, 0x0000000080e00000|100%| O|  |TAMS 0x0000000080e00000, 0x0000000080d00000| Untracked 
|  14|0x0000000080e00000, 0x0000000080f00000, 0x0000000080f00000|100%| O|  |TAMS 0x0000000080f00000, 0x0000000080e00000| Untracked 
|  15|0x0000000080f00000, 0x0000000081000000, 0x0000000081000000|100%| O|  |TAMS 0x0000000081000000, 0x0000000080f00000| Untracked 
|  16|0x0000000081000000, 0x0000000081081a00, 0x0000000081100000| 50%| O|  |TAMS 0x0000000081081a00, 0x0000000081000000| Untracked 
|  17|0x0000000081100000, 0x0000000081100000, 0x0000000081200000|  0%| F|  |TAMS 0x0000000081100000, 0x0000000081100000| Untracked 
|  18|0x0000000081200000, 0x0000000081200000, 0x0000000081300000|  0%| F|  |TAMS 0x0000000081200000, 0x0000000081200000| Untracked 
|  19|0x0000000081300000, 0x0000000081300000, 0x0000000081400000|  0%| F|  |TAMS 0x0000000081300000, 0x0000000081300000| Untracked 
|  20|0x0000000081400000, 0x0000000081400000, 0x0000000081500000|  0%| F|  |TAMS 0x0000000081400000, 0x0000000081400000| Untracked 
|  21|0x0000000081500000, 0x0000000081500000, 0x0000000081600000|  0%| F|  |TAMS 0x0000000081500000, 0x0000000081500000| Untracked 
|  22|0x0000000081600000, 0x0000000081600000, 0x0000000081700000|  0%| F|  |TAMS 0x0000000081600000, 0x0000000081600000| Untracked 
|  23|0x0000000081700000, 0x0000000081700000, 0x0000000081800000|  0%| F|  |TAMS 0x0000000081700000, 0x0000000081700000| Untracked 
|  24|0x0000000081800000, 0x0000000081800000, 0x0000000081900000|  0%| F|  |TAMS 0x0000000081800000, 0x0000000081800000| Untracked 
|  25|0x0000000081900000, 0x0000000081900000, 0x0000000081a00000|  0%| F|  |TAMS 0x0000000081900000, 0x0000000081900000| Untracked 
|  26|0x0000000081a00000, 0x0000000081a00000, 0x0000000081b00000|  0%| F|  |TAMS 0x0000000081a00000, 0x0000000081a00000| Untracked 
|  27|0x0000000081b00000, 0x0000000081b00000, 0x0000000081c00000|  0%| F|  |TAMS 0x0000000081b00000, 0x0000000081b00000| Untracked 
|  28|0x0000000081c00000, 0x0000000081c00000, 0x0000000081d00000|  0%| F|  |TAMS 0x0000000081c00000, 0x0000000081c00000| Untracked 
|  29|0x0000000081d00000, 0x0000000081d00000, 0x0000000081e00000|  0%| F|  |TAMS 0x0000000081d00000, 0x0000000081d00000| Untracked 
|  30|0x0000000081e00000, 0x0000000081e00000, 0x0000000081f00000|  0%| F|  |TAMS 0x0000000081e00000, 0x0000000081e00000| Untracked 
|  31|0x0000000081f00000, 0x0000000081f00000, 0x0000000082000000|  0%| F|  |TAMS 0x0000000081f00000, 0x0000000081f00000| Untracked 
|  32|0x0000000082000000, 0x0000000082000000, 0x0000000082100000|  0%| F|  |TAMS 0x0000000082000000, 0x0000000082000000| Untracked 
|  33|0x0000000082100000, 0x0000000082100000, 0x0000000082200000|  0%| F|  |TAMS 0x0000000082100000, 0x0000000082100000| Untracked 
|  34|0x0000000082200000, 0x0000000082200000, 0x0000000082300000|  0%| F|  |TAMS 0x0000000082200000, 0x0000000082200000| Untracked 
|  35|0x0000000082300000, 0x0000000082300000, 0x0000000082400000|  0%| F|  |TAMS 0x0000000082300000, 0x0000000082300000| Untracked 
|  36|0x0000000082400000, 0x0000000082400000, 0x0000000082500000|  0%| F|  |TAMS 0x0000000082400000, 0x0000000082400000| Untracked 
|  37|0x0000000082500000, 0x0000000082500000, 0x0000000082600000|  0%| F|  |TAMS 0x0000000082500000, 0x0000000082500000| Untracked 
|  38|0x0000000082600000, 0x0000000082600000, 0x0000000082700000|  0%| F|  |TAMS 0x0000000082600000, 0x0000000082600000| Untracked 
|  39|0x0000000082700000, 0x0000000082700000, 0x0000000082800000|  0%| F|  |TAMS 0x0000000082700000, 0x0000000082700000| Untracked 
|  40|0x0000000082800000, 0x0000000082800000, 0x0000000082900000|  0%| F|  |TAMS 0x0000000082800000, 0x0000000082800000| Untracked 
|  41|0x0000000082900000, 0x0000000082900000, 0x0000000082a00000|  0%| F|  |TAMS 0x0000000082900000, 0x0000000082900000| Untracked 
|  42|0x0000000082a00000, 0x0000000082a00000, 0x0000000082b00000|  0%| F|  |TAMS 0x0000000082a00000, 0x0000000082a00000| Untracked 
|  43|0x0000000082b00000, 0x0000000082b00000, 0x0000000082c00000|  0%| F|  |TAMS 0x0000000082b00000, 0x0000000082b00000| Untracked 
|  44|0x0000000082c00000, 0x0000000082c00000, 0x0000000082d00000|  0%| F|  |TAMS 0x0000000082c00000, 0x0000000082c00000| Untracked 
|  45|0x0000000082d00000, 0x0000000082d00000, 0x0000000082e00000|  0%| F|  |TAMS 0x0000000082d00000, 0x0000000082d00000| Untracked 
|  46|0x0000000082e00000, 0x0000000082e00000, 0x0000000082f00000|  0%| F|  |TAMS 0x0000000082e00000, 0x0000000082e00000| Untracked 
|  47|0x0000000082f00000, 0x0000000082f00000, 0x0000000083000000|  0%| F|  |TAMS 0x0000000082f00000, 0x0000000082f00000| Untracked 
|  48|0x0000000083000000, 0x0000000083000000, 0x0000000083100000|  0%| F|  |TAMS 0x0000000083000000, 0x0000000083000000| Untracked 
|  49|0x0000000083100000, 0x0000000083100000, 0x0000000083200000|  0%| F|  |TAMS 0x0000000083100000, 0x0000000083100000| Untracked 
|  50|0x0000000083200000, 0x0000000083200000, 0x0000000083300000|  0%| F|  |TAMS 0x0000000083200000, 0x0000000083200000| Untracked 
|  51|0x0000000083300000, 0x0000000083300000, 0x0000000083400000|  0%| F|  |TAMS 0x0000000083300000, 0x0000000083300000| Untracked 
|  52|0x0000000083400000, 0x0000000083400000, 0x0000000083500000|  0%| F|  |TAMS 0x0000000083400000, 0x0000000083400000| Untracked 
|  53|0x0000000083500000, 0x0000000083500000, 0x0000000083600000|  0%| F|  |TAMS 0x0000000083500000, 0x0000000083500000| Untracked 
|  54|0x0000000083600000, 0x0000000083600000, 0x0000000083700000|  0%| F|  |TAMS 0x0000000083600000, 0x0000000083600000| Untracked 
|  55|0x0000000083700000, 0x0000000083700000, 0x0000000083800000|  0%| F|  |TAMS 0x0000000083700000, 0x0000000083700000| Untracked 
|  56|0x0000000083800000, 0x0000000083800000, 0x0000000083900000|  0%| F|  |TAMS 0x0000000083800000, 0x0000000083800000| Untracked 
|  57|0x0000000083900000, 0x0000000083900000, 0x0000000083a00000|  0%| F|  |TAMS 0x0000000083900000, 0x0000000083900000| Untracked 
|  58|0x0000000083a00000, 0x0000000083a00000, 0x0000000083b00000|  0%| F|  |TAMS 0x0000000083a00000, 0x0000000083a00000| Untracked 
|  59|0x0000000083b00000, 0x0000000083b00000, 0x0000000083c00000|  0%| F|  |TAMS 0x0000000083b00000, 0x0000000083b00000| Untracked 
|  60|0x0000000083c00000, 0x0000000083c00000, 0x0000000083d00000|  0%| F|  |TAMS 0x0000000083c00000, 0x0000000083c00000| Untracked 
|  61|0x0000000083d00000, 0x0000000083d00000, 0x0000000083e00000|  0%| F|  |TAMS 0x0000000083d00000, 0x0000000083d00000| Untracked 
|  62|0x0000000083e00000, 0x0000000083e00000, 0x0000000083f00000|  0%| F|  |TAMS 0x0000000083e00000, 0x0000000083e00000| Untracked 
|  63|0x0000000083f00000, 0x0000000083f00000, 0x0000000084000000|  0%| F|  |TAMS 0x0000000083f00000, 0x0000000083f00000| Untracked 
|  64|0x0000000084000000, 0x0000000084000000, 0x0000000084100000|  0%| F|  |TAMS 0x0000000084000000, 0x0000000084000000| Untracked 
|  65|0x0000000084100000, 0x0000000084100000, 0x0000000084200000|  0%| F|  |TAMS 0x0000000084100000, 0x0000000084100000| Untracked 
|  66|0x0000000084200000, 0x0000000084200000, 0x0000000084300000|  0%| F|  |TAMS 0x0000000084200000, 0x0000000084200000| Untracked 
|  67|0x0000000084300000, 0x0000000084300000, 0x0000000084400000|  0%| F|  |TAMS 0x0000000084300000, 0x0000000084300000| Untracked 
|  68|0x0000000084400000, 0x0000000084400000, 0x0000000084500000|  0%| F|  |TAMS 0x0000000084400000, 0x0000000084400000| Untracked 
|  69|0x0000000084500000, 0x0000000084500000, 0x0000000084600000|  0%| F|  |TAMS 0x0000000084500000, 0x0000000084500000| Untracked 
|  70|0x0000000084600000, 0x0000000084600000, 0x0000000084700000|  0%| F|  |TAMS 0x0000000084600000, 0x0000000084600000| Untracked 
|  71|0x0000000084700000, 0x0000000084700000, 0x0000000084800000|  0%| F|  |TAMS 0x0000000084700000, 0x0000000084700000| Untracked 
|  72|0x0000000084800000, 0x0000000084800000, 0x0000000084900000|  0%| F|  |TAMS 0x0000000084800000, 0x0000000084800000| Untracked 
|  73|0x0000000084900000, 0x0000000084900000, 0x0000000084a00000|  0%| F|  |TAMS 0x0000000084900000, 0x0000000084900000| Untracked 
|  74|0x0000000084a00000, 0x0000000084a00000, 0x0000000084b00000|  0%| F|  |TAMS 0x0000000084a00000, 0x0000000084a00000| Untracked 
|  75|0x0000000084b00000, 0x0000000084b00000, 0x0000000084c00000|  0%| F|  |TAMS 0x0000000084b00000, 0x0000000084b00000| Untracked 
|  76|0x0000000084c00000, 0x0000000084c00000, 0x0000000084d00000|  0%| F|  |TAMS 0x0000000084c00000, 0x0000000084c00000| Untracked 
|  77|0x0000000084d00000, 0x0000000084d00000, 0x0000000084e00000|  0%| F|  |TAMS 0x0000000084d00000, 0x0000000084d00000| Untracked 
|  78|0x0000000084e00000, 0x0000000084e00000, 0x0000000084f00000|  0%| F|  |TAMS 0x0000000084e00000, 0x0000000084e00000| Untracked 
|  79|0x0000000084f00000, 0x0000000084f00000, 0x0000000085000000|  0%| F|  |TAMS 0x0000000084f00000, 0x0000000084f00000| Untracked 
|  80|0x0000000085000000, 0x0000000085000000, 0x0000000085100000|  0%| F|  |TAMS 0x0000000085000000, 0x0000000085000000| Untracked 
|  81|0x0000000085100000, 0x0000000085100000, 0x0000000085200000|  0%| F|  |TAMS 0x0000000085100000, 0x0000000085100000| Untracked 
|  82|0x0000000085200000, 0x0000000085200000, 0x0000000085300000|  0%| F|  |TAMS 0x0000000085200000, 0x0000000085200000| Untracked 
|  83|0x0000000085300000, 0x0000000085300000, 0x0000000085400000|  0%| F|  |TAMS 0x0000000085300000, 0x0000000085300000| Untracked 
|  84|0x0000000085400000, 0x0000000085400000, 0x0000000085500000|  0%| F|  |TAMS 0x0000000085400000, 0x0000000085400000| Untracked 
|  85|0x0000000085500000, 0x0000000085500000, 0x0000000085600000|  0%| F|  |TAMS 0x0000000085500000, 0x0000000085500000| Untracked 
|  86|0x0000000085600000, 0x0000000085600000, 0x0000000085700000|  0%| F|  |TAMS 0x0000000085600000, 0x0000000085600000| Untracked 
|  87|0x0000000085700000, 0x0000000085700000, 0x0000000085800000|  0%| F|  |TAMS 0x0000000085700000, 0x0000000085700000| Untracked 
|  88|0x0000000085800000, 0x0000000085800000, 0x0000000085900000|  0%| F|  |TAMS 0x0000000085800000, 0x0000000085800000| Untracked 
|  89|0x0000000085900000, 0x0000000085900000, 0x0000000085a00000|  0%| F|  |TAMS 0x0000000085900000, 0x0000000085900000| Untracked 
|  90|0x0000000085a00000, 0x0000000085a00000, 0x0000000085b00000|  0%| F|  |TAMS 0x0000000085a00000, 0x0000000085a00000| Untracked 
|  91|0x0000000085b00000, 0x0000000085b00000, 0x0000000085c00000|  0%| F|  |TAMS 0x0000000085b00000, 0x0000000085b00000| Untracked 
|  92|0x0000000085c00000, 0x0000000085c00000, 0x0000000085d00000|  0%| F|  |TAMS 0x0000000085c00000, 0x0000000085c00000| Untracked 
|  93|0x0000000085d00000, 0x0000000085d00000, 0x0000000085e00000|  0%| F|  |TAMS 0x0000000085d00000, 0x0000000085d00000| Untracked 
|  94|0x0000000085e00000, 0x0000000085e00000, 0x0000000085f00000|  0%| F|  |TAMS 0x0000000085e00000, 0x0000000085e00000| Untracked 
|  95|0x0000000085f00000, 0x0000000085f00000, 0x0000000086000000|  0%| F|  |TAMS 0x0000000085f00000, 0x0000000085f00000| Untracked 
|  96|0x0000000086000000, 0x0000000086000000, 0x0000000086100000|  0%| F|  |TAMS 0x0000000086000000, 0x0000000086000000| Untracked 
|  97|0x0000000086100000, 0x0000000086100000, 0x0000000086200000|  0%| F|  |TAMS 0x0000000086100000, 0x0000000086100000| Untracked 
|  98|0x0000000086200000, 0x0000000086200000, 0x0000000086300000|  0%| F|  |TAMS 0x0000000086200000, 0x0000000086200000| Untracked 
|  99|0x0000000086300000, 0x0000000086300000, 0x0000000086400000|  0%| F|  |TAMS 0x0000000086300000, 0x0000000086300000| Untracked 
| 100|0x0000000086400000, 0x0000000086400000, 0x0000000086500000|  0%| F|  |TAMS 0x0000000086400000, 0x0000000086400000| Untracked 
| 101|0x0000000086500000, 0x0000000086500000, 0x0000000086600000|  0%| F|  |TAMS 0x0000000086500000, 0x0000000086500000| Untracked 
| 102|0x0000000086600000, 0x0000000086600000, 0x0000000086700000|  0%| F|  |TAMS 0x0000000086600000, 0x0000000086600000| Untracked 
| 103|0x0000000086700000, 0x0000000086700000, 0x0000000086800000|  0%| F|  |TAMS 0x0000000086700000, 0x0000000086700000| Untracked 
| 104|0x0000000086800000, 0x0000000086800000, 0x0000000086900000|  0%| F|  |TAMS 0x0000000086800000, 0x0000000086800000| Untracked 
| 105|0x0000000086900000, 0x0000000086900000, 0x0000000086a00000|  0%| F|  |TAMS 0x0000000086900000, 0x0000000086900000| Untracked 
| 106|0x0000000086a00000, 0x0000000086a00000, 0x0000000086b00000|  0%| F|  |TAMS 0x0000000086a00000, 0x0000000086a00000| Untracked 
| 107|0x0000000086b00000, 0x0000000086b00000, 0x0000000086c00000|  0%| F|  |TAMS 0x0000000086b00000, 0x0000000086b00000| Untracked 
| 108|0x0000000086c00000, 0x0000000086c00000, 0x0000000086d00000|  0%| F|  |TAMS 0x0000000086c00000, 0x0000000086c00000| Untracked 
| 109|0x0000000086d00000, 0x0000000086d00000, 0x0000000086e00000|  0%| F|  |TAMS 0x0000000086d00000, 0x0000000086d00000| Untracked 
| 110|0x0000000086e00000, 0x0000000086e00000, 0x0000000086f00000|  0%| F|  |TAMS 0x0000000086e00000, 0x0000000086e00000| Untracked 
| 111|0x0000000086f00000, 0x0000000086f00000, 0x0000000087000000|  0%| F|  |TAMS 0x0000000086f00000, 0x0000000086f00000| Untracked 
| 112|0x0000000087000000, 0x0000000087000000, 0x0000000087100000|  0%| F|  |TAMS 0x0000000087000000, 0x0000000087000000| Untracked 
| 113|0x0000000087100000, 0x0000000087100000, 0x0000000087200000|  0%| F|  |TAMS 0x0000000087100000, 0x0000000087100000| Untracked 
| 114|0x0000000087200000, 0x0000000087200000, 0x0000000087300000|  0%| F|  |TAMS 0x0000000087200000, 0x0000000087200000| Untracked 
| 115|0x0000000087300000, 0x0000000087300000, 0x0000000087400000|  0%| F|  |TAMS 0x0000000087300000, 0x0000000087300000| Untracked 
| 116|0x0000000087400000, 0x0000000087400000, 0x0000000087500000|  0%| F|  |TAMS 0x0000000087400000, 0x0000000087400000| Untracked 
| 117|0x0000000087500000, 0x0000000087500000, 0x0000000087600000|  0%| F|  |TAMS 0x0000000087500000, 0x0000000087500000| Untracked 
| 118|0x0000000087600000, 0x0000000087600000, 0x0000000087700000|  0%| F|  |TAMS 0x0000000087600000, 0x0000000087600000| Untracked 
| 119|0x0000000087700000, 0x0000000087700000, 0x0000000087800000|  0%| F|  |TAMS 0x0000000087700000, 0x0000000087700000| Untracked 
| 120|0x0000000087800000, 0x0000000087800000, 0x0000000087900000|  0%| F|  |TAMS 0x0000000087800000, 0x0000000087800000| Untracked 
| 121|0x0000000087900000, 0x0000000087900000, 0x0000000087a00000|  0%| F|  |TAMS 0x0000000087900000, 0x0000000087900000| Untracked 
| 122|0x0000000087a00000, 0x0000000087a00000, 0x0000000087b00000|  0%| F|  |TAMS 0x0000000087a00000, 0x0000000087a00000| Untracked 
| 123|0x0000000087b00000, 0x0000000087b00000, 0x0000000087c00000|  0%| F|  |TAMS 0x0000000087b00000, 0x0000000087b00000| Untracked 
| 124|0x0000000087c00000, 0x0000000087c00000, 0x0000000087d00000|  0%| F|  |TAMS 0x0000000087c00000, 0x0000000087c00000| Untracked 
| 125|0x0000000087d00000, 0x0000000087d00000, 0x0000000087e00000|  0%| F|  |TAMS 0x0000000087d00000, 0x0000000087d00000| Untracked 
| 126|0x0000000087e00000, 0x0000000087e00000, 0x0000000087f00000|  0%| F|  |TAMS 0x0000000087e00000, 0x0000000087e00000| Untracked 
| 127|0x0000000087f00000, 0x0000000087f00000, 0x0000000088000000|  0%| F|  |TAMS 0x0000000087f00000, 0x0000000087f00000| Untracked 
| 128|0x0000000088000000, 0x0000000088000000, 0x0000000088100000|  0%| F|  |TAMS 0x0000000088000000, 0x0000000088000000| Untracked 
| 129|0x0000000088100000, 0x0000000088100000, 0x0000000088200000|  0%| F|  |TAMS 0x0000000088100000, 0x0000000088100000| Untracked 
| 130|0x0000000088200000, 0x0000000088200000, 0x0000000088300000|  0%| F|  |TAMS 0x0000000088200000, 0x0000000088200000| Untracked 
| 131|0x0000000088300000, 0x0000000088300000, 0x0000000088400000|  0%| F|  |TAMS 0x0000000088300000, 0x0000000088300000| Untracked 
| 132|0x0000000088400000, 0x0000000088400000, 0x0000000088500000|  0%| F|  |TAMS 0x0000000088400000, 0x0000000088400000| Untracked 
| 133|0x0000000088500000, 0x0000000088500000, 0x0000000088600000|  0%| F|  |TAMS 0x0000000088500000, 0x0000000088500000| Untracked 
| 134|0x0000000088600000, 0x0000000088600000, 0x0000000088700000|  0%| F|  |TAMS 0x0000000088600000, 0x0000000088600000| Untracked 
| 135|0x0000000088700000, 0x0000000088700000, 0x0000000088800000|  0%| F|  |TAMS 0x0000000088700000, 0x0000000088700000| Untracked 
| 136|0x0000000088800000, 0x0000000088800000, 0x0000000088900000|  0%| F|  |TAMS 0x0000000088800000, 0x0000000088800000| Untracked 
| 137|0x0000000088900000, 0x0000000088900000, 0x0000000088a00000|  0%| F|  |TAMS 0x0000000088900000, 0x0000000088900000| Untracked 
| 138|0x0000000088a00000, 0x0000000088a00000, 0x0000000088b00000|  0%| F|  |TAMS 0x0000000088a00000, 0x0000000088a00000| Untracked 
| 139|0x0000000088b00000, 0x0000000088b00000, 0x0000000088c00000|  0%| F|  |TAMS 0x0000000088b00000, 0x0000000088b00000| Untracked 
| 140|0x0000000088c00000, 0x0000000088c00000, 0x0000000088d00000|  0%| F|  |TAMS 0x0000000088c00000, 0x0000000088c00000| Untracked 
| 141|0x0000000088d00000, 0x0000000088d00000, 0x0000000088e00000|  0%| F|  |TAMS 0x0000000088d00000, 0x0000000088d00000| Untracked 
| 142|0x0000000088e00000, 0x0000000088e00000, 0x0000000088f00000|  0%| F|  |TAMS 0x0000000088e00000, 0x0000000088e00000| Untracked 
| 143|0x0000000088f00000, 0x0000000088f00000, 0x0000000089000000|  0%| F|  |TAMS 0x0000000088f00000, 0x0000000088f00000| Untracked 
| 144|0x0000000089000000, 0x0000000089000000, 0x0000000089100000|  0%| F|  |TAMS 0x0000000089000000, 0x0000000089000000| Untracked 
| 145|0x0000000089100000, 0x0000000089100000, 0x0000000089200000|  0%| F|  |TAMS 0x0000000089100000, 0x0000000089100000| Untracked 
| 146|0x0000000089200000, 0x0000000089200000, 0x0000000089300000|  0%| F|  |TAMS 0x0000000089200000, 0x0000000089200000| Untracked 
| 147|0x0000000089300000, 0x0000000089300000, 0x0000000089400000|  0%| F|  |TAMS 0x0000000089300000, 0x0000000089300000| Untracked 
| 148|0x0000000089400000, 0x0000000089400000, 0x0000000089500000|  0%| F|  |TAMS 0x0000000089400000, 0x0000000089400000| Untracked 
| 149|0x0000000089500000, 0x0000000089500000, 0x0000000089600000|  0%| F|  |TAMS 0x0000000089500000, 0x0000000089500000| Untracked 
| 150|0x0000000089600000, 0x0000000089600000, 0x0000000089700000|  0%| F|  |TAMS 0x0000000089600000, 0x0000000089600000| Untracked 
| 151|0x0000000089700000, 0x0000000089700000, 0x0000000089800000|  0%| F|  |TAMS 0x0000000089700000, 0x0000000089700000| Untracked 
| 152|0x0000000089800000, 0x0000000089800000, 0x0000000089900000|  0%| F|  |TAMS 0x0000000089800000, 0x0000000089800000| Untracked 
| 153|0x0000000089900000, 0x0000000089900000, 0x0000000089a00000|  0%| F|  |TAMS 0x0000000089900000, 0x0000000089900000| Untracked 
| 154|0x0000000089a00000, 0x0000000089a00000, 0x0000000089b00000|  0%| F|  |TAMS 0x0000000089a00000, 0x0000000089a00000| Untracked 
| 155|0x0000000089b00000, 0x0000000089b00000, 0x0000000089c00000|  0%| F|  |TAMS 0x0000000089b00000, 0x0000000089b00000| Untracked 
| 156|0x0000000089c00000, 0x0000000089c00000, 0x0000000089d00000|  0%| F|  |TAMS 0x0000000089c00000, 0x0000000089c00000| Untracked 
| 157|0x0000000089d00000, 0x0000000089d00000, 0x0000000089e00000|  0%| F|  |TAMS 0x0000000089d00000, 0x0000000089d00000| Untracked 
| 158|0x0000000089e00000, 0x0000000089e00000, 0x0000000089f00000|  0%| F|  |TAMS 0x0000000089e00000, 0x0000000089e00000| Untracked 
| 159|0x0000000089f00000, 0x0000000089f00000, 0x000000008a000000|  0%| F|  |TAMS 0x0000000089f00000, 0x0000000089f00000| Untracked 
| 160|0x000000008a000000, 0x000000008a000000, 0x000000008a100000|  0%| F|  |TAMS 0x000000008a000000, 0x000000008a000000| Untracked 
| 161|0x000000008a100000, 0x000000008a100000, 0x000000008a200000|  0%| F|  |TAMS 0x000000008a100000, 0x000000008a100000| Untracked 
| 162|0x000000008a200000, 0x000000008a200000, 0x000000008a300000|  0%| F|  |TAMS 0x000000008a200000, 0x000000008a200000| Untracked 
| 163|0x000000008a300000, 0x000000008a300000, 0x000000008a400000|  0%| F|  |TAMS 0x000000008a300000, 0x000000008a300000| Untracked 
| 164|0x000000008a400000, 0x000000008a400000, 0x000000008a500000|  0%| F|  |TAMS 0x000000008a400000, 0x000000008a400000| Untracked 
| 165|0x000000008a500000, 0x000000008a500000, 0x000000008a600000|  0%| F|  |TAMS 0x000000008a500000, 0x000000008a500000| Untracked 
| 166|0x000000008a600000, 0x000000008a600000, 0x000000008a700000|  0%| F|  |TAMS 0x000000008a600000, 0x000000008a600000| Untracked 
| 167|0x000000008a700000, 0x000000008a700000, 0x000000008a800000|  0%| F|  |TAMS 0x000000008a700000, 0x000000008a700000| Untracked 
| 168|0x000000008a800000, 0x000000008a800000, 0x000000008a900000|  0%| F|  |TAMS 0x000000008a800000, 0x000000008a800000| Untracked 
| 169|0x000000008a900000, 0x000000008a900000, 0x000000008aa00000|  0%| F|  |TAMS 0x000000008a900000, 0x000000008a900000| Untracked 
| 170|0x000000008aa00000, 0x000000008aa00000, 0x000000008ab00000|  0%| F|  |TAMS 0x000000008aa00000, 0x000000008aa00000| Untracked 
| 171|0x000000008ab00000, 0x000000008ab00000, 0x000000008ac00000|  0%| F|  |TAMS 0x000000008ab00000, 0x000000008ab00000| Untracked 
| 172|0x000000008ac00000, 0x000000008ac00000, 0x000000008ad00000|  0%| F|  |TAMS 0x000000008ac00000, 0x000000008ac00000| Untracked 
| 173|0x000000008ad00000, 0x000000008ad00000, 0x000000008ae00000|  0%| F|  |TAMS 0x000000008ad00000, 0x000000008ad00000| Untracked 
| 174|0x000000008ae00000, 0x000000008ae00000, 0x000000008af00000|  0%| F|  |TAMS 0x000000008ae00000, 0x000000008ae00000| Untracked 
| 175|0x000000008af00000, 0x000000008af00000, 0x000000008b000000|  0%| F|  |TAMS 0x000000008af00000, 0x000000008af00000| Untracked 
| 176|0x000000008b000000, 0x000000008b000000, 0x000000008b100000|  0%| F|  |TAMS 0x000000008b000000, 0x000000008b000000| Untracked 
| 177|0x000000008b100000, 0x000000008b100000, 0x000000008b200000|  0%| F|  |TAMS 0x000000008b100000, 0x000000008b100000| Untracked 
| 178|0x000000008b200000, 0x000000008b200000, 0x000000008b300000|  0%| F|  |TAMS 0x000000008b200000, 0x000000008b200000| Untracked 
| 179|0x000000008b300000, 0x000000008b300000, 0x000000008b400000|  0%| F|  |TAMS 0x000000008b300000, 0x000000008b300000| Untracked 
| 180|0x000000008b400000, 0x000000008b400000, 0x000000008b500000|  0%| F|  |TAMS 0x000000008b400000, 0x000000008b400000| Untracked 
| 181|0x000000008b500000, 0x000000008b500000, 0x000000008b600000|  0%| F|  |TAMS 0x000000008b500000, 0x000000008b500000| Untracked 
| 182|0x000000008b600000, 0x000000008b600000, 0x000000008b700000|  0%| F|  |TAMS 0x000000008b600000, 0x000000008b600000| Untracked 
| 183|0x000000008b700000, 0x000000008b700000, 0x000000008b800000|  0%| F|  |TAMS 0x000000008b700000, 0x000000008b700000| Untracked 
| 184|0x000000008b800000, 0x000000008b800000, 0x000000008b900000|  0%| F|  |TAMS 0x000000008b800000, 0x000000008b800000| Untracked 
| 185|0x000000008b900000, 0x000000008b900000, 0x000000008ba00000|  0%| F|  |TAMS 0x000000008b900000, 0x000000008b900000| Untracked 
| 186|0x000000008ba00000, 0x000000008ba00000, 0x000000008bb00000|  0%| F|  |TAMS 0x000000008ba00000, 0x000000008ba00000| Untracked 
| 187|0x000000008bb00000, 0x000000008bb00000, 0x000000008bc00000|  0%| F|  |TAMS 0x000000008bb00000, 0x000000008bb00000| Untracked 
| 188|0x000000008bc00000, 0x000000008bc00000, 0x000000008bd00000|  0%| F|  |TAMS 0x000000008bc00000, 0x000000008bc00000| Untracked 
| 189|0x000000008bd00000, 0x000000008bd00000, 0x000000008be00000|  0%| F|  |TAMS 0x000000008bd00000, 0x000000008bd00000| Untracked 
| 190|0x000000008be00000, 0x000000008be00000, 0x000000008bf00000|  0%| F|  |TAMS 0x000000008be00000, 0x000000008be00000| Untracked 
| 191|0x000000008bf00000, 0x000000008bf00000, 0x000000008c000000|  0%| F|  |TAMS 0x000000008bf00000, 0x000000008bf00000| Untracked 
| 192|0x000000008c000000, 0x000000008c000000, 0x000000008c100000|  0%| F|  |TAMS 0x000000008c000000, 0x000000008c000000| Untracked 
| 193|0x000000008c100000, 0x000000008c100000, 0x000000008c200000|  0%| F|  |TAMS 0x000000008c100000, 0x000000008c100000| Untracked 
| 194|0x000000008c200000, 0x000000008c200000, 0x000000008c300000|  0%| F|  |TAMS 0x000000008c200000, 0x000000008c200000| Untracked 
| 195|0x000000008c300000, 0x000000008c300000, 0x000000008c400000|  0%| F|  |TAMS 0x000000008c300000, 0x000000008c300000| Untracked 
| 196|0x000000008c400000, 0x000000008c400000, 0x000000008c500000|  0%| F|  |TAMS 0x000000008c400000, 0x000000008c400000| Untracked 
| 197|0x000000008c500000, 0x000000008c500000, 0x000000008c600000|  0%| F|  |TAMS 0x000000008c500000, 0x000000008c500000| Untracked 
| 198|0x000000008c600000, 0x000000008c600000, 0x000000008c700000|  0%| F|  |TAMS 0x000000008c600000, 0x000000008c600000| Untracked 
| 199|0x000000008c700000, 0x000000008c700000, 0x000000008c800000|  0%| F|  |TAMS 0x000000008c700000, 0x000000008c700000| Untracked 
| 200|0x000000008c800000, 0x000000008c800000, 0x000000008c900000|  0%| F|  |TAMS 0x000000008c800000, 0x000000008c800000| Untracked 
| 201|0x000000008c900000, 0x000000008c900000, 0x000000008ca00000|  0%| F|  |TAMS 0x000000008c900000, 0x000000008c900000| Untracked 
| 202|0x000000008ca00000, 0x000000008ca00000, 0x000000008cb00000|  0%| F|  |TAMS 0x000000008ca00000, 0x000000008ca00000| Untracked 
| 203|0x000000008cb00000, 0x000000008cb00000, 0x000000008cc00000|  0%| F|  |TAMS 0x000000008cb00000, 0x000000008cb00000| Untracked 
| 204|0x000000008cc00000, 0x000000008cc00000, 0x000000008cd00000|  0%| F|  |TAMS 0x000000008cc00000, 0x000000008cc00000| Untracked 
| 205|0x000000008cd00000, 0x000000008cd00000, 0x000000008ce00000|  0%| F|  |TAMS 0x000000008cd00000, 0x000000008cd00000| Untracked 
| 206|0x000000008ce00000, 0x000000008ce00000, 0x000000008cf00000|  0%| F|  |TAMS 0x000000008ce00000, 0x000000008ce00000| Untracked 
| 207|0x000000008cf00000, 0x000000008cf00000, 0x000000008d000000|  0%| F|  |TAMS 0x000000008cf00000, 0x000000008cf00000| Untracked 
| 208|0x000000008d000000, 0x000000008d000000, 0x000000008d100000|  0%| F|  |TAMS 0x000000008d000000, 0x000000008d000000| Untracked 
| 209|0x000000008d100000, 0x000000008d100000, 0x000000008d200000|  0%| F|  |TAMS 0x000000008d100000, 0x000000008d100000| Untracked 
| 210|0x000000008d200000, 0x000000008d200000, 0x000000008d300000|  0%| F|  |TAMS 0x000000008d200000, 0x000000008d200000| Untracked 
| 211|0x000000008d300000, 0x000000008d300000, 0x000000008d400000|  0%| F|  |TAMS 0x000000008d300000, 0x000000008d300000| Untracked 
| 212|0x000000008d400000, 0x000000008d400000, 0x000000008d500000|  0%| F|  |TAMS 0x000000008d400000, 0x000000008d400000| Untracked 
| 213|0x000000008d500000, 0x000000008d500000, 0x000000008d600000|  0%| F|  |TAMS 0x000000008d500000, 0x000000008d500000| Untracked 
| 214|0x000000008d600000, 0x000000008d600000, 0x000000008d700000|  0%| F|  |TAMS 0x000000008d600000, 0x000000008d600000| Untracked 
| 215|0x000000008d700000, 0x000000008d700000, 0x000000008d800000|  0%| F|  |TAMS 0x000000008d700000, 0x000000008d700000| Untracked 
| 216|0x000000008d800000, 0x000000008d800000, 0x000000008d900000|  0%| F|  |TAMS 0x000000008d800000, 0x000000008d800000| Untracked 
| 217|0x000000008d900000, 0x000000008d900000, 0x000000008da00000|  0%| F|  |TAMS 0x000000008d900000, 0x000000008d900000| Untracked 
| 218|0x000000008da00000, 0x000000008da00000, 0x000000008db00000|  0%| F|  |TAMS 0x000000008da00000, 0x000000008da00000| Untracked 
| 219|0x000000008db00000, 0x000000008db00000, 0x000000008dc00000|  0%| F|  |TAMS 0x000000008db00000, 0x000000008db00000| Untracked 
| 220|0x000000008dc00000, 0x000000008dc00000, 0x000000008dd00000|  0%| F|  |TAMS 0x000000008dc00000, 0x000000008dc00000| Untracked 
| 221|0x000000008dd00000, 0x000000008dd00000, 0x000000008de00000|  0%| F|  |TAMS 0x000000008dd00000, 0x000000008dd00000| Untracked 
| 222|0x000000008de00000, 0x000000008de00000, 0x000000008df00000|  0%| F|  |TAMS 0x000000008de00000, 0x000000008de00000| Untracked 
| 223|0x000000008df00000, 0x000000008df00000, 0x000000008e000000|  0%| F|  |TAMS 0x000000008df00000, 0x000000008df00000| Untracked 
| 224|0x000000008e000000, 0x000000008e000000, 0x000000008e100000|  0%| F|  |TAMS 0x000000008e000000, 0x000000008e000000| Untracked 
| 225|0x000000008e100000, 0x000000008e100000, 0x000000008e200000|  0%| F|  |TAMS 0x000000008e100000, 0x000000008e100000| Untracked 
| 226|0x000000008e200000, 0x000000008e25f848, 0x000000008e300000| 37%| E|  |TAMS 0x000000008e200000, 0x000000008e200000| Complete 
| 227|0x000000008e300000, 0x000000008e400000, 0x000000008e400000|100%| E|CS|TAMS 0x000000008e300000, 0x000000008e300000| Complete 
| 228|0x000000008e400000, 0x000000008e500000, 0x000000008e500000|100%| E|CS|TAMS 0x000000008e400000, 0x000000008e400000| Complete 
| 229|0x000000008e500000, 0x000000008e600000, 0x000000008e600000|100%| E|CS|TAMS 0x000000008e500000, 0x000000008e500000| Complete 
| 230|0x000000008e600000, 0x000000008e700000, 0x000000008e700000|100%| E|CS|TAMS 0x000000008e600000, 0x000000008e600000| Complete 
| 231|0x000000008e700000, 0x000000008e7229e0, 0x000000008e800000| 13%| S|CS|TAMS 0x000000008e700000, 0x000000008e700000| Complete 
| 232|0x000000008e800000, 0x000000008e900000, 0x000000008e900000|100%| S|CS|TAMS 0x000000008e800000, 0x000000008e800000| Complete 
| 233|0x000000008e900000, 0x000000008ea00000, 0x000000008ea00000|100%| E|CS|TAMS 0x000000008e900000, 0x000000008e900000| Complete 
| 234|0x000000008ea00000, 0x000000008eb00000, 0x000000008eb00000|100%| E|CS|TAMS 0x000000008ea00000, 0x000000008ea00000| Complete 
| 235|0x000000008eb00000, 0x000000008ec00000, 0x000000008ec00000|100%| E|CS|TAMS 0x000000008eb00000, 0x000000008eb00000| Complete 
| 236|0x000000008ec00000, 0x000000008ed00000, 0x000000008ed00000|100%| E|CS|TAMS 0x000000008ec00000, 0x000000008ec00000| Complete 
| 237|0x000000008ed00000, 0x000000008ee00000, 0x000000008ee00000|100%| E|CS|TAMS 0x000000008ed00000, 0x000000008ed00000| Complete 
| 238|0x000000008ee00000, 0x000000008ef00000, 0x000000008ef00000|100%| E|CS|TAMS 0x000000008ee00000, 0x000000008ee00000| Complete 
| 239|0x000000008ef00000, 0x000000008f000000, 0x000000008f000000|100%| E|CS|TAMS 0x000000008ef00000, 0x000000008ef00000| Complete 
| 240|0x000000008f000000, 0x000000008f100000, 0x000000008f100000|100%| E|CS|TAMS 0x000000008f000000, 0x000000008f000000| Complete 
| 241|0x000000008f100000, 0x000000008f200000, 0x000000008f200000|100%| E|CS|TAMS 0x000000008f100000, 0x000000008f100000| Complete 
| 242|0x000000008f200000, 0x000000008f300000, 0x000000008f300000|100%| E|CS|TAMS 0x000000008f200000, 0x000000008f200000| Complete 
| 243|0x000000008f300000, 0x000000008f400000, 0x000000008f400000|100%| E|CS|TAMS 0x000000008f300000, 0x000000008f300000| Complete 
| 244|0x000000008f400000, 0x000000008f500000, 0x000000008f500000|100%| E|CS|TAMS 0x000000008f400000, 0x000000008f400000| Complete 
| 245|0x000000008f500000, 0x000000008f600000, 0x000000008f600000|100%| E|CS|TAMS 0x000000008f500000, 0x000000008f500000| Complete 
| 246|0x000000008f600000, 0x000000008f700000, 0x000000008f700000|100%| E|CS|TAMS 0x000000008f600000, 0x000000008f600000| Complete 
| 247|0x000000008f700000, 0x000000008f800000, 0x000000008f800000|100%| E|CS|TAMS 0x000000008f700000, 0x000000008f700000| Complete 
| 248|0x000000008f800000, 0x000000008f900000, 0x000000008f900000|100%| E|CS|TAMS 0x000000008f800000, 0x000000008f800000| Complete 
| 249|0x000000008f900000, 0x000000008fa00000, 0x000000008fa00000|100%| E|CS|TAMS 0x000000008f900000, 0x000000008f900000| Complete 
| 250|0x000000008fa00000, 0x000000008fb00000, 0x000000008fb00000|100%| E|CS|TAMS 0x000000008fa00000, 0x000000008fa00000| Complete 
| 251|0x000000008fb00000, 0x000000008fc00000, 0x000000008fc00000|100%| E|CS|TAMS 0x000000008fb00000, 0x000000008fb00000| Complete 
| 252|0x000000008fc00000, 0x000000008fd00000, 0x000000008fd00000|100%| E|CS|TAMS 0x000000008fc00000, 0x000000008fc00000| Complete 
| 253|0x000000008fd00000, 0x000000008fe00000, 0x000000008fe00000|100%| E|CS|TAMS 0x000000008fd00000, 0x000000008fd00000| Complete 
| 254|0x000000008fe00000, 0x000000008ff00000, 0x000000008ff00000|100%| E|CS|TAMS 0x000000008fe00000, 0x000000008fe00000| Complete 
| 255|0x000000008ff00000, 0x0000000090000000, 0x0000000090000000|100%| E|CS|TAMS 0x000000008ff00000, 0x000000008ff00000| Complete 

Card table byte_map: [0x0000021e7e870000,0x0000021e7ec70000] _byte_map_base: 0x0000021e7e470000

Marking Bits (Prev, Next): (CMBitMap*) 0x0000021e66d438a0, (CMBitMap*) 0x0000021e66d43868
 Prev Bits: [0x0000021e02000000, 0x0000021e04000000)
 Next Bits: [0x0000021e00000000, 0x0000021e02000000)

Polling page: 0x0000021e64c40000

Metaspace:

Usage:
  Non-class:     20.51 MB capacity,    20.13 MB ( 98%) used,   349.20 KB (  2%) free+waste,    41.06 KB ( <1%) overhead. 
      Class:      3.04 MB capacity,     2.86 MB ( 94%) used,   166.76 KB (  5%) free+waste,    20.31 KB ( <1%) overhead. 
       Both:     23.55 MB capacity,    22.99 MB ( 98%) used,   515.96 KB (  2%) free+waste,    61.38 KB ( <1%) overhead. 

Virtual space:
  Non-class space:       22.00 MB reserved,      20.67 MB ( 94%) committed 
      Class space:      504.00 MB reserved,       3.13 MB ( <1%) committed 
             Both:      526.00 MB reserved,      23.80 MB (  5%) committed 

Chunk freelists:
   Non-Class:  37.00 KB
       Class:  19.00 KB
        Both:  56.00 KB

MaxMetaspaceSize: 512.00 MB
CompressedClassSpaceSize: 504.00 MB
Initial GC threshold: 20.80 MB
Current GC threshold: 35.08 MB
CDS: off

CodeHeap 'non-profiled nmethods': size=120064Kb used=1047Kb max_used=1047Kb free=119016Kb
 bounds [0x0000021e76f30000, 0x0000021e771a0000, 0x0000021e7e470000]
CodeHeap 'profiled nmethods': size=120000Kb used=4433Kb max_used=4433Kb free=115566Kb
 bounds [0x0000021e6fa00000, 0x0000021e6fe60000, 0x0000021e76f30000]
CodeHeap 'non-nmethods': size=5696Kb used=1219Kb max_used=1250Kb free=4476Kb
 bounds [0x0000021e6f470000, 0x0000021e6f6e0000, 0x0000021e6fa00000]
 total_blobs=2592 nmethods=2098 adapters=406
 compilation: enabled
              stopped_count=0, restarted_count=0
 full_count=0

Compilation events (20 events):
Event: 4.009 Thread 0x0000021e06080800 nmethod 2069 0x0000021e77035c10 code [0x0000021e77035da0, 0x0000021e77035e58]
Event: 4.020 Thread 0x0000021e0608d000 2088       3       java.lang.invoke.DirectMethodHandle::preparedLambdaForm (248 bytes)
Event: 4.021 Thread 0x0000021e0608d000 nmethod 2088 0x0000021e6fe4ba10 code [0x0000021e6fe4bce0, 0x0000021e6fe4c778]
Event: 4.021 Thread 0x0000021e0608d000 2089       3       java.lang.invoke.DirectMethodHandle::<init> (141 bytes)
Event: 4.023 Thread 0x0000021e0608d000 nmethod 2089 0x0000021e6fe4cc10 code [0x0000021e6fe4cf00, 0x0000021e6fe4dfa8]
Event: 4.023 Thread 0x0000021e0608d000 2090   !   3       java.lang.invoke.MethodHandle::setVarargs (24 bytes)
Event: 4.023 Thread 0x0000021e0608d000 nmethod 2090 0x0000021e6fe4e510 code [0x0000021e6fe4e720, 0x0000021e6fe4edb8]
Event: 4.023 Thread 0x0000021e0608d000 2091       3       java.lang.invoke.MemberName::isVarargs (23 bytes)
Event: 4.023 Thread 0x0000021e0608d000 nmethod 2091 0x0000021e6fe4f010 code [0x0000021e6fe4f200, 0x0000021e6fe4f698]
Event: 4.032 Thread 0x0000021e0608d000 2092       3       java.lang.invoke.MethodHandles$Lookup::findBoundCallerLookup (26 bytes)
Event: 4.033 Thread 0x0000021e0608d000 nmethod 2092 0x0000021e6fe4f810 code [0x0000021e6fe4fa40, 0x0000021e6fe50238]
Event: 4.033 Thread 0x0000021e0608d000 2094       3       jdk.internal.org.objectweb.asm.MethodWriter::visitAnnotation (82 bytes)
Event: 4.033 Thread 0x0000021e0608d000 nmethod 2094 0x0000021e6fe50490 code [0x0000021e6fe506e0, 0x0000021e6fe50f98]
Event: 4.033 Thread 0x0000021e0608d000 2093       3       java.lang.invoke.MethodHandles$Lookup::getDirectMethodCommon (275 bytes)
Event: 4.035 Thread 0x0000021e0608d000 nmethod 2093 0x0000021e6fe51290 code [0x0000021e6fe515e0, 0x0000021e6fe52858]
Event: 4.035 Thread 0x0000021e0608d000 2095       3       jdk.internal.org.objectweb.asm.AnnotationWriter::<init> (34 bytes)
Event: 4.035 Thread 0x0000021e0608d000 nmethod 2095 0x0000021e6fe52e90 code [0x0000021e6fe53060, 0x0000021e6fe53368]
Event: 4.035 Thread 0x0000021e0608d000 2096       3       jdk.internal.org.objectweb.asm.AnnotationVisitor::<init> (7 bytes)
Event: 4.035 Thread 0x0000021e0608d000 nmethod 2096 0x0000021e6fe53490 code [0x0000021e6fe53660, 0x0000021e6fe53988]
Event: 4.035 Thread 0x0000021e0608d000 2097       3       jdk.internal.org.objectweb.asm.AnnotationVisitor::<init> (35 bytes)

GC Heap History (10 events):
Event: 0.524 GC heap before
{Heap before GC invocations=0 (full 0):
 garbage-first heap   total 262144K, used 16384K [0x0000000080000000, 0x0000000100000000)
  region size 1024K, 14 young (14336K), 0 survivors (0K)
 Metaspace       used 6764K, capacity 6985K, committed 7168K, reserved 524288K
  class space    used 573K, capacity 650K, committed 768K, reserved 516096K
}
Event: 0.529 GC heap after
{Heap after GC invocations=1 (full 0):
 garbage-first heap   total 262144K, used 4245K [0x0000000080000000, 0x0000000100000000)
  region size 1024K, 2 young (2048K), 2 survivors (2048K)
 Metaspace       used 6764K, capacity 6985K, committed 7168K, reserved 524288K
  class space    used 573K, capacity 650K, committed 768K, reserved 516096K
}
Event: 0.818 GC heap before
{Heap before GC invocations=1 (full 0):
 garbage-first heap   total 262144K, used 16533K [0x0000000080000000, 0x0000000100000000)
  region size 1024K, 12 young (12288K), 2 survivors (2048K)
 Metaspace       used 10036K, capacity 10258K, committed 10368K, reserved 526336K
  class space    used 1015K, capacity 1107K, committed 1152K, reserved 516096K
}
Event: 0.822 GC heap after
{Heap after GC invocations=2 (full 0):
 garbage-first heap   total 262144K, used 9987K [0x0000000080000000, 0x0000000100000000)
  region size 1024K, 2 young (2048K), 2 survivors (2048K)
 Metaspace       used 10036K, capacity 10258K, committed 10368K, reserved 526336K
  class space    used 1015K, capacity 1107K, committed 1152K, reserved 516096K
}
Event: 1.550 GC heap before
{Heap before GC invocations=2 (full 0):
 garbage-first heap   total 262144K, used 39683K [0x0000000080000000, 0x0000000100000000)
  region size 1024K, 30 young (30720K), 2 survivors (2048K)
 Metaspace       used 11244K, capacity 11503K, committed 11776K, reserved 528384K
  class space    used 1149K, capacity 1245K, committed 1280K, reserved 516096K
}
Event: 1.553 GC heap after
{Heap after GC invocations=3 (full 0):
 garbage-first heap   total 262144K, used 11886K [0x0000000080000000, 0x0000000100000000)
  region size 1024K, 4 young (4096K), 4 survivors (4096K)
 Metaspace       used 11244K, capacity 11503K, committed 11776K, reserved 528384K
  class space    used 1149K, capacity 1245K, committed 1280K, reserved 516096K
}
Event: 3.309 GC heap before
{Heap before GC invocations=3 (full 0):
 garbage-first heap   total 262144K, used 53870K [0x0000000080000000, 0x0000000100000000)
  region size 1024K, 45 young (46080K), 4 survivors (4096K)
 Metaspace       used 17755K, capacity 18126K, committed 18432K, reserved 532480K
  class space    used 2062K, capacity 2178K, committed 2304K, reserved 516096K
}
Event: 3.315 GC heap after
{Heap after GC invocations=4 (full 0):
 garbage-first heap   total 262144K, used 16688K [0x0000000080000000, 0x0000000100000000)
  region size 1024K, 6 young (6144K), 6 survivors (6144K)
 Metaspace       used 17755K, capacity 18126K, committed 18432K, reserved 532480K
  class space    used 2062K, capacity 2178K, committed 2304K, reserved 516096K
}
Event: 3.659 GC heap before
{Heap before GC invocations=4 (full 0):
 garbage-first heap   total 262144K, used 39216K [0x0000000080000000, 0x0000000100000000)
  region size 1024K, 29 young (29696K), 6 survivors (6144K)
 Metaspace       used 20723K, capacity 21187K, committed 21296K, reserved 536576K
  class space    used 2478K, capacity 2628K, committed 2688K, reserved 516096K
}
Event: 3.667 GC heap after
{Heap after GC invocations=5 (full 0):
 garbage-first heap   total 262144K, used 18064K [0x0000000080000000, 0x0000000100000000)
  region size 1024K, 2 young (2048K), 2 survivors (2048K)
 Metaspace       used 20723K, capacity 21187K, committed 21296K, reserved 536576K
  class space    used 2478K, capacity 2628K, committed 2688K, reserved 516096K
}

Deoptimization events (20 events):
Event: 3.520 Thread 0x0000021e072e1800 Uncommon trap: trap_request=0xffffffc6 fr.pc=0x0000021e76fb11d4 relative=0x0000000000000114
Event: 3.520 Thread 0x0000021e072e1800 Uncommon trap: reason=bimorphic_or_optimized_type_check action=maybe_recompile pc=0x0000021e76fb11d4 method=java.util.AbstractList$Itr.next()Ljava/lang/Object; @ 14 c2
Event: 3.520 Thread 0x0000021e072e1800 DEOPT PACKING pc=0x0000021e76fb11d4 sp=0x000000efeccfc5d0
Event: 3.520 Thread 0x0000021e072e1800 DEOPT UNPACKING pc=0x0000021e6f4ba1af sp=0x000000efeccfc568 mode 2
Event: 3.521 Thread 0x0000021e072e1800 Uncommon trap: trap_request=0xffffff4d fr.pc=0x0000021e76fa9bb4 relative=0x00000000000004f4
Event: 3.521 Thread 0x0000021e072e1800 Uncommon trap: reason=unstable_if action=reinterpret pc=0x0000021e76fa9bb4 method=java.io.File.getName()Ljava/lang/String; @ 16 c2
Event: 3.521 Thread 0x0000021e072e1800 DEOPT PACKING pc=0x0000021e76fa9bb4 sp=0x000000efeccfd010
Event: 3.521 Thread 0x0000021e072e1800 DEOPT UNPACKING pc=0x0000021e6f4ba1af sp=0x000000efeccfcfe0 mode 2
Event: 3.521 Thread 0x0000021e072e1800 Uncommon trap: trap_request=0xffffff4d fr.pc=0x0000021e76fa8d80 relative=0x0000000000000440
Event: 3.521 Thread 0x0000021e072e1800 Uncommon trap: reason=unstable_if action=reinterpret pc=0x0000021e76fa8d80 method=java.lang.String.substring(I)Ljava/lang/String; @ 34 c2
Event: 3.521 Thread 0x0000021e072e1800 DEOPT PACKING pc=0x0000021e76fa8d80 sp=0x000000efeccfcf90
Event: 3.521 Thread 0x0000021e072e1800 DEOPT UNPACKING pc=0x0000021e6f4ba1af sp=0x000000efeccfcf68 mode 2
Event: 3.751 Thread 0x0000021e072e1800 Uncommon trap: trap_request=0xffffff4d fr.pc=0x0000021e77015298 relative=0x0000000000000398
Event: 3.751 Thread 0x0000021e072e1800 Uncommon trap: reason=unstable_if action=reinterpret pc=0x0000021e77015298 method=jdk.internal.org.objectweb.asm.Type.getArgumentsAndReturnSizes(Ljava/lang/String;)I @ 88 c2
Event: 3.751 Thread 0x0000021e072e1800 DEOPT PACKING pc=0x0000021e77015298 sp=0x000000efeccf9b90
Event: 3.751 Thread 0x0000021e072e1800 DEOPT UNPACKING pc=0x0000021e6f4ba1af sp=0x000000efeccf9b18 mode 2
Event: 3.991 Thread 0x0000021e072e1800 Uncommon trap: trap_request=0xffffff4d fr.pc=0x0000021e76f8677c relative=0x000000000000023c
Event: 3.991 Thread 0x0000021e072e1800 Uncommon trap: reason=unstable_if action=reinterpret pc=0x0000021e76f8677c method=java.util.concurrent.ConcurrentHashMap.get(Ljava/lang/Object;)Ljava/lang/Object; @ 76 c2
Event: 3.991 Thread 0x0000021e072e1800 DEOPT PACKING pc=0x0000021e76f8677c sp=0x000000efeccf8cb0
Event: 3.991 Thread 0x0000021e072e1800 DEOPT UNPACKING pc=0x0000021e6f4ba1af sp=0x000000efeccf8c18 mode 2

Classes redefined (0 events):
No events

Internal exceptions (20 events):
Event: 0.663 Thread 0x0000021e66d01800 Exception <a 'java/lang/NoSuchMethodError'{0x000000008fa9ffa0}: 'void java.lang.invoke.DelegatingMethodHandle$Holder.delegate(java.lang.Object, java.lang.Object, int, java.lang.Object)'> (0x000000008fa9ffa0) thrown at [./src/hotspot/share/interpreter/linkResolver.cpp, line 773]
Event: 1.677 Thread 0x0000021e66d01800 Exception <a 'java/security/PrivilegedActionException'{0x000000008fc2c8a0}> (0x000000008fc2c8a0) thrown at [./src/hotspot/share/prims/jvm.cpp, line 1306]
Event: 1.677 Thread 0x0000021e66d01800 Exception <a 'java/security/PrivilegedActionException'{0x000000008fc2ce18}> (0x000000008fc2ce18) thrown at [./src/hotspot/share/prims/jvm.cpp, line 1306]
Event: 2.066 Thread 0x0000021e66d01800 Exception <a 'java/lang/NoSuchMethodError'{0x000000008eb56960}: 'java.lang.Object java.lang.invoke.DirectMethodHandle$Holder.invokeStaticInit(java.lang.Object, java.lang.Object, java.lang.Object)'> (0x000000008eb56960) thrown at [./src/hotspot/share/interpreter/linkResolver.cpp, line 773]
Event: 2.259 Thread 0x0000021e66d01800 Exception <a 'java/lang/NoSuchMethodError'{0x000000008e5df318}: 'java.lang.Object java.lang.invoke.DirectMethodHandle$Holder.invokeStaticInit(java.lang.Object, int, int, int, int)'> (0x000000008e5df318) thrown at [./src/hotspot/share/interpreter/linkResolver.cpp, line 773]
Event: 2.802 Thread 0x0000021e66d01800 Exception <a 'java/lang/NoSuchMethodError'{0x000000008e494038}: 'java.lang.Object java.lang.invoke.DirectMethodHandle$Holder.invokeStaticInit(java.lang.Object, java.lang.Object, int, int, int, int)'> (0x000000008e494038) thrown at [./src/hotspot/share/interpreter/linkResolver.cpp, line 773]
Event: 3.092 Thread 0x0000021e66d01800 Exception <a 'java/io/IOException'{0x000000008e2bcc88}> (0x000000008e2bcc88) thrown at [./src/hotspot/share/prims/jni.cpp, line 617]
Event: 3.247 Thread 0x0000021e072e1800 Exception <a 'java/lang/NoSuchMethodError'{0x000000008d8d10c8}: 'long java.lang.invoke.DirectMethodHandle$Holder.invokeInterface(java.lang.Object, java.lang.Object)'> (0x000000008d8d10c8) thrown at [./src/hotspot/share/interpreter/linkResolver.cpp, line 773]
Event: 3.249 Thread 0x0000021e072e1800 Exception <a 'java/lang/NoSuchMethodError'{0x000000008d8de790}: 'void java.lang.invoke.DelegatingMethodHandle$Holder.reinvoke_L(java.lang.Object, java.lang.Object, java.lang.Object, java.lang.Object, java.lang.Object, java.lang.Object, java.lang.Object)'> (0x000000008d8de790) thrown at [./src/hotspot/share/interpreter/linkResolver.cpp, line 773]
Event: 3.347 Thread 0x0000021e072e1800 Exception <a 'java/lang/NoSuchMethodError'{0x000000008fc29888}: 'void java.lang.invoke.DirectMethodHandle$Holder.invokeStaticInit(java.lang.Object)'> (0x000000008fc29888) thrown at [./src/hotspot/share/interpreter/linkResolver.cpp, line 773]
Event: 3.364 Thread 0x0000021e072e1800 Exception <a 'java/lang/NoSuchMethodError'{0x000000008fce5d50}: 'java.lang.Object java.lang.invoke.DirectMethodHandle$Holder.invokeStatic(java.lang.Object, java.lang.Object, java.lang.Object, int)'> (0x000000008fce5d50) thrown at [./src/hotspot/share/interpreter/linkResolver.cpp, line 773]
Event: 3.365 Thread 0x0000021e072e1800 Exception <a 'java/lang/NoSuchMethodError'{0x000000008fce9f18}: 'java.lang.Object java.lang.invoke.DirectMethodHandle$Holder.invokeSpecial(java.lang.Object, java.lang.Object, java.lang.Object, java.lang.Object, int)'> (0x000000008fce9f18) thrown at [./src/hotspot/share/interpreter/linkResolver.cpp, line 773]
Event: 3.365 Thread 0x0000021e072e1800 Exception <a 'java/lang/NoSuchMethodError'{0x000000008fced900}: 'java.lang.Object java.lang.invoke.Invokers$Holder.linkToTargetMethod(java.lang.Object, java.lang.Object, int, java.lang.Object)'> (0x000000008fced900) thrown at [./src/hotspot/share/interpreter/linkResolver.cpp, line 773]
Event: 3.542 Thread 0x0000021e072e1800 Exception <a 'java/lang/NoSuchMethodError'{0x000000008f2373b0}: 'java.lang.Object java.lang.invoke.Invokers$Holder.linkToTargetMethod(java.lang.Object, java.lang.Object, java.lang.Object, java.lang.Object, java.lang.Object, java.lang.Object)'> (0x000000008f2373b0) thrown at [./src/hotspot/share/interpreter/linkResolver.cpp, line 773]
Event: 3.680 Thread 0x0000021e072e1800 Exception <a 'java/lang/NoSuchMethodError'{0x000000008ff5c660}: 'int java.lang.invoke.DirectMethodHandle$Holder.invokeSpecialIFC(java.lang.Object, java.lang.Object, java.lang.Object, java.lang.Object)'> (0x000000008ff5c660) thrown at [./src/hotspot/share/interpreter/linkResolver.cpp, line 773]
Event: 3.687 Thread 0x0000021e072e1800 Exception <a 'java/lang/NoSuchMethodError'{0x000000008ffb1208}: 'java.lang.Object java.lang.invoke.DirectMethodHandle$Holder.invokeInterface(java.lang.Object, java.lang.Object, java.lang.Object)'> (0x000000008ffb1208) thrown at [./src/hotspot/share/interpreter/linkResolver.cpp, line 773]
Event: 3.687 Thread 0x0000021e072e1800 Exception <a 'java/lang/IncompatibleClassChangeError'{0x000000008ffb46e0}: Found class java.lang.Object, but interface was expected> (0x000000008ffb46e0) thrown at [./src/hotspot/share/interpreter/linkResolver.cpp, line 839]
Event: 3.804 Thread 0x0000021e072e1800 Exception <a 'java/lang/NoSuchMethodError'{0x000000008f71cd50}: 'void java.lang.invoke.DirectMethodHandle$Holder.invokeSpecial(java.lang.Object, java.lang.Object, java.lang.Object, java.lang.Object, java.lang.Object)'> (0x000000008f71cd50) thrown at [./src/hotspot/share/interpreter/linkResolver.cpp, line 773]
Event: 3.831 Thread 0x0000021e072e1800 Exception <a 'java/lang/NoSuchMethodError'{0x000000008f57b340}: 'java.lang.Object java.lang.invoke.DirectMethodHandle$Holder.invokeSpecial(java.lang.Object, java.lang.Object, java.lang.Object, java.lang.Object, java.lang.Object, java.lang.Object, java.lang.Object, java.lang.Object, java.lang.Object)'> (0x000000008f57b340) thrown at [./src/hotspot/share/interpreter/linkResolver.cpp, line 773]
Event: 3.917 Thread 0x0000021e072e1800 Exception <a 'java/lang/NoSuchMethodError'{0x000000008ebf0e30}: 'java.lang.Object java.lang.invoke.DirectMethodHandle$Holder.invokeVirtual(java.lang.Object, java.lang.Object, java.lang.Object, java.lang.Object)'> (0x000000008ebf0e30) thrown at [./src/hotspot/share/interpreter/linkResolver.cpp, line 773]

Events (20 events):
Event: 4.032 loading class org/gradle/internal/instantiation/generator/AsmBackedClassGenerator$ClassBuilderImpl$24
Event: 4.032 loading class org/gradle/internal/instantiation/generator/AsmBackedClassGenerator$ClassBuilderImpl$24 done
Event: 4.033 loading class org/objectweb/asm/MethodVisitor
Event: 4.033 loading class org/objectweb/asm/MethodVisitor done
Event: 4.033 loading class org/gradle/internal/instantiation/generator/AsmBackedClassGenerator$ClassBuilderImpl
Event: 4.033 loading class org/gradle/internal/instantiation/generator/AsmBackedClassGenerator$ClassBuilderImpl done
Event: 4.033 loading class org/gradle/internal/instantiation/generator/AsmBackedClassGenerator$ClassBuilderImpl$25
Event: 4.033 loading class org/gradle/internal/instantiation/generator/AsmBackedClassGenerator$ClassBuilderImpl$25 done
Event: 4.034 loading class org/objectweb/asm/MethodVisitor
Event: 4.034 loading class org/objectweb/asm/MethodVisitor done
Event: 4.034 loading class org/gradle/internal/instantiation/generator/AsmBackedClassGenerator$ClassBuilderImpl
Event: 4.034 loading class org/gradle/internal/instantiation/generator/AsmBackedClassGenerator$ClassBuilderImpl done
Event: 4.034 loading class org/gradle/internal/instantiation/generator/AsmBackedClassGenerator$ClassBuilderImpl$26
Event: 4.034 loading class org/gradle/internal/instantiation/generator/AsmBackedClassGenerator$ClassBuilderImpl$26 done
Event: 4.034 loading class org/objectweb/asm/Edge
Event: 4.034 loading class org/objectweb/asm/Edge done
Event: 4.035 loading class org/objectweb/asm/MethodVisitor
Event: 4.035 loading class org/objectweb/asm/MethodVisitor done
Event: 4.035 loading class org/gradle/internal/instantiation/generator/AsmBackedClassGenerator$ClassBuilderImpl
Event: 4.035 loading class org/gradle/internal/instantiation/generator/AsmBackedClassGenerator$ClassBuilderImpl done


Dynamic libraries:
0x00007ff6672e0000 - 0x00007ff6672ed000 	C:\Program Files\Eclipse Adoptium\jdk-11.0.17.8-hotspot\bin\java.exe
0x00007ffcaf950000 - 0x00007ffcafb64000 	C:\Windows\SYSTEM32\ntdll.dll
0x00007ffcae3e0000 - 0x00007ffcae4a3000 	C:\Windows\System32\KERNEL32.DLL
0x00007ffcad3a0000 - 0x00007ffcad73d000 	C:\Windows\System32\KERNELBASE.dll
0x00007ffcacd70000 - 0x00007ffcace81000 	C:\Windows\System32\ucrtbase.dll
0x00007ffc96ea0000 - 0x00007ffc96eb7000 	C:\Program Files\Eclipse Adoptium\jdk-11.0.17.8-hotspot\bin\jli.dll
0x00007ffc916c0000 - 0x00007ffc916d5000 	C:\Program Files\Eclipse Adoptium\jdk-11.0.17.8-hotspot\bin\VCRUNTIME140.dll
0x00007ffcae230000 - 0x00007ffcae3dd000 	C:\Windows\System32\USER32.dll
0x00007ffcad040000 - 0x00007ffcad066000 	C:\Windows\System32\win32u.dll
0x00007ffc91b60000 - 0x00007ffc91dee000 	C:\Windows\WinSxS\amd64_microsoft.windows.common-controls_6595b64144ccf1df_6.0.22621.608_none_a9444ca7c10bb01d\COMCTL32.dll
0x00007ffcae060000 - 0x00007ffcae089000 	C:\Windows\System32\GDI32.dll
0x00007ffcadc80000 - 0x00007ffcadd27000 	C:\Windows\System32\msvcrt.dll
0x00007ffcad070000 - 0x00007ffcad182000 	C:\Windows\System32\gdi32full.dll
0x00007ffcad300000 - 0x00007ffcad39a000 	C:\Windows\System32\msvcp_win.dll
0x00007ffcaf6f0000 - 0x00007ffcaf722000 	C:\Windows\System32\IMM32.DLL
0x00007ffc6caa0000 - 0x00007ffc6cb3b000 	C:\Program Files\Eclipse Adoptium\jdk-11.0.17.8-hotspot\bin\msvcp140.dll
0x00007ffc4a9b0000 - 0x00007ffc4b532000 	C:\Program Files\Eclipse Adoptium\jdk-11.0.17.8-hotspot\bin\server\jvm.dll
0x00007ffcadfb0000 - 0x00007ffcae05e000 	C:\Windows\System32\ADVAPI32.dll
0x00007ffcae670000 - 0x00007ffcae714000 	C:\Windows\System32\sechost.dll
0x00007ffcaf5d0000 - 0x00007ffcaf6e5000 	C:\Windows\System32\RPCRT4.dll
0x00007ffcae190000 - 0x00007ffcae198000 	C:\Windows\System32\PSAPI.DLL
0x00007ffca8140000 - 0x00007ffca8149000 	C:\Windows\SYSTEM32\WSOCK32.dll
0x00007ffca7640000 - 0x00007ffca764a000 	C:\Windows\SYSTEM32\VERSION.dll
0x00007ffca2230000 - 0x00007ffca2264000 	C:\Windows\SYSTEM32\WINMM.dll
0x00007ffcaf7c0000 - 0x00007ffcaf831000 	C:\Windows\System32\WS2_32.dll
0x00007ffcabdd0000 - 0x00007ffcabde8000 	C:\Windows\SYSTEM32\kernel.appcore.dll
0x00007ffca6360000 - 0x00007ffca6370000 	C:\Program Files\Eclipse Adoptium\jdk-11.0.17.8-hotspot\bin\verify.dll
0x00007ffc9b530000 - 0x00007ffc9b75e000 	C:\Windows\SYSTEM32\DBGHELP.DLL
0x00007ffcae720000 - 0x00007ffcaeaaa000 	C:\Windows\System32\combase.dll
0x00007ffcaded0000 - 0x00007ffcadfa7000 	C:\Windows\System32\OLEAUT32.dll
0x00007ffc9b380000 - 0x00007ffc9b3b2000 	C:\Windows\SYSTEM32\dbgcore.DLL
0x00007ffcace90000 - 0x00007ffcacf0b000 	C:\Windows\System32\bcryptPrimitives.dll
0x00007ffc91050000 - 0x00007ffc91078000 	C:\Program Files\Eclipse Adoptium\jdk-11.0.17.8-hotspot\bin\java.dll
0x00007ffc91640000 - 0x00007ffc9164a000 	C:\Program Files\Eclipse Adoptium\jdk-11.0.17.8-hotspot\bin\jimage.dll
0x00007ffc8cf60000 - 0x00007ffc8cf78000 	C:\Program Files\Eclipse Adoptium\jdk-11.0.17.8-hotspot\bin\zip.dll
0x00007ffcaedc0000 - 0x00007ffcaf5af000 	C:\Windows\System32\SHELL32.dll
0x00007ffcaad90000 - 0x00007ffcab658000 	C:\Windows\SYSTEM32\windows.storage.dll
0x00007ffcaac50000 - 0x00007ffcaad8e000 	C:\Windows\SYSTEM32\wintypes.dll
0x00007ffcaecc0000 - 0x00007ffcaedb1000 	C:\Windows\System32\SHCORE.dll
0x00007ffcaf760000 - 0x00007ffcaf7be000 	C:\Windows\System32\shlwapi.dll
0x00007ffcacca0000 - 0x00007ffcaccc1000 	C:\Windows\SYSTEM32\profapi.dll
0x00007ffc880a0000 - 0x00007ffc880b9000 	C:\Program Files\Eclipse Adoptium\jdk-11.0.17.8-hotspot\bin\net.dll
0x00007ffca6d00000 - 0x00007ffca6e2f000 	C:\Windows\SYSTEM32\WINHTTP.dll
0x00007ffcac230000 - 0x00007ffcac299000 	C:\Windows\system32\mswsock.dll
0x00007ffc87500000 - 0x00007ffc87513000 	C:\Program Files\Eclipse Adoptium\jdk-11.0.17.8-hotspot\bin\nio.dll
0x00007ffc6c810000 - 0x00007ffc6c837000 	C:\Users\carri\.gradle\native\e1d6ef7f7dcc3fd88c89a11ec53ec762bb8ba0a96d01ffa2cd45eb1d1d8dd5c5\windows-amd64\native-platform.dll
0x00007ffc4c4b0000 - 0x00007ffc4c5f4000 	C:\Users\carri\.gradle\native\0d407fdbe67a94daf76414ababcb853783967236a71b16ec16e742cd7a986fd3\windows-amd64\native-platform-file-events.dll
0x00007ffc83bb0000 - 0x00007ffc83bb9000 	C:\Program Files\Eclipse Adoptium\jdk-11.0.17.8-hotspot\bin\management.dll
0x00007ffc83b80000 - 0x00007ffc83b8b000 	C:\Program Files\Eclipse Adoptium\jdk-11.0.17.8-hotspot\bin\management_ext.dll
0x00007ffcac480000 - 0x00007ffcac49b000 	C:\Windows\SYSTEM32\CRYPTSP.dll
0x00007ffcabd40000 - 0x00007ffcabd75000 	C:\Windows\system32\rsaenh.dll
0x00007ffcac320000 - 0x00007ffcac348000 	C:\Windows\SYSTEM32\USERENV.dll
0x00007ffcac640000 - 0x00007ffcac668000 	C:\Windows\SYSTEM32\bcrypt.dll
0x00007ffcac4a0000 - 0x00007ffcac4ac000 	C:\Windows\SYSTEM32\CRYPTBASE.dll
0x00007ffcab8b0000 - 0x00007ffcab8dd000 	C:\Windows\SYSTEM32\IPHLPAPI.DLL
0x00007ffcaf5c0000 - 0x00007ffcaf5c9000 	C:\Windows\System32\NSI.dll
0x00007ffca6b30000 - 0x00007ffca6b49000 	C:\Windows\SYSTEM32\dhcpcsvc6.DLL
0x00007ffca6920000 - 0x00007ffca693f000 	C:\Windows\SYSTEM32\dhcpcsvc.DLL
0x00007ffcab920000 - 0x00007ffcaba12000 	C:\Windows\SYSTEM32\DNSAPI.dll

dbghelp: loaded successfully - version: 4.0.5 - missing functions: none
symbol engine: initialized successfully - sym options: 0x614 - pdb path: .;C:\Program Files\Eclipse Adoptium\jdk-11.0.17.8-hotspot\bin;C:\Windows\SYSTEM32;C:\Windows\WinSxS\amd64_microsoft.windows.common-controls_6595b64144ccf1df_6.0.22621.608_none_a9444ca7c10bb01d;C:\Program Files\Eclipse Adoptium\jdk-11.0.17.8-hotspot\bin\server;C:\Users\carri\.gradle\native\e1d6ef7f7dcc3fd88c89a11ec53ec762bb8ba0a96d01ffa2cd45eb1d1d8dd5c5\windows-amd64;C:\Users\carri\.gradle\native\0d407fdbe67a94daf76414ababcb853783967236a71b16ec16e742cd7a986fd3\windows-amd64

VM Arguments:
jvm_args: -XX:MaxMetaspaceSize=512m --add-opens=java.base/java.util=ALL-UNNAMED --add-opens=java.base/java.lang=ALL-UNNAMED --add-opens=java.base/java.lang.invoke=ALL-UNNAMED --add-opens=java.base/java.util=ALL-UNNAMED --add-opens=java.prefs/java.util.prefs=ALL-UNNAMED --add-opens=java.prefs/java.util.prefs=ALL-UNNAMED --add-opens=java.base/java.nio.charset=ALL-UNNAMED --add-opens=java.base/java.net=ALL-UNNAMED --add-opens=java.base/java.util.concurrent.atomic=ALL-UNNAMED -Xmx2048m -Dfile.encoding=windows-1252 -Duser.country=VE -Duser.language=es -Duser.variant 
java_command: org.gradle.launcher.daemon.bootstrap.GradleDaemon 7.5.1
java_class_path (initial): C:\Users\carri\.gradle\wrapper\dists\gradle-7.5.1-all\1ehga6e77gqps5uk2kc5kf1vc\gradle-7.5.1\lib\gradle-launcher-7.5.1.jar
Launcher Type: SUN_STANDARD

[Global flags]
     intx CICompilerCount                          = 3                                         {product} {ergonomic}
   size_t CompressedClassSpaceSize                 = 528482304                                 {product} {ergonomic}
     uint ConcGCThreads                            = 1                                         {product} {ergonomic}
     uint G1ConcRefinementThreads                  = 4                                         {product} {ergonomic}
   size_t G1HeapRegionSize                         = 1048576                                   {product} {ergonomic}
    uintx GCDrainStackTargetSize                   = 64                                        {product} {ergonomic}
   size_t InitialHeapSize                          = 268435456                                 {product} {ergonomic}
   size_t MarkStackSize                            = 4194304                                   {product} {ergonomic}
   size_t MaxHeapSize                              = 2147483648                                {product} {command line}
   size_t MaxMetaspaceSize                         = 536870912                                 {product} {command line}
   size_t MaxNewSize                               = 1287651328                                {product} {ergonomic}
   size_t MinHeapDeltaBytes                        = 1048576                                   {product} {ergonomic}
    uintx NonNMethodCodeHeapSize                   = 5830732                                {pd product} {ergonomic}
    uintx NonProfiledCodeHeapSize                  = 122913754                              {pd product} {ergonomic}
    uintx ProfiledCodeHeapSize                     = 122913754                              {pd product} {ergonomic}
    uintx ReservedCodeCacheSize                    = 251658240                              {pd product} {ergonomic}
     bool SegmentedCodeCache                       = true                                      {product} {ergonomic}
     bool UseCompressedClassPointers               = true                                 {lp64_product} {ergonomic}
     bool UseCompressedOops                        = true                                 {lp64_product} {ergonomic}
     bool UseG1GC                                  = true                                      {product} {ergonomic}
     bool UseLargePagesIndividualAllocation        = false                                  {pd product} {ergonomic}

Logging:
Log output configuration:
 #0: stdout all=warning uptime,level,tags
 #1: stderr all=off uptime,level,tags

Environment Variables:
CLASSPATH=C:\Users\carri\ReactNative_Projects\ReactNativeElements\android\\gradle\wrapper\gradle-wrapper.jar
PATH=C:\Users\carri\ReactNative_Projects\ReactNativeElements\android\node_modules\.bin;C:\Users\carri\ReactNative_Projects\ReactNativeElements\node_modules\.bin;C:\Users\carri\ReactNative_Projects\node_modules\.bin;C:\Users\carri\node_modules\.bin;C:\Users\node_modules\.bin;C:\node_modules\.bin;C:\Program Files\nodejs;C:\Users\carri\ReactNative_Projects\ReactNativeElements\node_modules\.bin;C:\Users\carri\ReactNative_Projects\ReactNativeElements\node_modules\.bin;C:\Users\carri\ReactNative_Projects\node_modules\.bin;C:\Users\carri\node_modules\.bin;C:\Users\node_modules\.bin;C:\node_modules\.bin;C:\Program Files\nodejs\node_modules\npm\node_modules\@npmcli\run-script\lib\node-gyp-bin;C:\Program Files (x86)\NVIDIA Corporation\PhysX\Common;C:\Program Files\Eclipse Adoptium\jdk-11.0.17.8-hotspot\bin;C:\ProgramData\Oracle\Java\javapath;C:\Windows\system32;C:\Windows;C:\Windows\System32\Wbem;C:\Windows\System32\WindowsPowerShell\v1.0\;C:\Windows\System32\OpenSSH\;C:\Program Files\nodejs\;C:\ProgramData\chocolatey\bin;%LOCALAPPDATA%\Android\Sdk\platform-tools;C:\Program Files\Docker\Docker\resources\bin;C:\Program Files\Git\cmd;C:\Users\carri\AppData\Local\Microsoft\WindowsApps;;C:\Users\carri\AppData\Local\Programs\Microsoft VS Code\bin;C:\Users\carri\AppData\Roaming\npm
USERNAME=carri
LANG=es_ES.UTF-8
OS=Windows_NT
PROCESSOR_IDENTIFIER=Intel64 Family 6 Model 42 Stepping 7, GenuineIntel
TMP=C:\Users\carri\AppData\Local\Temp
TEMP=C:\Users\carri\AppData\Local\Temp



---------------  S Y S T E M  ---------------

OS: Windows 11 , 64 bit Build 22621 (10.0.22621.963)
OS uptime: 1 days 18:03 hours
Hyper-V role detected

CPU:total 4 (initial active 4) (4 cores per cpu, 1 threads per core) family 6 model 42 stepping 7 microcode 0x2f, cmov, cx8, fxsr, mmx, sse, sse2, sse3, ssse3, sse4.1, sse4.2, popcnt, avx, aes, clmul, tsc, tscinvbit

Memory: 4k page, system-wide physical 16366M (10548M free)
TotalPageFile size 17390M (AvailPageFile size 10528M)
current process WorkingSet (physical memory assigned to process): 169M, peak: 170M
current process commit charge ("private bytes"): 396M, peak: 397M

vm_info: OpenJDK 64-Bit Server VM (11.0.17+8) for windows-amd64 JRE (11.0.17+8), built on Oct 19 2022 00:04:05 by "" with MS VC++ 15.9 (VS2017)

END.
