#
# A fatal error has been detected by the Java Runtime Environment:
#
#  EXCEPTION_ACCESS_VIOLATION (0xc0000005) at pc=0x00007ffcc459953a, pid=9364, tid=1996
#
# JRE version: OpenJDK Runtime Environment Temurin-11.0.17+8 (11.0.17+8) (build 11.0.17+8)
# Java VM: OpenJDK 64-Bit Server VM Temurin-11.0.17+8 (11.0.17+8, mixed mode, tiered, compressed oops, g1 gc, windows-amd64)
# Problematic frame:
# V  [jvm.dll+0x36953a]
#
# No core dump will be written. Minidumps are not enabled by default on client versions of Windows
#
# If you would like to submit a bug report, please visit:
#   https://github.com/adoptium/adoptium-support/issues
#

---------------  S U M M A R Y ------------

Command Line: -Xmx64m -Xms64m -Dorg.gradle.appname=gradlew org.gradle.wrapper.GradleWrapperMain app:installDebug -PreactNativeDevServerPort=8081

Host: Intel(R) Core(TM) i5-2400 CPU @ 3.10GHz, 4 cores, 15G,  Windows 11 , 64 bit Build 22621 (10.0.22621.1105)
Time: Fri Feb 10 11:33:01 2023 Hora estándar de Venezuela elapsed time: 1.292657 seconds (0d 0h 0m 1s)

---------------  T H R E A D  ---------------

Current thread (0x0000023f34a60000):  JavaThread "main" [_thread_in_vm, id=1996, stack(0x000000d09f100000,0x000000d09f200000)]

Stack: [0x000000d09f100000,0x000000d09f200000],  sp=0x000000d09f1fc5d0,  free space=1009k
Native frames: (J=compiled Java code, j=interpreted, Vv=VM code, C=native code)
V  [jvm.dll+0x36953a]
V  [jvm.dll+0x51147d]
V  [jvm.dll+0x50ed17]
V  [jvm.dll+0x510b4a]
V  [jvm.dll+0x377f78]
V  [jvm.dll+0x3775f8]
C  0x0000023f3d1ec78e

Java frames: (J=compiled Java code, j=interpreted, Vv=VM code)
j  net.rubygrapefruit.platform.internal.AbstractTerminal.streamForOutput(Lnet/rubygrapefruit/platform/terminal/Terminals$Output;)Ljava/io/OutputStream;+14
j  net.rubygrapefruit.platform.internal.WindowsTerminal.<init>(Lnet/rubygrapefruit/platform/terminal/Terminals$Output;)V+22
j  net.rubygrapefruit.platform.internal.WindowsTerminals.createTerminal(Lnet/rubygrapefruit/platform/terminal/Terminals$Output;)Lnet/rubygrapefruit/platform/internal/AbstractTerminal;+23
j  net.rubygrapefruit.platform.internal.AbstractTerminals.getTerminal(Lnet/rubygrapefruit/platform/terminal/Terminals$Output;)Lnet/rubygrapefruit/platform/terminal/TerminalOutput;+41
j  org.gradle.internal.nativeintegration.console.NativePlatformConsoleDetector.getConsole()Lorg/gradle/internal/nativeintegration/console/ConsoleMetaData;+77
j  org.gradle.internal.nativeintegration.console.TestOverrideConsoleDetector.getConsole()Lorg/gradle/internal/nativeintegration/console/ConsoleMetaData;+19
j  org.gradle.internal.logging.sink.ConsoleConfigureAction.getConsoleMetaData()Lorg/gradle/internal/nativeintegration/console/ConsoleMetaData;+13
j  org.gradle.internal.logging.sink.ConsoleConfigureAction.execute(Lorg/gradle/internal/logging/sink/OutputEventRenderer;Lorg/gradle/api/logging/configuration/ConsoleOutput;)V+2
j  org.gradle.internal.logging.sink.OutputEventRenderer.attachProcessConsole(Lorg/gradle/api/logging/configuration/ConsoleOutput;)V+9
j  org.gradle.internal.logging.services.DefaultLoggingManager$ProcessConsoleAttachment.run()V+8
j  org.gradle.internal.logging.services.DefaultLoggingManager$StartableLoggingRouter.addConsoleAttachement(Ljava/lang/Runnable;)V+37
j  org.gradle.internal.logging.services.DefaultLoggingManager$StartableLoggingRouter.attachProcessConsole(Lorg/gradle/api/logging/configuration/ConsoleOutput;)V+13
j  org.gradle.internal.logging.services.DefaultLoggingManager.attachProcessConsole(Lorg/gradle/api/logging/configuration/ConsoleOutput;)V+5
j  org.gradle.launcher.cli.NativeServicesInitializingAction.execute(Lorg/gradle/launcher/bootstrap/ExecutionListener;)V+25
j  org.gradle.launcher.cli.NativeServicesInitializingAction.execute(Ljava/lang/Object;)V+5
j  org.gradle.launcher.cli.ExceptionReportingAction.execute(Lorg/gradle/launcher/bootstrap/ExecutionListener;)V+5
j  org.gradle.launcher.cli.ExceptionReportingAction.execute(Ljava/lang/Object;)V+5
j  org.gradle.launcher.cli.DefaultCommandLineActionFactory$WithLogging.execute(Lorg/gradle/launcher/bootstrap/ExecutionListener;)V+299
j  org.gradle.launcher.Main.doAction([Ljava/lang/String;Lorg/gradle/launcher/bootstrap/ExecutionListener;)V+14
j  org.gradle.launcher.bootstrap.EntryPoint.run([Ljava/lang/String;)V+12
v  ~StubRoutines::call_stub
j  jdk.internal.reflect.NativeMethodAccessorImpl.invoke0(Ljava/lang/reflect/Method;Ljava/lang/Object;[Ljava/lang/Object;)Ljava/lang/Object;+0 java.base@11.0.17
j  jdk.internal.reflect.NativeMethodAccessorImpl.invoke(Ljava/lang/Object;[Ljava/lang/Object;)Ljava/lang/Object;+100 java.base@11.0.17
j  jdk.internal.reflect.DelegatingMethodAccessorImpl.invoke(Ljava/lang/Object;[Ljava/lang/Object;)Ljava/lang/Object;+6 java.base@11.0.17
j  java.lang.reflect.Method.invoke(Ljava/lang/Object;[Ljava/lang/Object;)Ljava/lang/Object;+59 java.base@11.0.17
j  org.gradle.launcher.bootstrap.ProcessBootstrap.runNoExit(Ljava/lang/String;[Ljava/lang/String;)V+159
j  org.gradle.launcher.bootstrap.ProcessBootstrap.run(Ljava/lang/String;[Ljava/lang/String;)V+2
v  ~StubRoutines::call_stub
j  jdk.internal.reflect.NativeMethodAccessorImpl.invoke0(Ljava/lang/reflect/Method;Ljava/lang/Object;[Ljava/lang/Object;)Ljava/lang/Object;+0 java.base@11.0.17
j  jdk.internal.reflect.NativeMethodAccessorImpl.invoke(Ljava/lang/Object;[Ljava/lang/Object;)Ljava/lang/Object;+100 java.base@11.0.17
j  jdk.internal.reflect.DelegatingMethodAccessorImpl.invoke(Ljava/lang/Object;[Ljava/lang/Object;)Ljava/lang/Object;+6 java.base@11.0.17
j  java.lang.reflect.Method.invoke(Ljava/lang/Object;[Ljava/lang/Object;)Ljava/lang/Object;+59 java.base@11.0.17
j  org.gradle.launcher.GradleMain.main([Ljava/lang/String;)V+100
v  ~StubRoutines::call_stub
j  jdk.internal.reflect.NativeMethodAccessorImpl.invoke0(Ljava/lang/reflect/Method;Ljava/lang/Object;[Ljava/lang/Object;)Ljava/lang/Object;+0 java.base@11.0.17
j  jdk.internal.reflect.NativeMethodAccessorImpl.invoke(Ljava/lang/Object;[Ljava/lang/Object;)Ljava/lang/Object;+100 java.base@11.0.17
j  jdk.internal.reflect.DelegatingMethodAccessorImpl.invoke(Ljava/lang/Object;[Ljava/lang/Object;)Ljava/lang/Object;+6 java.base@11.0.17
j  java.lang.reflect.Method.invoke(Ljava/lang/Object;[Ljava/lang/Object;)Ljava/lang/Object;+59 java.base@11.0.17
j  org.gradle.wrapper.BootstrapMainStarter.start([Ljava/lang/String;Ljava/io/File;)V+105
j  org.gradle.wrapper.WrapperExecutor.execute([Ljava/lang/String;Lorg/gradle/wrapper/Install;Lorg/gradle/wrapper/BootstrapMainStarter;)V+14
j  org.gradle.wrapper.GradleWrapperMain.main([Ljava/lang/String;)V+190
v  ~StubRoutines::call_stub

siginfo: EXCEPTION_ACCESS_VIOLATION (0xc0000005), reading address 0x0000021f4e89b918


Register to memory mapping:

RIP=0x00007ffcc459953a jvm.dll
RAX=0x0000000000000047 is an unknown value
RBX=0x0000023f4e89b990 is pointing into metadata
RCX=0x0000021f4e89b910 is an unknown value
RDX=0x0000000000000004 is an unknown value
RSP=0x000000d09f1fc5d0 is pointing into the stack for thread: 0x0000023f34a60000
RBP=0x0000000000000001 is an unknown value
RSI=0x0000023f4ef3a608 points into unknown readable memory: 0x693c1495ffff0006 | 06 00 ff ff 95 14 3c 69
RDI=0x0000000000000003 is an unknown value
R8 =0x0000000000000003 is an unknown value
R9 =0x0000023f4ef3a608 points into unknown readable memory: 0x693c1495ffff0006 | 06 00 ff ff 95 14 3c 69
R10=0x0000023f4e89b7c0 is pointing into metadata
R11=0x0000000000000003 is an unknown value
R12=0x0000023f4ef4ab30 points into unknown readable memory: 0x4c281404ffff001b | 1b 00 ff ff 04 14 28 4c
R13=0x0000023f4e89b7a0 is pointing into metadata
R14=0x0 is NULL
R15=0x0000000000000013 is an unknown value


Registers:
RAX=0x0000000000000047, RBX=0x0000023f4e89b990, RCX=0x0000021f4e89b910, RDX=0x0000000000000004
RSP=0x000000d09f1fc5d0, RBP=0x0000000000000001, RSI=0x0000023f4ef3a608, RDI=0x0000000000000003
R8 =0x0000000000000003, R9 =0x0000023f4ef3a608, R10=0x0000023f4e89b7c0, R11=0x0000000000000003
R12=0x0000023f4ef4ab30, R13=0x0000023f4e89b7a0, R14=0x0000000000000000, R15=0x0000000000000013
RIP=0x00007ffcc459953a, EFLAGS=0x0000000000010206

Top of Stack: (sp=0x000000d09f1fc5d0)
0x000000d09f1fc5d0:   0000000100022360 000000d09f1fc7c0
0x000000d09f1fc5e0:   0000023f4ef4ab30 0000023f4ef3a608
0x000000d09f1fc5f0:   000000d09f1fc920 00007ffcc474147d
0x000000d09f1fc600:   0000000100022360 0000000000000000
0x000000d09f1fc610:   000000d09f1fc700 0000023f34a60000
0x000000d09f1fc620:   0000000100000000 0000023f4ef438d0
0x000000d09f1fc630:   0000023f34a60000 0000023f32891710
0x000000d09f1fc640:   0000023f34a60630 0000023f34a60640
0x000000d09f1fc650:   0000023f34a60a18 00000000000003d8
0x000000d09f1fc660:   000000d09f1fc9d0 00007ffcc473deca
0x000000d09f1fc670:   0000000100021820 0000023f4ef438d0
0x000000d09f1fc680:   0000023f34a60000 0000000100021820
0x000000d09f1fc690:   0000023f4e898301 00007ffcc4593e00
0x000000d09f1fc6a0:   0000023f34a60000 000000000000000a
0x000000d09f1fc6b0:   0000023f4ef438d0 0000023f4ef4ab10
0x000000d09f1fc6c0:   0000023f4e8983f0 0000023f4e897e30 

Instructions: (pc=0x00007ffcc459953a)
0x00007ffcc459943a:   4d 63 7d 00 45 8d 47 ff 45 85 c0 78 57 66 0f 1f
0x00007ffcc459944a:   84 00 00 00 00 00 43 8d 14 10 d1 fa 48 63 c2 49
0x00007ffcc459945a:   8b 7c c5 08 4c 8b 5f 08 49 8b 5b 08 41 0f b7 43
0x00007ffcc459946a:   2a 4c 8b 4c c3 40 4c 3b ce 73 07 b9 ff ff ff ff
0x00007ffcc459947a:   eb 0a 33 c9 4c 3b ce 0f 95 c1 74 56 85 c9 8d 42
0x00007ffcc459948a:   ff 44 0f 49 c0 8d 42 01 41 0f 49 c2 44 8b d0 41
0x00007ffcc459949a:   3b c0 7e b2 33 c0 48 85 c0 75 1e 48 8b 44 24 30
0x00007ffcc45994aa:   bd 01 00 00 00 48 8b 40 78 48 89 44 24 30 48 85
0x00007ffcc45994ba:   c0 0f 85 6f ff ff ff 33 c0 48 8b 5c 24 38 48 8b
0x00007ffcc45994ca:   6c 24 40 48 8b 74 24 48 41 5f 41 5e 41 5d 41 5c
0x00007ffcc45994da:   5f c3 83 fa ff 74 bd 41 0f b7 43 2c 4c 39 64 c3
0x00007ffcc45994ea:   40 75 2a 83 fd 01 75 0d 41 0f b6 43 24 c0 e8 06
0x00007ffcc45994fa:   40 84 c5 75 18 41 83 fe 01 0f 85 04 01 00 00 8b
0x00007ffcc459950a:   47 20 d1 e8 41 84 c6 0f 84 f6 00 00 00 44 8d 5a
0x00007ffcc459951a:   ff 4d 63 c3 45 85 db 78 69 4e 8d 14 c5 08 00 00
0x00007ffcc459952a:   00 4d 03 d5 66 90 49 8b 1a 49 8b f8 48 8b 4b 08
0x00007ffcc459953a:   4c 8b 49 08 0f b7 41 2a 49 39 74 c1 40 75 43 0f
0x00007ffcc459954a:   b7 41 2c 4d 39 64 c1 40 75 29 83 fd 01 75 0c 0f
0x00007ffcc459955a:   b6 41 24 c0 e8 06 40 84 c5 75 18 41 83 fe 01 0f
0x00007ffcc459956a:   85 9b 00 00 00 8b 43 20 d1 e8 41 84 c6 0f 84 8d
0x00007ffcc459957a:   00 00 00 41 ff cb 49 ff c8 49 83 ea 08 48 85 ff
0x00007ffcc459958a:   7f a4 ff c2 4c 63 c2 4d 3b c7 0f 8d 04 ff ff ff
0x00007ffcc459959a:   4e 8d 14 c5 08 00 00 00 4d 03 d5 66 66 66 0f 1f
0x00007ffcc45995aa:   84 00 00 00 00 00 4d 8b 1a 49 8b 43 08 4c 8b 48
0x00007ffcc45995ba:   08 0f b7 48 2a 49 39 74 c9 40 0f 85 d4 fe ff ff
0x00007ffcc45995ca:   0f b7 48 2c 4d 39 64 c9 40 75 22 83 fd 01 75 0c
0x00007ffcc45995da:   0f b6 48 24 c0 e9 06 40 84 cd 75 11 41 83 fe 01
0x00007ffcc45995ea:   75 21 41 8b 43 20 d1 e8 41 84 c6 74 16 ff c2 49
0x00007ffcc45995fa:   ff c0 49 83 c2 08 4d 3b c7 7c ab e9 94 fe ff ff
0x00007ffcc459960a:   41 8b d3 85 d2 0f 88 89 fe ff ff 48 63 c2 49 8b
0x00007ffcc459961a:   44 c5 08 e9 7e fe ff ff cc cc cc cc cc cc cc cc
0x00007ffcc459962a:   cc cc cc cc cc cc 48 8b c4 48 83 ec 68 48 89 58 


Stack slot to memory mapping:
stack at sp + 0 slots: 0x0000000100022360 is a pointer to class: 
java.io.FileOutputStream {0x0000000100022368}
stack at sp + 1 slots: 0x000000d09f1fc7c0 is pointing into the stack for thread: 0x0000023f34a60000
stack at sp + 2 slots: 0x0000023f4ef4ab30 points into unknown readable memory: 0x4c281404ffff001b | 1b 00 ff ff 04 14 28 4c
stack at sp + 3 slots: 0x0000023f4ef3a608 points into unknown readable memory: 0x693c1495ffff0006 | 06 00 ff ff 95 14 3c 69
stack at sp + 4 slots: 0x000000d09f1fc920 is pointing into the stack for thread: 0x0000023f34a60000
stack at sp + 5 slots: 0x00007ffcc474147d jvm.dll
stack at sp + 6 slots: 0x0000000100022360 is a pointer to class: 
java.io.FileOutputStream {0x0000000100022368}
stack at sp + 7 slots: 0x0 is NULL


---------------  P R O C E S S  ---------------

Threads class SMR info:
_java_thread_list=0x0000023f4f5d61d0, length=11, elements={
0x0000023f34a60000, 0x0000023f4f079800, 0x0000023f4f082800, 0x0000023f4f0db800,
0x0000023f4f0dc800, 0x0000023f4f0df800, 0x0000023f4f0e2000, 0x0000023f4f0e7000,
0x0000023f4f0f3000, 0x0000023f4f385800, 0x0000023f4fd7f000
}

Java Threads: ( => current thread )
=>0x0000023f34a60000 JavaThread "main" [_thread_in_vm, id=1996, stack(0x000000d09f100000,0x000000d09f200000)]
  0x0000023f4f079800 JavaThread "Reference Handler" daemon [_thread_blocked, id=10776, stack(0x000000d09f800000,0x000000d09f900000)]
  0x0000023f4f082800 JavaThread "Finalizer" daemon [_thread_blocked, id=9348, stack(0x000000d09f900000,0x000000d09fa00000)]
  0x0000023f4f0db800 JavaThread "Signal Dispatcher" daemon [_thread_blocked, id=13592, stack(0x000000d09fa00000,0x000000d09fb00000)]
  0x0000023f4f0dc800 JavaThread "Attach Listener" daemon [_thread_blocked, id=9548, stack(0x000000d09fb00000,0x000000d09fc00000)]
  0x0000023f4f0df800 JavaThread "Service Thread" daemon [_thread_blocked, id=6544, stack(0x000000d09fc00000,0x000000d09fd00000)]
  0x0000023f4f0e2000 JavaThread "C2 CompilerThread0" daemon [_thread_blocked, id=14284, stack(0x000000d09fd00000,0x000000d09fe00000)]
  0x0000023f4f0e7000 JavaThread "C1 CompilerThread0" daemon [_thread_blocked, id=14872, stack(0x000000d09fe00000,0x000000d09ff00000)]
  0x0000023f4f0f3000 JavaThread "Sweeper thread" daemon [_thread_blocked, id=14468, stack(0x000000d09ff00000,0x000000d0a0000000)]
  0x0000023f4f385800 JavaThread "Common-Cleaner" daemon [_thread_blocked, id=12004, stack(0x000000d0a0100000,0x000000d0a0200000)]
  0x0000023f4fd7f000 JavaThread "C2 CompilerThread1" daemon [_thread_blocked, id=3848, stack(0x000000d0a0300000,0x000000d0a0400000)]

Other Threads:
  0x0000023f4f054800 VMThread "VM Thread" [stack: 0x000000d09f700000,0x000000d09f800000] [id=13776]
  0x0000023f4f37f800 WatcherThread [stack: 0x000000d0a0000000,0x000000d0a0100000] [id=6944]
  0x0000023f34a78000 GCTaskThread "GC Thread#0" [stack: 0x000000d09f200000,0x000000d09f300000] [id=16184]
  0x0000023f4f94a800 GCTaskThread "GC Thread#1" [stack: 0x000000d0a0200000,0x000000d0a0300000] [id=13664]
  0x0000023f34a83000 ConcurrentGCThread "G1 Main Marker" [stack: 0x000000d09f300000,0x000000d09f400000] [id=2212]
  0x0000023f34a84000 ConcurrentGCThread "G1 Conc#0" [stack: 0x000000d09f400000,0x000000d09f500000] [id=2588]
  0x0000023f34ad9000 ConcurrentGCThread "G1 Refine#0" [stack: 0x000000d09f500000,0x000000d09f600000] [id=2876]
  0x0000023f34adc000 ConcurrentGCThread "G1 Young RemSet Sampling" [stack: 0x000000d09f600000,0x000000d09f700000] [id=11572]

Threads with active compile tasks:

VM state:not at safepoint (normal execution)

VM Mutex/Monitor currently owned by a thread: None

Heap address: 0x00000000fc000000, size: 64 MB, Compressed Oops mode: 32-bit
Narrow klass base: 0x0000000000000000, Narrow klass shift: 3
Compressed class space size: 1073741824 Address: 0x0000000100000000

Heap:
 garbage-first heap   total 65536K, used 18579K [0x00000000fc000000, 0x0000000100000000)
  region size 1024K, 15 young (15360K), 2 survivors (2048K)
 Metaspace       used 11001K, capacity 11256K, committed 11520K, reserved 1058816K
  class space    used 1138K, capacity 1242K, committed 1280K, reserved 1048576K
Heap Regions: E=young(eden), S=young(survivor), O=old, HS=humongous(starts), HC=humongous(continues), CS=collection set, F=free, A=archive, TAMS=top-at-mark-start (previous, next)
|   0|0x00000000fc000000, 0x00000000fc100000, 0x00000000fc100000|100%|HS|  |TAMS 0x00000000fc000000, 0x00000000fc000000| Complete 
|   1|0x00000000fc100000, 0x00000000fc200000, 0x00000000fc200000|100%|HC|  |TAMS 0x00000000fc100000, 0x00000000fc100000| Complete 
|   2|0x00000000fc200000, 0x00000000fc300000, 0x00000000fc300000|100%|HC|  |TAMS 0x00000000fc200000, 0x00000000fc200000| Complete 
|   3|0x00000000fc300000, 0x00000000fc400000, 0x00000000fc400000|100%| O|  |TAMS 0x00000000fc300000, 0x00000000fc300000| Untracked 
|   4|0x00000000fc400000, 0x00000000fc424e00, 0x00000000fc500000| 14%| O|  |TAMS 0x00000000fc400000, 0x00000000fc400000| Untracked 
|   5|0x00000000fc500000, 0x00000000fc500000, 0x00000000fc600000|  0%| F|  |TAMS 0x00000000fc500000, 0x00000000fc500000| Untracked 
|   6|0x00000000fc600000, 0x00000000fc600000, 0x00000000fc700000|  0%| F|  |TAMS 0x00000000fc600000, 0x00000000fc600000| Untracked 
|   7|0x00000000fc700000, 0x00000000fc700000, 0x00000000fc800000|  0%| F|  |TAMS 0x00000000fc700000, 0x00000000fc700000| Untracked 
|   8|0x00000000fc800000, 0x00000000fc800000, 0x00000000fc900000|  0%| F|  |TAMS 0x00000000fc800000, 0x00000000fc800000| Untracked 
|   9|0x00000000fc900000, 0x00000000fc900000, 0x00000000fca00000|  0%| F|  |TAMS 0x00000000fc900000, 0x00000000fc900000| Untracked 
|  10|0x00000000fca00000, 0x00000000fca00000, 0x00000000fcb00000|  0%| F|  |TAMS 0x00000000fca00000, 0x00000000fca00000| Untracked 
|  11|0x00000000fcb00000, 0x00000000fcb00000, 0x00000000fcc00000|  0%| F|  |TAMS 0x00000000fcb00000, 0x00000000fcb00000| Untracked 
|  12|0x00000000fcc00000, 0x00000000fcc00000, 0x00000000fcd00000|  0%| F|  |TAMS 0x00000000fcc00000, 0x00000000fcc00000| Untracked 
|  13|0x00000000fcd00000, 0x00000000fcd00000, 0x00000000fce00000|  0%| F|  |TAMS 0x00000000fcd00000, 0x00000000fcd00000| Untracked 
|  14|0x00000000fce00000, 0x00000000fce00000, 0x00000000fcf00000|  0%| F|  |TAMS 0x00000000fce00000, 0x00000000fce00000| Untracked 
|  15|0x00000000fcf00000, 0x00000000fcf00000, 0x00000000fd000000|  0%| F|  |TAMS 0x00000000fcf00000, 0x00000000fcf00000| Untracked 
|  16|0x00000000fd000000, 0x00000000fd000000, 0x00000000fd100000|  0%| F|  |TAMS 0x00000000fd000000, 0x00000000fd000000| Untracked 
|  17|0x00000000fd100000, 0x00000000fd100000, 0x00000000fd200000|  0%| F|  |TAMS 0x00000000fd100000, 0x00000000fd100000| Untracked 
|  18|0x00000000fd200000, 0x00000000fd200000, 0x00000000fd300000|  0%| F|  |TAMS 0x00000000fd200000, 0x00000000fd200000| Untracked 
|  19|0x00000000fd300000, 0x00000000fd300000, 0x00000000fd400000|  0%| F|  |TAMS 0x00000000fd300000, 0x00000000fd300000| Untracked 
|  20|0x00000000fd400000, 0x00000000fd400000, 0x00000000fd500000|  0%| F|  |TAMS 0x00000000fd400000, 0x00000000fd400000| Untracked 
|  21|0x00000000fd500000, 0x00000000fd500000, 0x00000000fd600000|  0%| F|  |TAMS 0x00000000fd500000, 0x00000000fd500000| Untracked 
|  22|0x00000000fd600000, 0x00000000fd600000, 0x00000000fd700000|  0%| F|  |TAMS 0x00000000fd600000, 0x00000000fd600000| Untracked 
|  23|0x00000000fd700000, 0x00000000fd700000, 0x00000000fd800000|  0%| F|  |TAMS 0x00000000fd700000, 0x00000000fd700000| Untracked 
|  24|0x00000000fd800000, 0x00000000fd800000, 0x00000000fd900000|  0%| F|  |TAMS 0x00000000fd800000, 0x00000000fd800000| Untracked 
|  25|0x00000000fd900000, 0x00000000fd900000, 0x00000000fda00000|  0%| F|  |TAMS 0x00000000fd900000, 0x00000000fd900000| Untracked 
|  26|0x00000000fda00000, 0x00000000fda00000, 0x00000000fdb00000|  0%| F|  |TAMS 0x00000000fda00000, 0x00000000fda00000| Untracked 
|  27|0x00000000fdb00000, 0x00000000fdb00000, 0x00000000fdc00000|  0%| F|  |TAMS 0x00000000fdb00000, 0x00000000fdb00000| Untracked 
|  28|0x00000000fdc00000, 0x00000000fdc00000, 0x00000000fdd00000|  0%| F|  |TAMS 0x00000000fdc00000, 0x00000000fdc00000| Untracked 
|  29|0x00000000fdd00000, 0x00000000fdd00000, 0x00000000fde00000|  0%| F|  |TAMS 0x00000000fdd00000, 0x00000000fdd00000| Untracked 
|  30|0x00000000fde00000, 0x00000000fde00000, 0x00000000fdf00000|  0%| F|  |TAMS 0x00000000fde00000, 0x00000000fde00000| Untracked 
|  31|0x00000000fdf00000, 0x00000000fdf00000, 0x00000000fe000000|  0%| F|  |TAMS 0x00000000fdf00000, 0x00000000fdf00000| Untracked 
|  32|0x00000000fe000000, 0x00000000fe000000, 0x00000000fe100000|  0%| F|  |TAMS 0x00000000fe000000, 0x00000000fe000000| Untracked 
|  33|0x00000000fe100000, 0x00000000fe100000, 0x00000000fe200000|  0%| F|  |TAMS 0x00000000fe100000, 0x00000000fe100000| Untracked 
|  34|0x00000000fe200000, 0x00000000fe200000, 0x00000000fe300000|  0%| F|  |TAMS 0x00000000fe200000, 0x00000000fe200000| Untracked 
|  35|0x00000000fe300000, 0x00000000fe300000, 0x00000000fe400000|  0%| F|  |TAMS 0x00000000fe300000, 0x00000000fe300000| Untracked 
|  36|0x00000000fe400000, 0x00000000fe400000, 0x00000000fe500000|  0%| F|  |TAMS 0x00000000fe400000, 0x00000000fe400000| Untracked 
|  37|0x00000000fe500000, 0x00000000fe500000, 0x00000000fe600000|  0%| F|  |TAMS 0x00000000fe500000, 0x00000000fe500000| Untracked 
|  38|0x00000000fe600000, 0x00000000fe600000, 0x00000000fe700000|  0%| F|  |TAMS 0x00000000fe600000, 0x00000000fe600000| Untracked 
|  39|0x00000000fe700000, 0x00000000fe700000, 0x00000000fe800000|  0%| F|  |TAMS 0x00000000fe700000, 0x00000000fe700000| Untracked 
|  40|0x00000000fe800000, 0x00000000fe800000, 0x00000000fe900000|  0%| F|  |TAMS 0x00000000fe800000, 0x00000000fe800000| Untracked 
|  41|0x00000000fe900000, 0x00000000fe900000, 0x00000000fea00000|  0%| F|  |TAMS 0x00000000fe900000, 0x00000000fe900000| Untracked 
|  42|0x00000000fea00000, 0x00000000fea00000, 0x00000000feb00000|  0%| F|  |TAMS 0x00000000fea00000, 0x00000000fea00000| Untracked 
|  43|0x00000000feb00000, 0x00000000feb00000, 0x00000000fec00000|  0%| F|  |TAMS 0x00000000feb00000, 0x00000000feb00000| Untracked 
|  44|0x00000000fec00000, 0x00000000fec00000, 0x00000000fed00000|  0%| F|  |TAMS 0x00000000fec00000, 0x00000000fec00000| Untracked 
|  45|0x00000000fed00000, 0x00000000fed00000, 0x00000000fee00000|  0%| F|  |TAMS 0x00000000fed00000, 0x00000000fed00000| Untracked 
|  46|0x00000000fee00000, 0x00000000fee00000, 0x00000000fef00000|  0%| F|  |TAMS 0x00000000fee00000, 0x00000000fee00000| Untracked 
|  47|0x00000000fef00000, 0x00000000fef00000, 0x00000000ff000000|  0%| F|  |TAMS 0x00000000fef00000, 0x00000000fef00000| Untracked 
|  48|0x00000000ff000000, 0x00000000ff100000, 0x00000000ff100000|100%| S|CS|TAMS 0x00000000ff000000, 0x00000000ff000000| Complete 
|  49|0x00000000ff100000, 0x00000000ff200000, 0x00000000ff200000|100%| S|CS|TAMS 0x00000000ff100000, 0x00000000ff100000| Complete 
|  50|0x00000000ff200000, 0x00000000ff200000, 0x00000000ff300000|  0%| F|  |TAMS 0x00000000ff200000, 0x00000000ff200000| Untracked 
|  51|0x00000000ff300000, 0x00000000ff400000, 0x00000000ff400000|100%| E|  |TAMS 0x00000000ff300000, 0x00000000ff300000| Complete 
|  52|0x00000000ff400000, 0x00000000ff500000, 0x00000000ff500000|100%| E|CS|TAMS 0x00000000ff400000, 0x00000000ff400000| Complete 
|  53|0x00000000ff500000, 0x00000000ff600000, 0x00000000ff600000|100%| E|CS|TAMS 0x00000000ff500000, 0x00000000ff500000| Complete 
|  54|0x00000000ff600000, 0x00000000ff700000, 0x00000000ff700000|100%| E|CS|TAMS 0x00000000ff600000, 0x00000000ff600000| Complete 
|  55|0x00000000ff700000, 0x00000000ff800000, 0x00000000ff800000|100%| E|CS|TAMS 0x00000000ff700000, 0x00000000ff700000| Complete 
|  56|0x00000000ff800000, 0x00000000ff900000, 0x00000000ff900000|100%| E|CS|TAMS 0x00000000ff800000, 0x00000000ff800000| Complete 
|  57|0x00000000ff900000, 0x00000000ffa00000, 0x00000000ffa00000|100%| E|CS|TAMS 0x00000000ff900000, 0x00000000ff900000| Complete 
|  58|0x00000000ffa00000, 0x00000000ffb00000, 0x00000000ffb00000|100%| E|CS|TAMS 0x00000000ffa00000, 0x00000000ffa00000| Complete 
|  59|0x00000000ffb00000, 0x00000000ffc00000, 0x00000000ffc00000|100%| E|CS|TAMS 0x00000000ffb00000, 0x00000000ffb00000| Complete 
|  60|0x00000000ffc00000, 0x00000000ffd00000, 0x00000000ffd00000|100%| E|CS|TAMS 0x00000000ffc00000, 0x00000000ffc00000| Complete 
|  61|0x00000000ffd00000, 0x00000000ffe00000, 0x00000000ffe00000|100%| E|CS|TAMS 0x00000000ffd00000, 0x00000000ffd00000| Complete 
|  62|0x00000000ffe00000, 0x00000000fff00000, 0x00000000fff00000|100%| E|CS|TAMS 0x00000000ffe00000, 0x00000000ffe00000| Complete 
|  63|0x00000000fff00000, 0x0000000100000000, 0x0000000100000000|100%| E|CS|TAMS 0x00000000fff00000, 0x00000000fff00000| Complete 

Card table byte_map: [0x0000023f329f0000,0x0000023f32a10000] _byte_map_base: 0x0000023f32210000

Marking Bits (Prev, Next): (CMBitMap*) 0x0000023f34a7ffb8, (CMBitMap*) 0x0000023f34a7fff0
 Prev Bits: [0x0000023f34860000, 0x0000023f34960000)
 Next Bits: [0x0000023f4c1d0000, 0x0000023f4c2d0000)

Polling page: 0x0000023f329a0000

Metaspace:

Usage:
  Non-class:      9.78 MB capacity,     9.63 MB ( 98%) used,   138.86 KB (  1%) free+waste,    12.19 KB ( <1%) overhead. 
      Class:      1.21 MB capacity,     1.11 MB ( 92%) used,    96.97 KB (  8%) free+waste,     6.06 KB ( <1%) overhead. 
       Both:     10.99 MB capacity,    10.74 MB ( 98%) used,   235.83 KB (  2%) free+waste,    18.25 KB ( <1%) overhead. 

Virtual space:
  Non-class space:       10.00 MB reserved,      10.00 MB (100%) committed 
      Class space:        1.00 GB reserved,       1.25 MB ( <1%) committed 
             Both:        1.01 GB reserved,      11.25 MB (  1%) committed 

Chunk freelists:
   Non-Class:  34.00 KB
       Class:  6.00 KB
        Both:  40.00 KB

MaxMetaspaceSize: 17179869184.00 GB
CompressedClassSpaceSize: 1.00 GB
Initial GC threshold: 20.80 MB
Current GC threshold: 20.80 MB
CDS: off

CodeHeap 'non-profiled nmethods': size=120064Kb used=353Kb max_used=353Kb free=119711Kb
 bounds [0x0000023f44c90000, 0x0000023f44f00000, 0x0000023f4c1d0000]
CodeHeap 'profiled nmethods': size=120000Kb used=1803Kb max_used=1803Kb free=118196Kb
 bounds [0x0000023f3d760000, 0x0000023f3d9d0000, 0x0000023f44c90000]
CodeHeap 'non-nmethods': size=5696Kb used=1120Kb max_used=1143Kb free=4575Kb
 bounds [0x0000023f3d1d0000, 0x0000023f3d440000, 0x0000023f3d760000]
 total_blobs=1307 nmethods=936 adapters=284
 compilation: enabled
              stopped_count=0, restarted_count=0
 full_count=0

Compilation events (20 events):
Event: 0.993 Thread 0x0000023f4f0e7000  928       3       java.lang.ClassLoader::postDefineClass (39 bytes)
Event: 0.993 Thread 0x0000023f4f0e7000 nmethod 928 0x0000023f3d91ba10 code [0x0000023f3d91bc00, 0x0000023f3d91bf18]
Event: 0.993 Thread 0x0000023f4f0e7000  929       3       java.lang.ClassLoader::getNamedPackage (73 bytes)
Event: 0.994 Thread 0x0000023f4f0e7000 nmethod 929 0x0000023f3d91c090 code [0x0000023f3d91c2a0, 0x0000023f3d91c7c8]
Event: 0.994 Thread 0x0000023f4f0e7000  926   !   3       java.lang.ClassLoader::checkCerts (195 bytes)
Event: 0.995 Thread 0x0000023f4f0e7000 nmethod 926 0x0000023f3d91c990 code [0x0000023f3d91cd00, 0x0000023f3d91e348]
Event: 0.995 Thread 0x0000023f4f0e7000  927       3       java.lang.ClassLoader::defineClassSourceLocation (28 bytes)
Event: 0.995 Thread 0x0000023f4f0e7000 nmethod 927 0x0000023f3d91eb10 code [0x0000023f3d91ece0, 0x0000023f3d91f048]
Event: 0.995 Thread 0x0000023f4f0e7000  931       3       java.net.URLStreamHandler::setURL (159 bytes)
Event: 0.997 Thread 0x0000023f4f0e7000 nmethod 931 0x0000023f3d91f210 code [0x0000023f3d91f580, 0x0000023f3d9209e8]
Event: 0.997 Thread 0x0000023f4f0e7000  930       3       java.lang.ClassLoader::defineClass (43 bytes)
Event: 0.997 Thread 0x0000023f4f0e7000 nmethod 930 0x0000023f3d921190 code [0x0000023f3d9213a0, 0x0000023f3d921898]
Event: 0.997 Thread 0x0000023f4f0e7000  933       3       jdk.internal.loader.URLClassPath$JarLoader$2::getCodeSourceURL (8 bytes)
Event: 0.997 Thread 0x0000023f4f0e7000 nmethod 933 0x0000023f3d921b10 code [0x0000023f3d921cc0, 0x0000023f3d921dd8]
Event: 0.997 Thread 0x0000023f4f0e7000  934       3       jdk.internal.loader.URLClassPath$JarLoader$2::getManifest (26 bytes)
Event: 0.997 Thread 0x0000023f4f0e7000 nmethod 934 0x0000023f3d921e90 code [0x0000023f3d9220a0, 0x0000023f3d922548]
Event: 0.997 Thread 0x0000023f4f0e7000  935       3       java.util.jar.JavaUtilJarAccessImpl::ensureInitialization (5 bytes)
Event: 0.998 Thread 0x0000023f4f0e7000 nmethod 935 0x0000023f3d922790 code [0x0000023f3d922940, 0x0000023f3d922ae8]
Event: 0.998 Thread 0x0000023f4f0e7000  936       3       java.util.zip.CRC32::<init> (5 bytes)
Event: 0.998 Thread 0x0000023f4f0e7000 nmethod 936 0x0000023f3d922b90 code [0x0000023f3d922d40, 0x0000023f3d922e98]

GC Heap History (2 events):
Event: 0.582 GC heap before
{Heap before GC invocations=0 (full 0):
 garbage-first heap   total 65536K, used 16384K [0x00000000fc000000, 0x0000000100000000)
  region size 1024K, 14 young (14336K), 0 survivors (0K)
 Metaspace       used 7657K, capacity 7825K, committed 7936K, reserved 1056768K
  class space    used 671K, capacity 754K, committed 768K, reserved 1048576K
}
Event: 0.586 GC heap after
{Heap after GC invocations=1 (full 0):
 garbage-first heap   total 65536K, used 3219K [0x00000000fc000000, 0x0000000100000000)
  region size 1024K, 2 young (2048K), 2 survivors (2048K)
 Metaspace       used 7657K, capacity 7825K, committed 7936K, reserved 1056768K
  class space    used 671K, capacity 754K, committed 768K, reserved 1048576K
}

Deoptimization events (20 events):
Event: 0.857 Thread 0x0000023f34a60000 Uncommon trap: trap_request=0xffffffde fr.pc=0x0000023f44cae7c8 relative=0x00000000000003a8
Event: 0.857 Thread 0x0000023f34a60000 Uncommon trap: reason=class_check action=maybe_recompile pc=0x0000023f44cae7c8 method=java.util.regex.Matcher.match(II)Z @ 121 c2
Event: 0.857 Thread 0x0000023f34a60000 DEOPT PACKING pc=0x0000023f44cae7c8 sp=0x000000d09f1fd170
Event: 0.857 Thread 0x0000023f34a60000 DEOPT UNPACKING pc=0x0000023f3d21a1af sp=0x000000d09f1fd118 mode 2
Event: 0.857 Thread 0x0000023f34a60000 Uncommon trap: trap_request=0xffffffde fr.pc=0x0000023f44cae7c8 relative=0x00000000000003a8
Event: 0.857 Thread 0x0000023f34a60000 Uncommon trap: reason=class_check action=maybe_recompile pc=0x0000023f44cae7c8 method=java.util.regex.Matcher.match(II)Z @ 121 c2
Event: 0.857 Thread 0x0000023f34a60000 DEOPT PACKING pc=0x0000023f44cae7c8 sp=0x000000d09f1fd170
Event: 0.857 Thread 0x0000023f34a60000 DEOPT UNPACKING pc=0x0000023f3d21a1af sp=0x000000d09f1fd118 mode 2
Event: 0.858 Thread 0x0000023f34a60000 Uncommon trap: trap_request=0xffffffde fr.pc=0x0000023f44cae7c8 relative=0x00000000000003a8
Event: 0.858 Thread 0x0000023f34a60000 Uncommon trap: reason=class_check action=maybe_recompile pc=0x0000023f44cae7c8 method=java.util.regex.Matcher.match(II)Z @ 121 c2
Event: 0.858 Thread 0x0000023f34a60000 DEOPT PACKING pc=0x0000023f44cae7c8 sp=0x000000d09f1fcff0
Event: 0.858 Thread 0x0000023f34a60000 DEOPT UNPACKING pc=0x0000023f3d21a1af sp=0x000000d09f1fcf98 mode 2
Event: 0.858 Thread 0x0000023f34a60000 Uncommon trap: trap_request=0xffffffde fr.pc=0x0000023f44cae7c8 relative=0x00000000000003a8
Event: 0.858 Thread 0x0000023f34a60000 Uncommon trap: reason=class_check action=maybe_recompile pc=0x0000023f44cae7c8 method=java.util.regex.Matcher.match(II)Z @ 121 c2
Event: 0.858 Thread 0x0000023f34a60000 DEOPT PACKING pc=0x0000023f44cae7c8 sp=0x000000d09f1fcff0
Event: 0.858 Thread 0x0000023f34a60000 DEOPT UNPACKING pc=0x0000023f3d21a1af sp=0x000000d09f1fcf98 mode 2
Event: 0.865 Thread 0x0000023f34a60000 Uncommon trap: trap_request=0xffffff4d fr.pc=0x0000023f44cd2554 relative=0x0000000000000214
Event: 0.865 Thread 0x0000023f34a60000 Uncommon trap: reason=unstable_if action=reinterpret pc=0x0000023f44cd2554 method=java.util.HashMap.hash(Ljava/lang/Object;)I @ 1 c2
Event: 0.865 Thread 0x0000023f34a60000 DEOPT PACKING pc=0x0000023f44cd2554 sp=0x000000d09f1fd0d0
Event: 0.865 Thread 0x0000023f34a60000 DEOPT UNPACKING pc=0x0000023f3d21a1af sp=0x000000d09f1fd008 mode 2

Classes redefined (0 events):
No events

Internal exceptions (8 events):
Event: 0.259 Thread 0x0000023f34a60000 Exception <a 'java/lang/NoSuchMethodError'{0x00000000ffc4ac08}: 'int java.lang.invoke.DirectMethodHandle$Holder.invokeStaticInit(java.lang.Object, java.lang.Object)'> (0x00000000ffc4ac08) thrown at [./src/hotspot/share/interpreter/linkResolver.cpp, line 773]
Event: 0.308 Thread 0x0000023f34a60000 Exception <a 'java/lang/NoSuchMethodError'{0x00000000ffb1f850}: 'int java.lang.invoke.DirectMethodHandle$Holder.invokeSpecial(java.lang.Object, java.lang.Object, java.lang.Object, java.lang.Object)'> (0x00000000ffb1f850) thrown at [./src/hotspot/share/interpreter/linkResolver.cpp, line 773]
Event: 0.315 Thread 0x0000023f34a60000 Exception <a 'java/lang/NoSuchMethodError'{0x00000000ffb587d8}: 'int java.lang.invoke.DirectMethodHandle$Holder.invokeSpecialIFC(java.lang.Object, java.lang.Object, int)'> (0x00000000ffb587d8) thrown at [./src/hotspot/share/interpreter/linkResolver.cpp, line 773]
Event: 0.865 Thread 0x0000023f34a60000 Implicit null exception at 0x0000023f44cd2375 to 0x0000023f44cd2544
Event: 0.913 Thread 0x0000023f34a60000 Exception <a 'java/lang/NoClassDefFoundError'{0x00000000ff6eacc8}: org/slf4j/impl/StaticMarkerBinder> (0x00000000ff6eacc8) thrown at [./src/hotspot/share/classfile/systemDictionary.cpp, line 219]
Event: 0.935 Thread 0x0000023f34a60000 Exception <a 'java/lang/NoSuchMethodError'{0x00000000ff5e8b58}: 'java.lang.Object java.lang.invoke.DirectMethodHandle$Holder.invokeVirtual(java.lang.Object, java.lang.Object, java.lang.Object, java.lang.Object, java.lang.Object, java.lang.Object, java.lang.Object)'> (0x00000000ff5e8b58) thrown at [./src/hotspot/share/interpreter/linkResolver.cpp, line 773]
Event: 0.943 Thread 0x0000023f34a60000 Exception <a 'java/lang/NoSuchMethodError'{0x00000000ff5fc690}: 'java.lang.Object java.lang.invoke.Invokers$Holder.invoker(java.lang.Object, java.lang.Object, java.lang.Object)'> (0x00000000ff5fc690) thrown at [./src/hotspot/share/interpreter/linkResolver.cpp, line 773]
Event: 0.947 Thread 0x0000023f34a60000 Exception <a 'java/lang/NoSuchMethodError'{0x00000000ff40d678}: 'void java.lang.invoke.DelegatingMethodHandle$Holder.delegate(java.lang.Object, java.lang.Object, int, java.lang.Object)'> (0x00000000ff40d678) thrown at [./src/hotspot/share/interpreter/linkResolver.cpp, line 773]

Events (20 events):
Event: 0.992 loading class net/rubygrapefruit/platform/internal/AbstractTerminal
Event: 0.992 loading class net/rubygrapefruit/platform/internal/AbstractTerminal done
Event: 0.992 loading class net/rubygrapefruit/platform/internal/AnsiTerminal
Event: 0.992 loading class net/rubygrapefruit/platform/internal/AnsiTerminal done
Event: 0.993 loading class net/rubygrapefruit/platform/internal/WindowsTerminal
Event: 0.993 loading class net/rubygrapefruit/platform/internal/WindowsTerminal done
Event: 0.993 loading class net/rubygrapefruit/platform/terminal/TerminalInput
Event: 0.993 loading class net/rubygrapefruit/platform/terminal/TerminalInput done
Event: 0.994 loading class org/gradle/internal/nativeintegration/console/NativePlatformConsoleDetector
Event: 0.994 loading class org/gradle/internal/nativeintegration/console/NativePlatformConsoleDetector done
Event: 0.994 loading class net/rubygrapefruit/platform/internal/FunctionResult
Event: 0.994 loading class net/rubygrapefruit/platform/internal/FunctionResult done
Event: 0.995 loading class net/rubygrapefruit/platform/internal/FunctionResult$Failure
Event: 0.995 loading class net/rubygrapefruit/platform/internal/FunctionResult$Failure done
Event: 0.995 loading class net/rubygrapefruit/platform/internal/jni/WindowsConsoleFunctions
Event: 0.995 loading class net/rubygrapefruit/platform/internal/jni/WindowsConsoleFunctions done
Event: 0.995 loading class org/gradle/internal/nativeintegration/console/NativePlatformConsoleMetaData
Event: 0.995 loading class org/gradle/internal/nativeintegration/console/NativePlatformConsoleMetaData done
Event: 0.996 loading class net/rubygrapefruit/platform/terminal/TerminalSize
Event: 0.996 loading class net/rubygrapefruit/platform/terminal/TerminalSize done


Dynamic libraries:
0x00007ff6e2f00000 - 0x00007ff6e2f0d000 	C:\Program Files\Eclipse Adoptium\jdk-11.0.17.8-hotspot\bin\java.exe
0x00007ffd141d0000 - 0x00007ffd143e4000 	C:\Windows\SYSTEM32\ntdll.dll
0x00007ffd12e50000 - 0x00007ffd12f13000 	C:\Windows\System32\KERNEL32.DLL
0x00007ffd11950000 - 0x00007ffd11ced000 	C:\Windows\System32\KERNELBASE.dll
0x00007ffd11790000 - 0x00007ffd118a1000 	C:\Windows\System32\ucrtbase.dll
0x00007ffcfd420000 - 0x00007ffcfd435000 	C:\Program Files\Eclipse Adoptium\jdk-11.0.17.8-hotspot\bin\VCRUNTIME140.dll
0x00007ffcfd440000 - 0x00007ffcfd457000 	C:\Program Files\Eclipse Adoptium\jdk-11.0.17.8-hotspot\bin\jli.dll
0x00007ffd13fe0000 - 0x00007ffd1418d000 	C:\Windows\System32\USER32.dll
0x00007ffd115f0000 - 0x00007ffd11616000 	C:\Windows\System32\win32u.dll
0x00007ffd107c0000 - 0x00007ffd10a4e000 	C:\Windows\WinSxS\amd64_microsoft.windows.common-controls_6595b64144ccf1df_6.0.22621.608_none_a9444ca7c10bb01d\COMCTL32.dll
0x00007ffd129d0000 - 0x00007ffd129f9000 	C:\Windows\System32\GDI32.dll
0x00007ffd13e30000 - 0x00007ffd13ed7000 	C:\Windows\System32\msvcrt.dll
0x00007ffd11cf0000 - 0x00007ffd11e02000 	C:\Windows\System32\gdi32full.dll
0x00007ffd118b0000 - 0x00007ffd1194a000 	C:\Windows\System32\msvcp_win.dll
0x00007ffd13f90000 - 0x00007ffd13fc2000 	C:\Windows\System32\IMM32.DLL
0x00007ffce1b80000 - 0x00007ffce1c1b000 	C:\Program Files\Eclipse Adoptium\jdk-11.0.17.8-hotspot\bin\msvcp140.dll
0x00007ffcc4230000 - 0x00007ffcc4db2000 	C:\Program Files\Eclipse Adoptium\jdk-11.0.17.8-hotspot\bin\server\jvm.dll
0x00007ffd12a80000 - 0x00007ffd12b2e000 	C:\Windows\System32\ADVAPI32.dll
0x00007ffd13ee0000 - 0x00007ffd13f84000 	C:\Windows\System32\sechost.dll
0x00007ffd12b40000 - 0x00007ffd12c55000 	C:\Windows\System32\RPCRT4.dll
0x00007ffd12610000 - 0x00007ffd12618000 	C:\Windows\System32\PSAPI.DLL
0x00007ffd0bf20000 - 0x00007ffd0bf29000 	C:\Windows\SYSTEM32\WSOCK32.dll
0x00007ffd083e0000 - 0x00007ffd08414000 	C:\Windows\SYSTEM32\WINMM.dll
0x00007ffd12640000 - 0x00007ffd126b1000 	C:\Windows\System32\WS2_32.dll
0x00007ffd0ddb0000 - 0x00007ffd0ddba000 	C:\Windows\SYSTEM32\VERSION.dll
0x00007ffd0ff70000 - 0x00007ffd0ff88000 	C:\Windows\SYSTEM32\kernel.appcore.dll
0x00007ffd0be00000 - 0x00007ffd0be10000 	C:\Program Files\Eclipse Adoptium\jdk-11.0.17.8-hotspot\bin\verify.dll
0x00007ffd10f60000 - 0x00007ffd1118e000 	C:\Windows\SYSTEM32\DBGHELP.DLL
0x00007ffd13980000 - 0x00007ffd13d0a000 	C:\Windows\System32\combase.dll
0x00007ffd128f0000 - 0x00007ffd129c7000 	C:\Windows\System32\OLEAUT32.dll
0x00007ffd10dd0000 - 0x00007ffd10e02000 	C:\Windows\SYSTEM32\dbgcore.DLL
0x00007ffd11f40000 - 0x00007ffd11fbb000 	C:\Windows\System32\bcryptPrimitives.dll
0x00007ffcfd3f0000 - 0x00007ffcfd418000 	C:\Program Files\Eclipse Adoptium\jdk-11.0.17.8-hotspot\bin\java.dll
0x00007ffcfd3e0000 - 0x00007ffcfd3ea000 	C:\Program Files\Eclipse Adoptium\jdk-11.0.17.8-hotspot\bin\jimage.dll
0x00007ffcf7840000 - 0x00007ffcf7858000 	C:\Program Files\Eclipse Adoptium\jdk-11.0.17.8-hotspot\bin\zip.dll
0x00007ffd13190000 - 0x00007ffd1397f000 	C:\Windows\System32\SHELL32.dll
0x00007ffd0ec30000 - 0x00007ffd0f4f8000 	C:\Windows\SYSTEM32\windows.storage.dll
0x00007ffd0eaf0000 - 0x00007ffd0ec2e000 	C:\Windows\SYSTEM32\wintypes.dll
0x00007ffd13030000 - 0x00007ffd13121000 	C:\Windows\System32\SHCORE.dll
0x00007ffd12a20000 - 0x00007ffd12a7e000 	C:\Windows\System32\shlwapi.dll
0x00007ffd11520000 - 0x00007ffd11541000 	C:\Windows\SYSTEM32\profapi.dll
0x00007ffcf6690000 - 0x00007ffcf66a9000 	C:\Program Files\Eclipse Adoptium\jdk-11.0.17.8-hotspot\bin\net.dll
0x00007ffd09880000 - 0x00007ffd099af000 	C:\Windows\SYSTEM32\WINHTTP.dll
0x00007ffd103c0000 - 0x00007ffd10429000 	C:\Windows\system32\mswsock.dll
0x00007ffcf30f0000 - 0x00007ffcf3103000 	C:\Program Files\Eclipse Adoptium\jdk-11.0.17.8-hotspot\bin\nio.dll
0x00007ffce1b50000 - 0x00007ffce1b77000 	C:\Users\carri\.gradle\native\e1d6ef7f7dcc3fd88c89a11ec53ec762bb8ba0a96d01ffa2cd45eb1d1d8dd5c5\windows-amd64\native-platform.dll

dbghelp: loaded successfully - version: 4.0.5 - missing functions: none
symbol engine: initialized successfully - sym options: 0x614 - pdb path: .;C:\Program Files\Eclipse Adoptium\jdk-11.0.17.8-hotspot\bin;C:\Windows\SYSTEM32;C:\Windows\WinSxS\amd64_microsoft.windows.common-controls_6595b64144ccf1df_6.0.22621.608_none_a9444ca7c10bb01d;C:\Program Files\Eclipse Adoptium\jdk-11.0.17.8-hotspot\bin\server;C:\Users\carri\.gradle\native\e1d6ef7f7dcc3fd88c89a11ec53ec762bb8ba0a96d01ffa2cd45eb1d1d8dd5c5\windows-amd64

VM Arguments:
jvm_args: -Xmx64m -Xms64m -Dorg.gradle.appname=gradlew 
java_command: org.gradle.wrapper.GradleWrapperMain app:installDebug -PreactNativeDevServerPort=8081
java_class_path (initial): C:\Users\carri\ReactNative_Projects\ReactNativeElements\android\\gradle\wrapper\gradle-wrapper.jar
Launcher Type: SUN_STANDARD

[Global flags]
     intx CICompilerCount                          = 3                                         {product} {ergonomic}
     uint ConcGCThreads                            = 1                                         {product} {ergonomic}
     uint G1ConcRefinementThreads                  = 4                                         {product} {ergonomic}
   size_t G1HeapRegionSize                         = 1048576                                   {product} {ergonomic}
    uintx GCDrainStackTargetSize                   = 64                                        {product} {ergonomic}
   size_t InitialHeapSize                          = 67108864                                  {product} {command line}
   size_t MarkStackSize                            = 4194304                                   {product} {ergonomic}
   size_t MaxHeapSize                              = 67108864                                  {product} {command line}
   size_t MaxNewSize                               = 39845888                                  {product} {ergonomic}
   size_t MinHeapDeltaBytes                        = 1048576                                   {product} {ergonomic}
    uintx NonNMethodCodeHeapSize                   = 5830732                                {pd product} {ergonomic}
    uintx NonProfiledCodeHeapSize                  = 122913754                              {pd product} {ergonomic}
    uintx ProfiledCodeHeapSize                     = 122913754                              {pd product} {ergonomic}
    uintx ReservedCodeCacheSize                    = 251658240                              {pd product} {ergonomic}
     bool SegmentedCodeCache                       = true                                      {product} {ergonomic}
     bool UseCompressedClassPointers               = true                                 {lp64_product} {ergonomic}
     bool UseCompressedOops                        = true                                 {lp64_product} {ergonomic}
     bool UseG1GC                                  = true                                      {product} {ergonomic}
     bool UseLargePagesIndividualAllocation        = false                                  {pd product} {ergonomic}

Logging:
Log output configuration:
 #0: stdout all=warning uptime,level,tags
 #1: stderr all=off uptime,level,tags

Environment Variables:
CLASSPATH=C:\Users\carri\ReactNative_Projects\ReactNativeElements\android\\gradle\wrapper\gradle-wrapper.jar
PATH=C:\Users\carri\ReactNative_Projects\ReactNativeElements\android\node_modules\.bin;C:\Users\carri\ReactNative_Projects\ReactNativeElements\node_modules\.bin;C:\Users\carri\ReactNative_Projects\node_modules\.bin;C:\Users\carri\node_modules\.bin;C:\Users\node_modules\.bin;C:\node_modules\.bin;C:\Program Files\nodejs;C:\Users\carri\ReactNative_Projects\ReactNativeElements\node_modules\.bin;C:\Users\carri\ReactNative_Projects\ReactNativeElements\node_modules\.bin;C:\Users\carri\ReactNative_Projects\node_modules\.bin;C:\Users\carri\node_modules\.bin;C:\Users\node_modules\.bin;C:\node_modules\.bin;C:\Program Files\nodejs\node_modules\npm\node_modules\@npmcli\run-script\lib\node-gyp-bin;C:\Program Files (x86)\NVIDIA Corporation\PhysX\Common;C:\Program Files\Eclipse Adoptium\jdk-11.0.17.8-hotspot\bin;C:\ProgramData\Oracle\Java\javapath;C:\Windows\system32;C:\Windows;C:\Windows\System32\Wbem;C:\Windows\System32\WindowsPowerShell\v1.0\;C:\Windows\System32\OpenSSH\;C:\Program Files\nodejs\;C:\ProgramData\chocolatey\bin;%LOCALAPPDATA%\Android\Sdk\platform-tools;C:\Program Files\Docker\Docker\resources\bin;C:\Program Files\Git\cmd;C:\Users\carri\AppData\Local\Microsoft\WindowsApps;C:\Users\carri\AppData\Local\Programs\Microsoft VS Code\bin;C:\Users\carri\AppData\Roaming\npm
USERNAME=carri
OS=Windows_NT
PROCESSOR_IDENTIFIER=Intel64 Family 6 Model 42 Stepping 7, GenuineIntel
TMP=C:\Users\carri\AppData\Local\Temp
TEMP=C:\Users\carri\AppData\Local\Temp



---------------  S Y S T E M  ---------------

OS: Windows 11 , 64 bit Build 22621 (10.0.22621.1105)
OS uptime: 1 days 18:29 hours
Hyper-V role detected

CPU:total 4 (initial active 4) (4 cores per cpu, 1 threads per core) family 6 model 42 stepping 7 microcode 0x2f, cmov, cx8, fxsr, mmx, sse, sse2, sse3, ssse3, sse4.1, sse4.2, popcnt, avx, aes, clmul, tsc, tscinvbit

Memory: 4k page, system-wide physical 16366M (9129M free)
TotalPageFile size 17390M (AvailPageFile size 8500M)
current process WorkingSet (physical memory assigned to process): 71M, peak: 72M
current process commit charge ("private bytes"): 150M, peak: 151M

vm_info: OpenJDK 64-Bit Server VM (11.0.17+8) for windows-amd64 JRE (11.0.17+8), built on Oct 19 2022 00:04:05 by "" with MS VC++ 15.9 (VS2017)

END.
