#
# A fatal error has been detected by the Java Runtime Environment:
#
#  EXCEPTION_ACCESS_VIOLATION (0xc0000005) at pc=0x00007ffeba6a1575, pid=240, tid=8036
#
# JRE version: OpenJDK Runtime Environment Temurin-11.0.17+8 (11.0.17+8) (build 11.0.17+8)
# Java VM: OpenJDK 64-Bit Server VM Temurin-11.0.17+8 (11.0.17+8, mixed mode, tiered, compressed oops, g1 gc, windows-amd64)
# Problematic frame:
# V  [jvm.dll+0x1a1575]
#
# No core dump will be written. Minidumps are not enabled by default on client versions of Windows
#
# If you would like to submit a bug report, please visit:
#   https://github.com/adoptium/adoptium-support/issues
#

---------------  S U M M A R Y ------------

Command Line: -Xmx64m -Xms64m -Dorg.gradle.appname=gradlew org.gradle.wrapper.GradleWrapperMain app:installDebug -PreactNativeDevServerPort=8081

Host: Intel(R) Core(TM) i5-2400 CPU @ 3.10GHz, 4 cores, 15G,  Windows 11 , 64 bit Build 22621 (10.0.22621.1105)
Time: Fri Feb 10 22:12:05 2023 Hora estándar de Venezuela elapsed time: 1.308833 seconds (0d 0h 0m 1s)

---------------  T H R E A D  ---------------

Current thread (0x00000215e6190000):  JavaThread "C2 CompilerThread0" daemon [_thread_in_native, id=8036, stack(0x0000001c35100000,0x0000001c35200000)]


Current CompileTask:
C2:   1308  625       4       java.util.HashMap::putVal (300 bytes)

Stack: [0x0000001c35100000,0x0000001c35200000],  sp=0x0000001c351fbc00,  free space=1007k
Native frames: (J=compiled Java code, j=interpreted, Vv=VM code, C=native code)
V  [jvm.dll+0x1a1575]
V  [jvm.dll+0x35a1bb]
V  [jvm.dll+0x358ec4]
V  [jvm.dll+0x19e8dd]
V  [jvm.dll+0x209135]
V  [jvm.dll+0x20815d]
V  [jvm.dll+0x18a3b1]
V  [jvm.dll+0x217a34]
V  [jvm.dll+0x215c7b]
V  [jvm.dll+0x76ea70]
V  [jvm.dll+0x7679a4]
V  [jvm.dll+0x61e425]
C  [ucrtbase.dll+0x29363]
C  [KERNEL32.DLL+0x126bd]
C  [ntdll.dll+0x5dfb8]


siginfo: EXCEPTION_ACCESS_VIOLATION (0xc0000005), reading address 0x00007fdebafaca4c


Register to memory mapping:

RIP=0x00007ffeba6a1575 jvm.dll
RAX=0x00007ffebafaca40 jvm.dll
RBX=0x00000215e6ed47e0 points into unknown readable memory: 0x0000000000000003 | 03 00 00 00 00 00 00 00
RCX=0x000000000000000c is an unknown value
RDX=0x0000000000001000 is an unknown value
RSP=0x0000001c351fbc00 is pointing into the stack for thread: 0x00000215e6190000
RBP=0x00007ffeba500000 jvm.dll
RSI=0x0000000000000003 is an unknown value
RDI=0x000000000000000c is an unknown value
R8 =0x00007fdebafaca40 is an unknown value
R9 =0x000000000000026c is an unknown value
R10=0x00007ffeba500000 jvm.dll
R11=0x0000000055555555 is an unknown value
R12=0x0000000000000001 is an unknown value
R13=0x00000215e651f098 points into unknown readable memory: 0x00007ffebad7e7f0 | f0 e7 d7 ba fe 7f 00 00
R14=0x0 is NULL
R15=0x00000215e6513610 points into unknown readable memory: 0x00007ffebad92c48 | 48 2c d9 ba fe 7f 00 00


Registers:
RAX=0x00007ffebafaca40, RBX=0x00000215e6ed47e0, RCX=0x000000000000000c, RDX=0x0000000000001000
RSP=0x0000001c351fbc00, RBP=0x00007ffeba500000, RSI=0x0000000000000003, RDI=0x000000000000000c
R8 =0x00007fdebafaca40, R9 =0x000000000000026c, R10=0x00007ffeba500000, R11=0x0000000055555555
R12=0x0000000000000001, R13=0x00000215e651f098, R14=0x0000000000000000, R15=0x00000215e6513610
RIP=0x00007ffeba6a1575, EFLAGS=0x0000000000010206

Top of Stack: (sp=0x0000001c351fbc00)
0x0000001c351fbc00:   0000000000000000 0000000000000000
0x0000001c351fbc10:   0000000000000000 0000000000000000
0x0000001c351fbc20:   00000215e6f0d230 00007ffeba85a1bb
0x0000001c351fbc30:   0000001c351fc300 00000000000002e9
0x0000001c351fbc40:   0000001c351fc300 0000000000000000
0x0000001c351fbc50:   0000027100000000 0000000000000004
0x0000001c351fbc60:   00000215e66679c0 00007ffe00000003
0x0000001c351fbc70:   0000001c351fbd40 0000021500000005
0x0000001c351fbc80:   0000001c351fbd30 000000000000000f
0x0000001c351fbc90:   00000215e6f0d230 00007ffeba858ec4
0x0000001c351fbca0:   0000001c351fc300 0000001c351fbda0
0x0000001c351fbcb0:   000000000000000f 00000215e6872bf8
0x0000001c351fbcc0:   0000001c351fbcf0 4008b067bfe3fb58
0x0000001c351fbcd0:   0000000f00000001 0000000d00000003
0x0000001c351fbce0:   0000000000000000 0000021500000000
0x0000001c351fbcf0:   0000000f00000000 0000000e00000000 

Instructions: (pc=0x00007ffeba6a1575)
0x00007ffeba6a1475:   00 00 00 3b c1 89 87 90 00 00 00 79 0e 83 8f 98
0x00007ffeba6a1485:   00 00 00 40 c7 47 30 2f 75 00 00 ff c3 c7 47 34
0x00007ffeba6a1495:   00 00 00 00 3b 9d e8 00 00 00 0f 82 7b ff ff ff
0x00007ffeba6a14a5:   48 81 c4 80 00 00 00 5f 5d 5b c3 ed 10 1a 00 5a
0x00007ffeba6a14b5:   11 1a 00 ed 10 1a 00 ed 10 1a 00 6d 10 1a 00 ed
0x00007ffeba6a14c5:   10 1a 00 a6 10 1a 00 a6 10 1a 00 ed 10 1a 00 fc
0x00007ffeba6a14d5:   10 1a 00 0b 11 1a 00 1a 11 1a 00 29 11 1a 00 ed
0x00007ffeba6a14e5:   10 1a 00 cc cc cc cc cc cc cc cc 48 8b 41 58 48
0x00007ffeba6a14f5:   63 48 10 48 8d 05 f5 ed 8b 00 48 c1 e1 05 8b 04
0x00007ffeba6a1505:   01 c3 cc cc cc cc cc cc cc cc cc 48 89 5c 24 10
0x00007ffeba6a1515:   57 48 83 ec 20 8b fa 48 8b d9 85 d2 75 0d 32 c0
0x00007ffeba6a1525:   48 8b 5c 24 38 48 83 c4 20 5f c3 48 8b 43 08 48
0x00007ffeba6a1535:   8b cf 48 c1 e9 08 48 89 74 24 30 48 8b f7 4c 8b
0x00007ffeba6a1545:   04 c8 48 8d 05 f2 b4 90 00 4c 3b c0 75 0d 8b d7
0x00007ffeba6a1555:   48 8b cb e8 73 d6 1b 00 4c 8b c0 48 c1 ee 05 83
0x00007ffeba6a1565:   e7 1f 83 e6 07 40 0f b6 cf ba 01 00 00 00 d3 e2
0x00007ffeba6a1575:   41 8b 0c b0 8b c1 0b c2 41 89 04 b0 48 8b 74 24
0x00007ffeba6a1585:   30 23 ca 75 02 ff 03 48 8b 5c 24 38 85 c9 0f 94
0x00007ffeba6a1595:   c0 48 83 c4 20 5f c3 cc cc cc cc 44 8b d2 41 3b
0x00007ffeba6a15a5:   d0 7c 45 41 8d 80 c0 02 00 00 3b d0 7d 3a 44 8b
0x00007ffeba6a15b5:   ca 45 2b c8 49 63 c1 41 8b d1 48 c1 f8 05 83 e2
0x00007ffeba6a15c5:   1f 8b 44 81 38 0f a3 d0 73 1e 0f b7 81 94 00 00
0x00007ffeba6a15d5:   00 66 83 f8 01 74 0e 0f b7 c8 ff c9 8b c1 41 23
0x00007ffeba6a15e5:   c2 3b c1 75 03 b0 01 c3 32 c0 c3 40 53 48 83 ec
0x00007ffeba6a15f5:   20 48 8b d9 e8 22 51 4d 00 83 f8 02 75 14 48 8b
0x00007ffeba6a1605:   cb e8 b5 58 4d 00 84 c0 75 08 b0 01 48 83 c4 20
0x00007ffeba6a1615:   5b c3 32 c0 48 83 c4 20 5b c3 cc 40 57 41 55 48
0x00007ffeba6a1625:   83 ec 48 4c 8b 41 48 33 ff 8b c7 48 89 6c 24 40
0x00007ffeba6a1635:   4c 8b e9 89 44 24 60 8b ef 41 39 40 40 0f 86 0a
0x00007ffeba6a1645:   01 00 00 48 89 5c 24 70 48 89 74 24 38 4c 89 64
0x00007ffeba6a1655:   24 30 4c 89 74 24 28 4c 89 7c 24 20 0f 1f 40 00
0x00007ffeba6a1665:   66 66 66 0f 1f 84 00 00 00 00 00 8b d0 8b f7 49 


Stack slot to memory mapping:
stack at sp + 0 slots: 0x0 is NULL
stack at sp + 1 slots: 0x0 is NULL
stack at sp + 2 slots: 0x0 is NULL
stack at sp + 3 slots: 0x0 is NULL
stack at sp + 4 slots: 0x00000215e6f0d230 points into unknown readable memory: 0x3ff671d2ae722a50 | 50 2a 72 ae d2 71 f6 3f
stack at sp + 5 slots: 0x00007ffeba85a1bb jvm.dll
stack at sp + 6 slots: 0x0000001c351fc300 is pointing into the stack for thread: 0x00000215e6190000
stack at sp + 7 slots: 0x00000000000002e9 is an unknown value


---------------  P R O C E S S  ---------------

Threads class SMR info:
_java_thread_list=0x00000215e7415eb0, length=12, elements={
0x00000215cbb0c000, 0x00000215e6126000, 0x00000215e612f000, 0x00000215e618a800,
0x00000215e618c000, 0x00000215e618f000, 0x00000215e6190000, 0x00000215e6194800,
0x00000215e61a8000, 0x00000215e643e000, 0x00000215e7bd7000, 0x00000215e6af8000
}

Java Threads: ( => current thread )
  0x00000215cbb0c000 JavaThread "main" [_thread_in_native, id=4800, stack(0x0000001c34500000,0x0000001c34600000)]
  0x00000215e6126000 JavaThread "Reference Handler" daemon [_thread_blocked, id=10580, stack(0x0000001c34c00000,0x0000001c34d00000)]
  0x00000215e612f000 JavaThread "Finalizer" daemon [_thread_blocked, id=11196, stack(0x0000001c34d00000,0x0000001c34e00000)]
  0x00000215e618a800 JavaThread "Signal Dispatcher" daemon [_thread_blocked, id=10304, stack(0x0000001c34e00000,0x0000001c34f00000)]
  0x00000215e618c000 JavaThread "Attach Listener" daemon [_thread_blocked, id=7392, stack(0x0000001c34f00000,0x0000001c35000000)]
  0x00000215e618f000 JavaThread "Service Thread" daemon [_thread_blocked, id=7728, stack(0x0000001c35000000,0x0000001c35100000)]
=>0x00000215e6190000 JavaThread "C2 CompilerThread0" daemon [_thread_in_native, id=8036, stack(0x0000001c35100000,0x0000001c35200000)]
  0x00000215e6194800 JavaThread "C1 CompilerThread0" daemon [_thread_blocked, id=10972, stack(0x0000001c35200000,0x0000001c35300000)]
  0x00000215e61a8000 JavaThread "Sweeper thread" daemon [_thread_blocked, id=3308, stack(0x0000001c35300000,0x0000001c35400000)]
  0x00000215e643e000 JavaThread "Common-Cleaner" daemon [_thread_blocked, id=5040, stack(0x0000001c35500000,0x0000001c35600000)]
  0x00000215e7bd7000 JavaThread "pool-1-thread-1" [_thread_blocked, id=7468, stack(0x0000001c35800000,0x0000001c35900000)]
  0x00000215e6af8000 JavaThread "C2 CompilerThread1" daemon [_thread_blocked, id=2468, stack(0x0000001c35700000,0x0000001c35800000)]

Other Threads:
  0x00000215e60fe800 VMThread "VM Thread" [stack: 0x0000001c34b00000,0x0000001c34c00000] [id=9892]
  0x00000215e6439000 WatcherThread [stack: 0x0000001c35400000,0x0000001c35500000] [id=7724]
  0x00000215cbb24800 GCTaskThread "GC Thread#0" [stack: 0x0000001c34600000,0x0000001c34700000] [id=6516]
  0x00000215e6a53800 GCTaskThread "GC Thread#1" [stack: 0x0000001c35600000,0x0000001c35700000] [id=7464]
  0x00000215e740e800 GCTaskThread "GC Thread#2" [stack: 0x0000001c35900000,0x0000001c35a00000] [id=10908]
  0x00000215e746f000 GCTaskThread "GC Thread#3" [stack: 0x0000001c35a00000,0x0000001c35b00000] [id=5476]
  0x00000215cbb2f800 ConcurrentGCThread "G1 Main Marker" [stack: 0x0000001c34700000,0x0000001c34800000] [id=8768]
  0x00000215cbb30800 ConcurrentGCThread "G1 Conc#0" [stack: 0x0000001c34800000,0x0000001c34900000] [id=4764]
  0x00000215cbb85800 ConcurrentGCThread "G1 Refine#0" [stack: 0x0000001c34900000,0x0000001c34a00000] [id=6228]
  0x00000215cbb88800 ConcurrentGCThread "G1 Young RemSet Sampling" [stack: 0x0000001c34a00000,0x0000001c34b00000] [id=11232]

Threads with active compile tasks:
C2 CompilerThread0     1377  625       4       java.util.HashMap::putVal (300 bytes)

VM state:not at safepoint (normal execution)

VM Mutex/Monitor currently owned by a thread: None

Heap address: 0x00000000fc000000, size: 64 MB, Compressed Oops mode: 32-bit
Narrow klass base: 0x0000000000000000, Narrow klass shift: 3
Compressed class space size: 1073741824 Address: 0x0000000100000000

Heap:
 garbage-first heap   total 65536K, used 10670K [0x00000000fc000000, 0x0000000100000000)
  region size 1024K, 2 young (2048K), 1 survivors (1024K)
 Metaspace       used 14521K, capacity 14816K, committed 14848K, reserved 1062912K
  class space    used 1650K, capacity 1772K, committed 1792K, reserved 1048576K
Heap Regions: E=young(eden), S=young(survivor), O=old, HS=humongous(starts), HC=humongous(continues), CS=collection set, F=free, A=archive, TAMS=top-at-mark-start (previous, next)
|   0|0x00000000fc000000, 0x00000000fc100000, 0x00000000fc100000|100%|HS|  |TAMS 0x00000000fc000000, 0x00000000fc000000| Complete 
|   1|0x00000000fc100000, 0x00000000fc200000, 0x00000000fc200000|100%|HC|  |TAMS 0x00000000fc100000, 0x00000000fc100000| Complete 
|   2|0x00000000fc200000, 0x00000000fc300000, 0x00000000fc300000|100%|HC|  |TAMS 0x00000000fc200000, 0x00000000fc200000| Complete 
|   3|0x00000000fc300000, 0x00000000fc400000, 0x00000000fc400000|100%| O|  |TAMS 0x00000000fc300000, 0x00000000fc300000| Untracked 
|   4|0x00000000fc400000, 0x00000000fc500000, 0x00000000fc500000|100%| O|  |TAMS 0x00000000fc400000, 0x00000000fc400000| Untracked 
|   5|0x00000000fc500000, 0x00000000fc600000, 0x00000000fc600000|100%| O|  |TAMS 0x00000000fc500000, 0x00000000fc500000| Untracked 
|   6|0x00000000fc600000, 0x00000000fc700000, 0x00000000fc700000|100%| O|  |TAMS 0x00000000fc600000, 0x00000000fc600000| Untracked 
|   7|0x00000000fc700000, 0x00000000fc800000, 0x00000000fc800000|100%| O|  |TAMS 0x00000000fc700000, 0x00000000fc700000| Untracked 
|   8|0x00000000fc800000, 0x00000000fc900000, 0x00000000fc900000|100%| O|  |TAMS 0x00000000fc800000, 0x00000000fc800000| Untracked 
|   9|0x00000000fc900000, 0x00000000fc9a6c00, 0x00000000fca00000| 65%| O|  |TAMS 0x00000000fc900000, 0x00000000fc900000| Untracked 
|  10|0x00000000fca00000, 0x00000000fca00000, 0x00000000fcb00000|  0%| F|  |TAMS 0x00000000fca00000, 0x00000000fca00000| Untracked 
|  11|0x00000000fcb00000, 0x00000000fcb00000, 0x00000000fcc00000|  0%| F|  |TAMS 0x00000000fcb00000, 0x00000000fcb00000| Untracked 
|  12|0x00000000fcc00000, 0x00000000fcc00000, 0x00000000fcd00000|  0%| F|  |TAMS 0x00000000fcc00000, 0x00000000fcc00000| Untracked 
|  13|0x00000000fcd00000, 0x00000000fcd00000, 0x00000000fce00000|  0%| F|  |TAMS 0x00000000fcd00000, 0x00000000fcd00000| Untracked 
|  14|0x00000000fce00000, 0x00000000fce00000, 0x00000000fcf00000|  0%| F|  |TAMS 0x00000000fce00000, 0x00000000fce00000| Untracked 
|  15|0x00000000fcf00000, 0x00000000fcf00000, 0x00000000fd000000|  0%| F|  |TAMS 0x00000000fcf00000, 0x00000000fcf00000| Untracked 
|  16|0x00000000fd000000, 0x00000000fd000000, 0x00000000fd100000|  0%| F|  |TAMS 0x00000000fd000000, 0x00000000fd000000| Untracked 
|  17|0x00000000fd100000, 0x00000000fd100000, 0x00000000fd200000|  0%| F|  |TAMS 0x00000000fd100000, 0x00000000fd100000| Untracked 
|  18|0x00000000fd200000, 0x00000000fd200000, 0x00000000fd300000|  0%| F|  |TAMS 0x00000000fd200000, 0x00000000fd200000| Untracked 
|  19|0x00000000fd300000, 0x00000000fd300000, 0x00000000fd400000|  0%| F|  |TAMS 0x00000000fd300000, 0x00000000fd300000| Untracked 
|  20|0x00000000fd400000, 0x00000000fd400000, 0x00000000fd500000|  0%| F|  |TAMS 0x00000000fd400000, 0x00000000fd400000| Untracked 
|  21|0x00000000fd500000, 0x00000000fd500000, 0x00000000fd600000|  0%| F|  |TAMS 0x00000000fd500000, 0x00000000fd500000| Untracked 
|  22|0x00000000fd600000, 0x00000000fd600000, 0x00000000fd700000|  0%| F|  |TAMS 0x00000000fd600000, 0x00000000fd600000| Untracked 
|  23|0x00000000fd700000, 0x00000000fd700000, 0x00000000fd800000|  0%| F|  |TAMS 0x00000000fd700000, 0x00000000fd700000| Untracked 
|  24|0x00000000fd800000, 0x00000000fd800000, 0x00000000fd900000|  0%| F|  |TAMS 0x00000000fd800000, 0x00000000fd800000| Untracked 
|  25|0x00000000fd900000, 0x00000000fd900000, 0x00000000fda00000|  0%| F|  |TAMS 0x00000000fd900000, 0x00000000fd900000| Untracked 
|  26|0x00000000fda00000, 0x00000000fda00000, 0x00000000fdb00000|  0%| F|  |TAMS 0x00000000fda00000, 0x00000000fda00000| Untracked 
|  27|0x00000000fdb00000, 0x00000000fdb00000, 0x00000000fdc00000|  0%| F|  |TAMS 0x00000000fdb00000, 0x00000000fdb00000| Untracked 
|  28|0x00000000fdc00000, 0x00000000fdc00000, 0x00000000fdd00000|  0%| F|  |TAMS 0x00000000fdc00000, 0x00000000fdc00000| Untracked 
|  29|0x00000000fdd00000, 0x00000000fdd00000, 0x00000000fde00000|  0%| F|  |TAMS 0x00000000fdd00000, 0x00000000fdd00000| Untracked 
|  30|0x00000000fde00000, 0x00000000fde00000, 0x00000000fdf00000|  0%| F|  |TAMS 0x00000000fde00000, 0x00000000fde00000| Untracked 
|  31|0x00000000fdf00000, 0x00000000fdf00000, 0x00000000fe000000|  0%| F|  |TAMS 0x00000000fdf00000, 0x00000000fdf00000| Untracked 
|  32|0x00000000fe000000, 0x00000000fe000000, 0x00000000fe100000|  0%| F|  |TAMS 0x00000000fe000000, 0x00000000fe000000| Untracked 
|  33|0x00000000fe100000, 0x00000000fe100000, 0x00000000fe200000|  0%| F|  |TAMS 0x00000000fe100000, 0x00000000fe100000| Untracked 
|  34|0x00000000fe200000, 0x00000000fe200000, 0x00000000fe300000|  0%| F|  |TAMS 0x00000000fe200000, 0x00000000fe200000| Untracked 
|  35|0x00000000fe300000, 0x00000000fe300000, 0x00000000fe400000|  0%| F|  |TAMS 0x00000000fe300000, 0x00000000fe300000| Untracked 
|  36|0x00000000fe400000, 0x00000000fe400000, 0x00000000fe500000|  0%| F|  |TAMS 0x00000000fe400000, 0x00000000fe400000| Untracked 
|  37|0x00000000fe500000, 0x00000000fe500000, 0x00000000fe600000|  0%| F|  |TAMS 0x00000000fe500000, 0x00000000fe500000| Untracked 
|  38|0x00000000fe600000, 0x00000000fe600000, 0x00000000fe700000|  0%| F|  |TAMS 0x00000000fe600000, 0x00000000fe600000| Untracked 
|  39|0x00000000fe700000, 0x00000000fe700000, 0x00000000fe800000|  0%| F|  |TAMS 0x00000000fe700000, 0x00000000fe700000| Untracked 
|  40|0x00000000fe800000, 0x00000000fe800000, 0x00000000fe900000|  0%| F|  |TAMS 0x00000000fe800000, 0x00000000fe800000| Untracked 
|  41|0x00000000fe900000, 0x00000000fe900000, 0x00000000fea00000|  0%| F|  |TAMS 0x00000000fe900000, 0x00000000fe900000| Untracked 
|  42|0x00000000fea00000, 0x00000000fea00000, 0x00000000feb00000|  0%| F|  |TAMS 0x00000000fea00000, 0x00000000fea00000| Untracked 
|  43|0x00000000feb00000, 0x00000000feb00000, 0x00000000fec00000|  0%| F|  |TAMS 0x00000000feb00000, 0x00000000feb00000| Untracked 
|  44|0x00000000fec00000, 0x00000000fec00000, 0x00000000fed00000|  0%| F|  |TAMS 0x00000000fec00000, 0x00000000fec00000| Untracked 
|  45|0x00000000fed00000, 0x00000000fedc4cc0, 0x00000000fee00000| 76%| S|CS|TAMS 0x00000000fed00000, 0x00000000fed00000| Complete 
|  46|0x00000000fee00000, 0x00000000fee00000, 0x00000000fef00000|  0%| F|  |TAMS 0x00000000fee00000, 0x00000000fee00000| Untracked 
|  47|0x00000000fef00000, 0x00000000fef00000, 0x00000000ff000000|  0%| F|  |TAMS 0x00000000fef00000, 0x00000000fef00000| Untracked 
|  48|0x00000000ff000000, 0x00000000ff000000, 0x00000000ff100000|  0%| F|  |TAMS 0x00000000ff000000, 0x00000000ff000000| Untracked 
|  49|0x00000000ff100000, 0x00000000ff100000, 0x00000000ff200000|  0%| F|  |TAMS 0x00000000ff100000, 0x00000000ff100000| Untracked 
|  50|0x00000000ff200000, 0x00000000ff200000, 0x00000000ff300000|  0%| F|  |TAMS 0x00000000ff200000, 0x00000000ff200000| Untracked 
|  51|0x00000000ff300000, 0x00000000ff300000, 0x00000000ff400000|  0%| F|  |TAMS 0x00000000ff300000, 0x00000000ff300000| Untracked 
|  52|0x00000000ff400000, 0x00000000ff400000, 0x00000000ff500000|  0%| F|  |TAMS 0x00000000ff400000, 0x00000000ff400000| Untracked 
|  53|0x00000000ff500000, 0x00000000ff500000, 0x00000000ff600000|  0%| F|  |TAMS 0x00000000ff500000, 0x00000000ff500000| Untracked 
|  54|0x00000000ff600000, 0x00000000ff600000, 0x00000000ff700000|  0%| F|  |TAMS 0x00000000ff600000, 0x00000000ff600000| Untracked 
|  55|0x00000000ff700000, 0x00000000ff700000, 0x00000000ff800000|  0%| F|  |TAMS 0x00000000ff700000, 0x00000000ff700000| Untracked 
|  56|0x00000000ff800000, 0x00000000ff800000, 0x00000000ff900000|  0%| F|  |TAMS 0x00000000ff800000, 0x00000000ff800000| Untracked 
|  57|0x00000000ff900000, 0x00000000ff900000, 0x00000000ffa00000|  0%| F|  |TAMS 0x00000000ff900000, 0x00000000ff900000| Untracked 
|  58|0x00000000ffa00000, 0x00000000ffa00000, 0x00000000ffb00000|  0%| F|  |TAMS 0x00000000ffa00000, 0x00000000ffa00000| Untracked 
|  59|0x00000000ffb00000, 0x00000000ffb00000, 0x00000000ffc00000|  0%| F|  |TAMS 0x00000000ffb00000, 0x00000000ffb00000| Untracked 
|  60|0x00000000ffc00000, 0x00000000ffc00000, 0x00000000ffd00000|  0%| F|  |TAMS 0x00000000ffc00000, 0x00000000ffc00000| Untracked 
|  61|0x00000000ffd00000, 0x00000000ffd00000, 0x00000000ffe00000|  0%| F|  |TAMS 0x00000000ffd00000, 0x00000000ffd00000| Untracked 
|  62|0x00000000ffe00000, 0x00000000ffe00000, 0x00000000fff00000|  0%| F|  |TAMS 0x00000000ffe00000, 0x00000000ffe00000| Untracked 
|  63|0x00000000fff00000, 0x00000000fff87548, 0x0000000100000000| 52%| E|  |TAMS 0x00000000fff00000, 0x00000000fff00000| Complete 

Card table byte_map: [0x00000215c9b00000,0x00000215c9b20000] _byte_map_base: 0x00000215c9320000

Marking Bits (Prev, Next): (CMBitMap*) 0x00000215cbb2cc88, (CMBitMap*) 0x00000215cbb2ccc0
 Prev Bits: [0x00000215cb920000, 0x00000215cba20000)
 Next Bits: [0x00000215e3280000, 0x00000215e3380000)

Polling page: 0x00000215c9ab0000

Metaspace:

Usage:
  Non-class:     12.74 MB capacity,    12.57 MB ( 99%) used,   153.19 KB (  1%) free+waste,    20.44 KB ( <1%) overhead. 
      Class:      1.73 MB capacity,     1.61 MB ( 93%) used,   111.02 KB (  6%) free+waste,    10.13 KB ( <1%) overhead. 
       Both:     14.47 MB capacity,    14.18 MB ( 98%) used,   264.20 KB (  2%) free+waste,    30.56 KB ( <1%) overhead. 

Virtual space:
  Non-class space:       14.00 MB reserved,      12.75 MB ( 91%) committed 
      Class space:        1.00 GB reserved,       1.75 MB ( <1%) committed 
             Both:        1.01 GB reserved,      14.50 MB (  1%) committed 

Chunk freelists:
   Non-Class:  12.00 KB
       Class:  20.00 KB
        Both:  32.00 KB

MaxMetaspaceSize: 17179869184.00 GB
CompressedClassSpaceSize: 1.00 GB
Initial GC threshold: 20.80 MB
Current GC threshold: 20.80 MB
CDS: off

CodeHeap 'non-profiled nmethods': size=120064Kb used=406Kb max_used=406Kb free=119657Kb
 bounds [0x00000215dbd40000, 0x00000215dbfb0000, 0x00000215e3280000]
CodeHeap 'profiled nmethods': size=120000Kb used=2202Kb max_used=2202Kb free=117798Kb
 bounds [0x00000215d4810000, 0x00000215d4a80000, 0x00000215dbd40000]
CodeHeap 'non-nmethods': size=5696Kb used=1145Kb max_used=1163Kb free=4551Kb
 bounds [0x00000215d4280000, 0x00000215d44f0000, 0x00000215d4810000]
 total_blobs=1544 nmethods=1140 adapters=317
 compilation: enabled
              stopped_count=0, restarted_count=0
 full_count=0

Compilation events (20 events):
Event: 1.069 Thread 0x00000215e6194800 nmethod 1091 0x00000215d4a19010 code [0x00000215d4a19260, 0x00000215d4a19818]
Event: 1.069 Thread 0x00000215e6194800 1092       3       jdk.internal.org.objectweb.asm.MethodWriter::visitInsn (114 bytes)
Event: 1.069 Thread 0x00000215e6194800 nmethod 1092 0x00000215d4a19b90 code [0x00000215d4a19d80, 0x00000215d4a1a1a8]
Event: 1.069 Thread 0x00000215e6194800 1095       3       java.lang.AbstractStringBuilder::appendChars (130 bytes)
Event: 1.070 Thread 0x00000215e6af8000 nmethod 1089% 0x00000215dbda1b10 code [0x00000215dbda1cc0, 0x00000215dbda1f08]
Event: 1.070 Thread 0x00000215e6af8000 1093       4       java.lang.StringLatin1::charAt (28 bytes)
Event: 1.070 Thread 0x00000215e6194800 nmethod 1095 0x00000215d4a1a390 code [0x00000215d4a1a600, 0x00000215d4a1b0e8]
Event: 1.070 Thread 0x00000215e6194800 1096       3       jdk.internal.org.objectweb.asm.Type::getType (269 bytes)
Event: 1.071 Thread 0x00000215e6194800 nmethod 1096 0x00000215d4a1b690 code [0x00000215d4a1b8e0, 0x00000215d4a1c4d8]
Event: 1.071 Thread 0x00000215e6af8000 nmethod 1093 0x00000215dbda2110 code [0x00000215dbda22a0, 0x00000215dbda2318]
Event: 1.071 Thread 0x00000215e6194800 1097       3       java.lang.Integer::stringSize (47 bytes)
Event: 1.071 Thread 0x00000215e6194800 nmethod 1097 0x00000215d4a1c790 code [0x00000215d4a1c940, 0x00000215d4a1cb78]
Event: 1.071 Thread 0x00000215e6194800 1098       3       java.lang.Integer::getChars (131 bytes)
Event: 1.071 Thread 0x00000215e6194800 nmethod 1098 0x00000215d4a1cc10 code [0x00000215d4a1ce00, 0x00000215d4a1d238]
Event: 1.159 Thread 0x00000215e6af8000 1099       4       java.lang.ThreadLocal::getMap (5 bytes)
Event: 1.159 Thread 0x00000215e6194800 1101       3       java.lang.Integer::reverseBytes (26 bytes)
Event: 1.160 Thread 0x00000215e6194800 nmethod 1101 0x00000215d4a1d490 code [0x00000215d4a1d640, 0x00000215d4a1d758]
Event: 1.160 Thread 0x00000215e6194800 1100       1       java.nio.charset.Charset::name (5 bytes)
Event: 1.160 Thread 0x00000215e6194800 nmethod 1100 0x00000215dbda2410 code [0x00000215dbda25c0, 0x00000215dbda2678]
Event: 1.160 Thread 0x00000215e6af8000 nmethod 1099 0x00000215dbda2710 code [0x00000215dbda28a0, 0x00000215dbda2918]

GC Heap History (4 events):
Event: 0.496 GC heap before
{Heap before GC invocations=0 (full 0):
 garbage-first heap   total 65536K, used 16384K [0x00000000fc000000, 0x0000000100000000)
  region size 1024K, 14 young (14336K), 0 survivors (0K)
 Metaspace       used 7642K, capacity 7825K, committed 7936K, reserved 1056768K
  class space    used 671K, capacity 754K, committed 768K, reserved 1048576K
}
Event: 0.500 GC heap after
{Heap after GC invocations=1 (full 0):
 garbage-first heap   total 65536K, used 3148K [0x00000000fc000000, 0x0000000100000000)
  region size 1024K, 2 young (2048K), 2 survivors (2048K)
 Metaspace       used 7642K, capacity 7825K, committed 7936K, reserved 1056768K
  class space    used 671K, capacity 754K, committed 768K, reserved 1048576K
}
Event: 0.777 GC heap before
{Heap before GC invocations=1 (full 0):
 garbage-first heap   total 65536K, used 16460K [0x00000000fc000000, 0x0000000100000000)
  region size 1024K, 13 young (13312K), 2 survivors (2048K)
 Metaspace       used 10732K, capacity 11000K, committed 11264K, reserved 1058816K
  class space    used 1098K, capacity 1178K, committed 1280K, reserved 1048576K
}
Event: 0.782 GC heap after
{Heap after GC invocations=2 (full 0):
 garbage-first heap   total 65536K, used 9710K [0x00000000fc000000, 0x0000000100000000)
  region size 1024K, 2 young (2048K), 2 survivors (2048K)
 Metaspace       used 10732K, capacity 11000K, committed 11264K, reserved 1058816K
  class space    used 1098K, capacity 1178K, committed 1280K, reserved 1048576K
}

Deoptimization events (20 events):
Event: 0.711 Thread 0x00000215cbb0c000 Uncommon trap: trap_request=0xffffffde fr.pc=0x00000215dbd5f348 relative=0x00000000000003a8
Event: 0.711 Thread 0x00000215cbb0c000 Uncommon trap: reason=class_check action=maybe_recompile pc=0x00000215dbd5f348 method=java.util.regex.Matcher.match(II)Z @ 121 c2
Event: 0.711 Thread 0x00000215cbb0c000 DEOPT PACKING pc=0x00000215dbd5f348 sp=0x0000001c345fd0e0
Event: 0.711 Thread 0x00000215cbb0c000 DEOPT UNPACKING pc=0x00000215d42ca1af sp=0x0000001c345fd088 mode 2
Event: 0.714 Thread 0x00000215cbb0c000 Uncommon trap: trap_request=0xffffff4d fr.pc=0x00000215dbd4d974 relative=0x0000000000000054
Event: 0.714 Thread 0x00000215cbb0c000 Uncommon trap: reason=unstable_if action=reinterpret pc=0x00000215dbd4d974 method=java.util.regex.Pattern.has(I)Z @ 6 c2
Event: 0.714 Thread 0x00000215cbb0c000 DEOPT PACKING pc=0x00000215dbd4d974 sp=0x0000001c345fced0
Event: 0.714 Thread 0x00000215cbb0c000 DEOPT UNPACKING pc=0x00000215d42ca1af sp=0x0000001c345fce60 mode 2
Event: 0.716 Thread 0x00000215cbb0c000 Uncommon trap: trap_request=0xffffff4d fr.pc=0x00000215dbd7d700 relative=0x0000000000000240
Event: 0.716 Thread 0x00000215cbb0c000 Uncommon trap: reason=unstable_if action=reinterpret pc=0x00000215dbd7d700 method=java.util.HashMap.hash(Ljava/lang/Object;)I @ 1 c2
Event: 0.716 Thread 0x00000215cbb0c000 DEOPT PACKING pc=0x00000215dbd7d700 sp=0x0000001c345fd1c0
Event: 0.716 Thread 0x00000215cbb0c000 DEOPT UNPACKING pc=0x00000215d42ca1af sp=0x0000001c345fd0f8 mode 2
Event: 0.817 Thread 0x00000215cbb0c000 Uncommon trap: trap_request=0xffffff4d fr.pc=0x00000215dbd621a8 relative=0x0000000000000808
Event: 0.817 Thread 0x00000215cbb0c000 Uncommon trap: reason=unstable_if action=reinterpret pc=0x00000215dbd621a8 method=java.io.WinNTFileSystem.resolve(Ljava/lang/String;Ljava/lang/String;)Ljava/lang/String; @ 70 c2
Event: 0.817 Thread 0x00000215cbb0c000 DEOPT PACKING pc=0x00000215dbd621a8 sp=0x0000001c345fc020
Event: 0.817 Thread 0x00000215cbb0c000 DEOPT UNPACKING pc=0x00000215d42ca1af sp=0x0000001c345fbfb0 mode 2
Event: 1.048 Thread 0x00000215cbb0c000 Uncommon trap: trap_request=0xffffff4d fr.pc=0x00000215dbd96928 relative=0x0000000000000168
Event: 1.048 Thread 0x00000215cbb0c000 Uncommon trap: reason=unstable_if action=reinterpret pc=0x00000215dbd96928 method=java.util.HashMap.getNode(ILjava/lang/Object;)Ljava/util/HashMap$Node; @ 129 c2
Event: 1.048 Thread 0x00000215cbb0c000 DEOPT PACKING pc=0x00000215dbd96928 sp=0x0000001c345fa780
Event: 1.048 Thread 0x00000215cbb0c000 DEOPT UNPACKING pc=0x00000215d42ca1af sp=0x0000001c345fa680 mode 2

Classes redefined (0 events):
No events

Internal exceptions (11 events):
Event: 0.227 Thread 0x00000215cbb0c000 Exception <a 'java/lang/NoSuchMethodError'{0x00000000ffc4ac08}: 'int java.lang.invoke.DirectMethodHandle$Holder.invokeStaticInit(java.lang.Object, java.lang.Object)'> (0x00000000ffc4ac08) thrown at [./src/hotspot/share/interpreter/linkResolver.cpp, line 773]
Event: 0.267 Thread 0x00000215cbb0c000 Exception <a 'java/lang/NoSuchMethodError'{0x00000000ffb1f850}: 'int java.lang.invoke.DirectMethodHandle$Holder.invokeSpecial(java.lang.Object, java.lang.Object, java.lang.Object, java.lang.Object)'> (0x00000000ffb1f850) thrown at [./src/hotspot/share/interpreter/linkResolver.cpp, line 773]
Event: 0.274 Thread 0x00000215cbb0c000 Exception <a 'java/lang/NoSuchMethodError'{0x00000000ffb587d8}: 'int java.lang.invoke.DirectMethodHandle$Holder.invokeSpecialIFC(java.lang.Object, java.lang.Object, int)'> (0x00000000ffb587d8) thrown at [./src/hotspot/share/interpreter/linkResolver.cpp, line 773]
Event: 0.716 Thread 0x00000215cbb0c000 Implicit null exception at 0x00000215dbd7d4f5 to 0x00000215dbd7d6f0
Event: 0.752 Thread 0x00000215cbb0c000 Exception <a 'java/lang/NoClassDefFoundError'{0x00000000ff6accf0}: org/slf4j/impl/StaticMarkerBinder> (0x00000000ff6accf0) thrown at [./src/hotspot/share/classfile/systemDictionary.cpp, line 219]
Event: 0.767 Thread 0x00000215cbb0c000 Exception <a 'java/lang/NoSuchMethodError'{0x00000000ff5ab070}: 'java.lang.Object java.lang.invoke.DirectMethodHandle$Holder.invokeVirtual(java.lang.Object, java.lang.Object, java.lang.Object, java.lang.Object, java.lang.Object, java.lang.Object, java.lang.Object)'> (0x00000000ff5ab070) thrown at [./src/hotspot/share/interpreter/linkResolver.cpp, line 773]
Event: 0.769 Thread 0x00000215cbb0c000 Exception <a 'java/lang/NoSuchMethodError'{0x00000000ff5bf250}: 'java.lang.Object java.lang.invoke.Invokers$Holder.invoker(java.lang.Object, java.lang.Object, java.lang.Object)'> (0x00000000ff5bf250) thrown at [./src/hotspot/share/interpreter/linkResolver.cpp, line 773]
Event: 0.772 Thread 0x00000215cbb0c000 Exception <a 'java/lang/NoSuchMethodError'{0x00000000ff5cfd20}: 'void java.lang.invoke.DelegatingMethodHandle$Holder.delegate(java.lang.Object, java.lang.Object, int, java.lang.Object)'> (0x00000000ff5cfd20) thrown at [./src/hotspot/share/interpreter/linkResolver.cpp, line 773]
Event: 0.905 Thread 0x00000215cbb0c000 Exception <a 'java/lang/NoSuchMethodError'{0x00000000ff814280}: 'java.lang.Object java.lang.invoke.DirectMethodHandle$Holder.invokeInterface(java.lang.Object, java.lang.Object, java.lang.Object)'> (0x00000000ff814280) thrown at [./src/hotspot/share/interpreter/linkResolver.cpp, line 773]
Event: 0.972 Thread 0x00000215cbb0c000 Exception <a 'java/lang/NoSuchMethodError'{0x00000000ff5428a0}: 'java.lang.Object java.lang.invoke.DirectMethodHandle$Holder.invokeStaticInit(java.lang.Object, java.lang.Object, java.lang.Object)'> (0x00000000ff5428a0) thrown at [./src/hotspot/share/interpreter/linkResolver.cpp, line 773]
Event: 1.069 Thread 0x00000215cbb0c000 Exception <a 'java/lang/NoSuchMethodError'{0x00000000fee5e3e0}: 'java.lang.Object java.lang.invoke.DirectMethodHandle$Holder.invokeStaticInit(java.lang.Object, int, int, int, int)'> (0x00000000fee5e3e0) thrown at [./src/hotspot/share/interpreter/linkResolver.cpp, line 773]

Events (20 events):
Event: 1.161 loading class java/util/concurrent/ConcurrentSkipListSet
Event: 1.161 loading class java/util/concurrent/ConcurrentSkipListSet done
Event: 1.162 loading class java/net/InetAddressImplFactory
Event: 1.162 loading class java/net/InetAddressImplFactory done
Event: 1.162 loading class java/net/Inet6AddressImpl
Event: 1.162 loading class java/net/InetAddressImpl
Event: 1.162 loading class java/net/InetAddressImpl done
Event: 1.162 loading class java/net/Inet6AddressImpl done
Event: 1.162 loading class java/net/InetAddress$PlatformNameService
Event: 1.162 loading class java/net/InetAddress$NameService
Event: 1.162 loading class java/net/InetAddress$NameService done
Event: 1.162 loading class java/net/InetAddress$PlatformNameService done
Event: 1.162 loading class java/net/Inet4Address
Event: 1.162 loading class java/net/Inet4Address done
Event: 1.162 loading class java/net/Inet6Address
Event: 1.162 loading class java/net/Inet6Address done
Event: 1.162 loading class java/net/Inet6Address$Inet6AddressHolder
Event: 1.162 loading class java/net/Inet6Address$Inet6AddressHolder done
Event: 1.163 loading class java/net/DefaultInterface
Event: 1.163 loading class java/net/DefaultInterface done


Dynamic libraries:
0x00007ff79e0c0000 - 0x00007ff79e0cd000 	C:\Program Files\Eclipse Adoptium\jdk-11.0.17.8-hotspot\bin\java.exe
0x00007fff2d5b0000 - 0x00007fff2d7c4000 	C:\Windows\SYSTEM32\ntdll.dll
0x00007fff2b800000 - 0x00007fff2b8c3000 	C:\Windows\System32\KERNEL32.DLL
0x00007fff2b000000 - 0x00007fff2b39d000 	C:\Windows\System32\KERNELBASE.dll
0x00007fff2ac20000 - 0x00007fff2ad31000 	C:\Windows\System32\ucrtbase.dll
0x00007ffebb390000 - 0x00007ffebb3a5000 	C:\Program Files\Eclipse Adoptium\jdk-11.0.17.8-hotspot\bin\VCRUNTIME140.dll
0x00007ffebb3b0000 - 0x00007ffebb3c7000 	C:\Program Files\Eclipse Adoptium\jdk-11.0.17.8-hotspot\bin\jli.dll
0x00007fff2bf70000 - 0x00007fff2c11d000 	C:\Windows\System32\USER32.dll
0x00007fff29bc0000 - 0x00007fff29e4e000 	C:\Windows\WinSxS\amd64_microsoft.windows.common-controls_6595b64144ccf1df_6.0.22621.608_none_a9444ca7c10bb01d\COMCTL32.dll
0x00007fff2afd0000 - 0x00007fff2aff6000 	C:\Windows\System32\win32u.dll
0x00007fff2c410000 - 0x00007fff2c4b7000 	C:\Windows\System32\msvcrt.dll
0x00007fff2c150000 - 0x00007fff2c179000 	C:\Windows\System32\GDI32.dll
0x00007fff2ad40000 - 0x00007fff2ae52000 	C:\Windows\System32\gdi32full.dll
0x00007fff2aa90000 - 0x00007fff2ab2a000 	C:\Windows\System32\msvcp_win.dll
0x00007fff2cb10000 - 0x00007fff2cb42000 	C:\Windows\System32\IMM32.DLL
0x00007ffebb2f0000 - 0x00007ffebb38b000 	C:\Program Files\Eclipse Adoptium\jdk-11.0.17.8-hotspot\bin\msvcp140.dll
0x00007ffeba500000 - 0x00007ffebb082000 	C:\Program Files\Eclipse Adoptium\jdk-11.0.17.8-hotspot\bin\server\jvm.dll
0x00007fff2c1a0000 - 0x00007fff2c24e000 	C:\Windows\System32\ADVAPI32.dll
0x00007fff2b530000 - 0x00007fff2b5d4000 	C:\Windows\System32\sechost.dll
0x00007fff2b5e0000 - 0x00007fff2b6f5000 	C:\Windows\System32\RPCRT4.dll
0x00007fff2c540000 - 0x00007fff2c548000 	C:\Windows\System32\PSAPI.DLL
0x00007ffed2da0000 - 0x00007ffed2da9000 	C:\Windows\SYSTEM32\WSOCK32.dll
0x00007fff23f70000 - 0x00007fff23f7a000 	C:\Windows\SYSTEM32\VERSION.dll
0x00007fff1f720000 - 0x00007fff1f754000 	C:\Windows\SYSTEM32\WINMM.dll
0x00007fff2c4c0000 - 0x00007fff2c531000 	C:\Windows\System32\WS2_32.dll
0x00007fff29180000 - 0x00007fff29198000 	C:\Windows\SYSTEM32\kernel.appcore.dll
0x00007ffed2bf0000 - 0x00007ffed2c00000 	C:\Program Files\Eclipse Adoptium\jdk-11.0.17.8-hotspot\bin\verify.dll
0x00007fff2a250000 - 0x00007fff2a47e000 	C:\Windows\SYSTEM32\DBGHELP.DLL
0x00007fff2b920000 - 0x00007fff2bcaa000 	C:\Windows\System32\combase.dll
0x00007fff2d3a0000 - 0x00007fff2d477000 	C:\Windows\System32\OLEAUT32.dll
0x00007fff2a110000 - 0x00007fff2a142000 	C:\Windows\SYSTEM32\dbgcore.DLL
0x00007fff2ab30000 - 0x00007fff2abab000 	C:\Windows\System32\bcryptPrimitives.dll
0x00007ffebb2c0000 - 0x00007ffebb2e8000 	C:\Program Files\Eclipse Adoptium\jdk-11.0.17.8-hotspot\bin\java.dll
0x00007ffed15e0000 - 0x00007ffed15ea000 	C:\Program Files\Eclipse Adoptium\jdk-11.0.17.8-hotspot\bin\jimage.dll
0x00007ffebb2a0000 - 0x00007ffebb2b8000 	C:\Program Files\Eclipse Adoptium\jdk-11.0.17.8-hotspot\bin\zip.dll
0x00007fff2cbb0000 - 0x00007fff2d39f000 	C:\Windows\System32\SHELL32.dll
0x00007fff27fc0000 - 0x00007fff28888000 	C:\Windows\SYSTEM32\windows.storage.dll
0x00007fff27e80000 - 0x00007fff27fbe000 	C:\Windows\SYSTEM32\wintypes.dll
0x00007fff2b700000 - 0x00007fff2b7f1000 	C:\Windows\System32\SHCORE.dll
0x00007fff2cb50000 - 0x00007fff2cbae000 	C:\Windows\System32\shlwapi.dll
0x00007fff2a900000 - 0x00007fff2a921000 	C:\Windows\SYSTEM32\profapi.dll
0x00007ffeba4e0000 - 0x00007ffeba4f9000 	C:\Program Files\Eclipse Adoptium\jdk-11.0.17.8-hotspot\bin\net.dll
0x00007fff23cd0000 - 0x00007fff23dff000 	C:\Windows\SYSTEM32\WINHTTP.dll
0x00007fff29790000 - 0x00007fff297f9000 	C:\Windows\system32\mswsock.dll
0x00007ffeba4c0000 - 0x00007ffeba4d3000 	C:\Program Files\Eclipse Adoptium\jdk-11.0.17.8-hotspot\bin\nio.dll
0x00007ffeba490000 - 0x00007ffeba4b7000 	C:\Users\carri\.gradle\native\e1d6ef7f7dcc3fd88c89a11ec53ec762bb8ba0a96d01ffa2cd45eb1d1d8dd5c5\windows-amd64\native-platform.dll
0x00007fff27030000 - 0x00007fff2703a000 	C:\Users\carri\.gradle\native\jansi\1.18\windows64\jansi.dll
0x00007ffecbf10000 - 0x00007ffecbf19000 	C:\Program Files\Eclipse Adoptium\jdk-11.0.17.8-hotspot\bin\management.dll
0x00007ffebb290000 - 0x00007ffebb29b000 	C:\Program Files\Eclipse Adoptium\jdk-11.0.17.8-hotspot\bin\management_ext.dll
0x00007fff2a570000 - 0x00007fff2a58b000 	C:\Windows\SYSTEM32\CRYPTSP.dll
0x00007fff29280000 - 0x00007fff292b5000 	C:\Windows\system32\rsaenh.dll
0x00007fff29a00000 - 0x00007fff29a28000 	C:\Windows\SYSTEM32\USERENV.dll
0x00007fff2a220000 - 0x00007fff2a248000 	C:\Windows\SYSTEM32\bcrypt.dll
0x00007fff29a30000 - 0x00007fff29a3c000 	C:\Windows\SYSTEM32\CRYPTBASE.dll
0x00007fff28ce0000 - 0x00007fff28d0d000 	C:\Windows\SYSTEM32\IPHLPAPI.DLL
0x00007fff2c190000 - 0x00007fff2c199000 	C:\Windows\System32\NSI.dll
0x00007fff23410000 - 0x00007fff23429000 	C:\Windows\SYSTEM32\dhcpcsvc6.DLL
0x00007fff23350000 - 0x00007fff2336f000 	C:\Windows\SYSTEM32\dhcpcsvc.DLL
0x00007fff28d10000 - 0x00007fff28e02000 	C:\Windows\SYSTEM32\DNSAPI.dll

dbghelp: loaded successfully - version: 4.0.5 - missing functions: none
symbol engine: initialized successfully - sym options: 0x614 - pdb path: .;C:\Program Files\Eclipse Adoptium\jdk-11.0.17.8-hotspot\bin;C:\Windows\SYSTEM32;C:\Windows\WinSxS\amd64_microsoft.windows.common-controls_6595b64144ccf1df_6.0.22621.608_none_a9444ca7c10bb01d;C:\Program Files\Eclipse Adoptium\jdk-11.0.17.8-hotspot\bin\server;C:\Users\carri\.gradle\native\e1d6ef7f7dcc3fd88c89a11ec53ec762bb8ba0a96d01ffa2cd45eb1d1d8dd5c5\windows-amd64;C:\Users\carri\.gradle\native\jansi\1.18\windows64

VM Arguments:
jvm_args: -Xmx64m -Xms64m -Dorg.gradle.appname=gradlew 
java_command: org.gradle.wrapper.GradleWrapperMain app:installDebug -PreactNativeDevServerPort=8081
java_class_path (initial): C:\Users\carri\ReactNative_Projects\ReactNativeElements\android\\gradle\wrapper\gradle-wrapper.jar
Launcher Type: SUN_STANDARD

[Global flags]
     intx CICompilerCount                          = 3                                         {product} {ergonomic}
     uint ConcGCThreads                            = 1                                         {product} {ergonomic}
     uint G1ConcRefinementThreads                  = 4                                         {product} {ergonomic}
   size_t G1HeapRegionSize                         = 1048576                                   {product} {ergonomic}
    uintx GCDrainStackTargetSize                   = 64                                        {product} {ergonomic}
   size_t InitialHeapSize                          = 67108864                                  {product} {command line}
   size_t MarkStackSize                            = 4194304                                   {product} {ergonomic}
   size_t MaxHeapSize                              = 67108864                                  {product} {command line}
   size_t MaxNewSize                               = 39845888                                  {product} {ergonomic}
   size_t MinHeapDeltaBytes                        = 1048576                                   {product} {ergonomic}
    uintx NonNMethodCodeHeapSize                   = 5830732                                {pd product} {ergonomic}
    uintx NonProfiledCodeHeapSize                  = 122913754                              {pd product} {ergonomic}
    uintx ProfiledCodeHeapSize                     = 122913754                              {pd product} {ergonomic}
    uintx ReservedCodeCacheSize                    = 251658240                              {pd product} {ergonomic}
     bool SegmentedCodeCache                       = true                                      {product} {ergonomic}
     bool UseCompressedClassPointers               = true                                 {lp64_product} {ergonomic}
     bool UseCompressedOops                        = true                                 {lp64_product} {ergonomic}
     bool UseG1GC                                  = true                                      {product} {ergonomic}
     bool UseLargePagesIndividualAllocation        = false                                  {pd product} {ergonomic}

Logging:
Log output configuration:
 #0: stdout all=warning uptime,level,tags
 #1: stderr all=off uptime,level,tags

Environment Variables:
CLASSPATH=C:\Users\carri\ReactNative_Projects\ReactNativeElements\android\\gradle\wrapper\gradle-wrapper.jar
PATH=C:\Users\carri\ReactNative_Projects\ReactNativeElements\android\node_modules\.bin;C:\Users\carri\ReactNative_Projects\ReactNativeElements\node_modules\.bin;C:\Users\carri\ReactNative_Projects\node_modules\.bin;C:\Users\carri\node_modules\.bin;C:\Users\node_modules\.bin;C:\node_modules\.bin;C:\Program Files\nodejs;C:\Users\carri\ReactNative_Projects\ReactNativeElements\node_modules\.bin;C:\Users\carri\ReactNative_Projects\ReactNativeElements\node_modules\.bin;C:\Users\carri\ReactNative_Projects\node_modules\.bin;C:\Users\carri\node_modules\.bin;C:\Users\node_modules\.bin;C:\node_modules\.bin;C:\Program Files\nodejs\node_modules\npm\node_modules\@npmcli\run-script\lib\node-gyp-bin;C:\Program Files (x86)\NVIDIA Corporation\PhysX\Common;C:\Program Files\Eclipse Adoptium\jdk-11.0.17.8-hotspot\bin;C:\ProgramData\Oracle\Java\javapath;C:\Windows\system32;C:\Windows;C:\Windows\System32\Wbem;C:\Windows\System32\WindowsPowerShell\v1.0\;C:\Windows\System32\OpenSSH\;C:\Program Files\nodejs\;C:\ProgramData\chocolatey\bin;%LOCALAPPDATA%\Android\Sdk\platform-tools;C:\Program Files\Docker\Docker\resources\bin;C:\Program Files\Git\cmd;C:\Users\carri\AppData\Local\Microsoft\WindowsApps;;C:\Users\carri\AppData\Local\Programs\Microsoft VS Code\bin;C:\Users\carri\AppData\Roaming\npm
USERNAME=carri
OS=Windows_NT
PROCESSOR_IDENTIFIER=Intel64 Family 6 Model 42 Stepping 7, GenuineIntel
TMP=C:\Users\carri\AppData\Local\Temp
TEMP=C:\Users\carri\AppData\Local\Temp



---------------  S Y S T E M  ---------------

OS: Windows 11 , 64 bit Build 22621 (10.0.22621.1105)
OS uptime: 0 days 0:25 hours
Hyper-V role detected

CPU:total 4 (initial active 4) (4 cores per cpu, 1 threads per core) family 6 model 42 stepping 7 microcode 0x2f, cmov, cx8, fxsr, mmx, sse, sse2, sse3, ssse3, sse4.1, sse4.2, popcnt, avx, aes, clmul, tsc, tscinvbit

Memory: 4k page, system-wide physical 16366M (11961M free)
TotalPageFile size 17390M (AvailPageFile size 12927M)
current process WorkingSet (physical memory assigned to process): 93M, peak: 93M
current process commit charge ("private bytes"): 163M, peak: 163M

vm_info: OpenJDK 64-Bit Server VM (11.0.17+8) for windows-amd64 JRE (11.0.17+8), built on Oct 19 2022 00:04:05 by "" with MS VC++ 15.9 (VS2017)

END.
